#
# A fatal error has been detected by the Java Runtime Environment:
#
#  SIGSEGV (0xb) at pc=0x00007f7cd4087da0, pid=11500, tid=140173091227392
#
# JRE version: OpenJDK Runtime Environment (7.0_79-b14) (build 1.7.0_79-b14)
# Java VM: OpenJDK 64-Bit Server VM (24.79-b02 mixed mode linux-amd64 compressed oops)
# Derivative: IcedTea 2.5.6
# Distribution: Ubuntu 14.04 LTS, package 7u79-2.5.6-0ubuntu1.14.04.1
# Problematic frame:
# C  [sqlite-3.8.11.1-048c68c8-76d3-40ae-b883-8dca9fbf2a28-libsqlitejdbc.so+0x15da0]
#
# Failed to write core dump. Core dumps have been disabled. To enable core dumping, try "ulimit -c unlimited" before starting Java again
#
# If you would like to submit a bug report, please include
# instructions on how to reproduce the bug and visit:
#   http://icedtea.classpath.org/bugzilla
# The crash happened outside the Java Virtual Machine in native code.
# See problematic frame for where to report the bug.
#

---------------  T H R E A D  ---------------

Current thread (0x00007f7ce0182000):  JavaThread "Thread-2" [_thread_in_native, id=12354, stack(0x00007f7c973f4000,0x00007f7c974f5000)]

siginfo:si_signo=SIGSEGV: si_errno=0, si_code=1 (SEGV_MAPERR), si_addr=0x0000000000000064

Registers:
RAX=0x0000000000000000, RBX=0x00000000b9aae430, RCX=0x0000000000000000, RDX=0x00007f7ce8cabe40
RSP=0x00007f7c974f2fa8, RBP=0x00007f7c974f3010, RSI=0x00007f7c974f3030, RDI=0x0000000000000000
R8 =0x0000000000000000, R9 =0x0000000000000001, R10=0x00007f7cdd019c33, R11=0x00007f7ce87242f0
R12=0x0000000000000000, R13=0x00000000b9aae430, R14=0x00007f7c974f3030, R15=0x00007f7ce0182000
RIP=0x00007f7cd4087da0, EFLAGS=0x0000000000010202, CSGSFS=0x0000000000000033, ERR=0x0000000000000004
  TRAPNO=0x000000000000000e

Top of Stack: (sp=0x00007f7c974f2fa8)
0x00007f7c974f2fa8:   00007f7cdd019c5f 0000000000000000
0x00007f7c974f2fb8:   00007f7cdd019709 0000000000000003
0x00007f7c974f2fc8:   00000000ec5de470 00007f7c974f2fc0
0x00007f7c974f2fd8:   00000000b9aae430 00007f7c974f3030
0x00007f7c974f2fe8:   00000000b9bb20b0 0000000000000000
0x00007f7c974f2ff8:   00000000b9aae430 0000000000000000
0x00007f7c974f3008:   00007f7c974f3030 00007f7c974f3078
0x00007f7c974f3018:   00007f7cdd006254 0000000000000000
0x00007f7c974f3028:   00007f7cdd012f36 00000000ec5de470
0x00007f7c974f3038:   00007f7c974f3038 00000000b9bcf575
0x00007f7c974f3048:   00007f7c974f30b0 00000000b9bf2ac8
0x00007f7c974f3058:   0000000000000000 00000000b9bcf618
0x00007f7c974f3068:   00007f7c974f3030 00007f7c974f30a8
0x00007f7c974f3078:   00007f7c974f30f8 00007f7cdd006902
0x00007f7c974f3088:   0000000000000000 0000000000000000
0x00007f7c974f3098:   0000000000000000 0000000000000000
0x00007f7c974f30a8:   00000000ec5df090 00000000ec5dee48
0x00007f7c974f30b8:   00007f7c974f30b8 00000000b9a753db
0x00007f7c974f30c8:   00007f7c974f3118 00000000b9a771b8
0x00007f7c974f30d8:   0000000000000000 00000000b9a75448
0x00007f7c974f30e8:   00007f7c974f30a8 00007f7c974f3118
0x00007f7c974f30f8:   00007f7c974f3160 00007f7cdd0060d8
0x00007f7c974f3108:   00000000ec5df090 00000000ec5dee48
0x00007f7c974f3118:   00000000ec569670 00007f7c974f3120
0x00007f7c974f3128:   00000000b9defa51 00007f7c974f3170
0x00007f7c974f3138:   00000000b9defe48 0000000000000000
0x00007f7c974f3148:   00000000b9defa70 00007f7c974f3118
0x00007f7c974f3158:   00007f7c974f3170 00007f7c974f31b8
0x00007f7c974f3168:   00007f7cdd0060d8 00000000ec569670
0x00007f7c974f3178:   00007f7c974f3178 00000000b9c5fd51
0x00007f7c974f3188:   00007f7c974f31f8 00000000b9c61a38
0x00007f7c974f3198:   0000000000000000 00000000b9c5ff50 

Instructions: (pc=0x00007f7cd4087da0)
0x00007f7cd4087d80:   48 8b 47 30 c3 0f 1f 44 00 00 66 0f 1f 44 00 00
0x00007f7cd4087d90:   8b 47 60 c3 66 0f 1f 44 00 00 66 0f 1f 44 00 00
0x00007f7cd4087da0:   8b 47 64 c3 66 0f 1f 44 00 00 66 0f 1f 44 00 00
0x00007f7cd4087db0:   53 48 8b b7 00 03 00 00 48 89 fb 48 85 f6 74 1f 

Register to memory mapping:

RAX=0x0000000000000000 is an unknown value
RBX=0x00000000b9aae430 is an oop
{method} 
 - klass: {other class}
RCX=0x0000000000000000 is an unknown value
RDX=0x00007f7ce8cabe40: <offset 0xde4e40> in /usr/lib/jvm/java-7-openjdk-amd64/jre/lib/amd64/server/libjvm.so at 0x00007f7ce7ec7000
RSP=0x00007f7c974f2fa8 is pointing into the stack for thread: 0x00007f7ce0182000
RBP=0x00007f7c974f3010 is pointing into the stack for thread: 0x00007f7ce0182000
RSI=0x00007f7c974f3030 is pointing into the stack for thread: 0x00007f7ce0182000
RDI=0x0000000000000000 is an unknown value
R8 =0x0000000000000000 is an unknown value
R9 =0x0000000000000001 is an unknown value
R10=0x00007f7cdd019c33 is at code_begin+1715 in an Interpreter codelet
method entry point (kind = native_synchronized)  [0x00007f7cdd019580, 0x00007f7cdd01a580]  4096 bytes
R11=0x00007f7ce87242f0: <offset 0x85d2f0> in /usr/lib/jvm/java-7-openjdk-amd64/jre/lib/amd64/server/libjvm.so at 0x00007f7ce7ec7000
R12=0x0000000000000000 is an unknown value
R13=0x00000000b9aae430 is an oop
{method} 
 - klass: {other class}
R14=0x00007f7c974f3030 is pointing into the stack for thread: 0x00007f7ce0182000
R15=0x00007f7ce0182000 is a thread


Stack: [0x00007f7c973f4000,0x00007f7c974f5000],  sp=0x00007f7c974f2fa8,  free space=1019k
Native frames: (J=compiled Java code, j=interpreted, Vv=VM code, C=native code)
C  [sqlite-3.8.11.1-048c68c8-76d3-40ae-b883-8dca9fbf2a28-libsqlitejdbc.so+0x15da0]
j  org.sqlite.jdbc3.JDBC3Statement.executeUpdate(Ljava/lang/String;)I+37
j  io.cloudboost.util.SqlLite.setSessionId(Ljava/lang/String;)V+59
j  io.cloudboost.PrivateMethod._setSessionId(Ljava/lang/String;)V+1
j  io.cloudboost.CloudObject.save(Lio/cloudboost/CloudObjectCallback;)V+193
j  io.cloudboost.CloudObjectTest.ShouldNotSaveWithoutRequiredColumn()V+23
v  ~StubRoutines::call_stub
V  [libjvm.so+0x5e80c9]  JavaCalls::call_helper(JavaValue*, methodHandle*, JavaCallArguments*, Thread*)+0x339
V  [libjvm.so+0x5e7b68]  JavaCalls::call(JavaValue*, methodHandle, JavaCallArguments*, Thread*)+0x28
V  [libjvm.so+0x840545]  Reflection::invoke(instanceKlassHandle, methodHandle, Handle, bool, objArrayHandle, BasicType, objArrayHandle, bool, Thread*)+0x4f5
V  [libjvm.so+0x841698]  Reflection::invoke_method(oopDesc*, Handle, objArrayHandle, Thread*)+0x188
V  [libjvm.so+0x633d70]  JVM_InvokeMethod+0x180
j  sun.reflect.NativeMethodAccessorImpl.invoke0(Ljava/lang/reflect/Method;Ljava/lang/Object;[Ljava/lang/Object;)Ljava/lang/Object;+0
j  sun.reflect.NativeMethodAccessorImpl.invoke(Ljava/lang/Object;[Ljava/lang/Object;)Ljava/lang/Object;+87
j  sun.reflect.DelegatingMethodAccessorImpl.invoke(Ljava/lang/Object;[Ljava/lang/Object;)Ljava/lang/Object;+6
j  java.lang.reflect.Method.invoke(Ljava/lang/Object;[Ljava/lang/Object;)Ljava/lang/Object;+57
j  org.junit.runners.model.FrameworkMethod$1.runReflectiveCall()Ljava/lang/Object;+15
j  org.junit.internal.runners.model.ReflectiveCallable.run()Ljava/lang/Object;+1
j  org.junit.runners.model.FrameworkMethod.invokeExplosively(Ljava/lang/Object;[Ljava/lang/Object;)Ljava/lang/Object;+10
j  org.junit.internal.runners.statements.InvokeMethod.evaluate()V+12
j  org.junit.internal.runners.statements.FailOnTimeout$1.run()V+7
v  ~StubRoutines::call_stub
V  [libjvm.so+0x5e80c9]  JavaCalls::call_helper(JavaValue*, methodHandle*, JavaCallArguments*, Thread*)+0x339
V  [libjvm.so+0x5e6f1e]  JavaCalls::call_virtual(JavaValue*, Handle, KlassHandle, Symbol*, Symbol*, Thread*)+0x20e
V  [libjvm.so+0x623391]  thread_entry(JavaThread*, Thread*)+0xd1
V  [libjvm.so+0x900f40]  JavaThread::thread_main_inner()+0xf0
V  [libjvm.so+0x9011b1]  JavaThread::run()+0x221
V  [libjvm.so+0x7c4f62]  java_start(Thread*)+0xf2

Java frames: (J=compiled Java code, j=interpreted, Vv=VM code)
j  org.sqlite.core.NativeDB.total_changes()I+0
j  org.sqlite.jdbc3.JDBC3Statement.executeUpdate(Ljava/lang/String;)I+37
j  io.cloudboost.util.SqlLite.setSessionId(Ljava/lang/String;)V+59
j  io.cloudboost.PrivateMethod._setSessionId(Ljava/lang/String;)V+1
j  io.cloudboost.CloudObject.save(Lio/cloudboost/CloudObjectCallback;)V+193
j  io.cloudboost.CloudObjectTest.ShouldNotSaveWithoutRequiredColumn()V+23
v  ~StubRoutines::call_stub
j  sun.reflect.NativeMethodAccessorImpl.invoke0(Ljava/lang/reflect/Method;Ljava/lang/Object;[Ljava/lang/Object;)Ljava/lang/Object;+0
j  sun.reflect.NativeMethodAccessorImpl.invoke(Ljava/lang/Object;[Ljava/lang/Object;)Ljava/lang/Object;+87
j  sun.reflect.DelegatingMethodAccessorImpl.invoke(Ljava/lang/Object;[Ljava/lang/Object;)Ljava/lang/Object;+6
j  java.lang.reflect.Method.invoke(Ljava/lang/Object;[Ljava/lang/Object;)Ljava/lang/Object;+57
j  org.junit.runners.model.FrameworkMethod$1.runReflectiveCall()Ljava/lang/Object;+15
j  org.junit.internal.runners.model.ReflectiveCallable.run()Ljava/lang/Object;+1
j  org.junit.runners.model.FrameworkMethod.invokeExplosively(Ljava/lang/Object;[Ljava/lang/Object;)Ljava/lang/Object;+10
j  org.junit.internal.runners.statements.InvokeMethod.evaluate()V+12
j  org.junit.internal.runners.statements.FailOnTimeout$1.run()V+7
v  ~StubRoutines::call_stub

---------------  P R O C E S S  ---------------

Java Threads: ( => current thread )
  0x00007f7c80001800 JavaThread "Hashed wheel timer #4" [_thread_blocked, id=12368, stack(0x00007f7c968e9000,0x00007f7c969ea000)]
  0x00007f7c5c109800 JavaThread "New I/O boss #18" [_thread_in_native, id=12366, stack(0x00007f7c969ea000,0x00007f7c96aeb000)]
  0x00007f7c5c0ea800 JavaThread "New I/O worker #17" daemon [_thread_in_native, id=12364, stack(0x00007f7c96aeb000,0x00007f7c96bec000)]
  0x00007f7c5c0cb800 JavaThread "New I/O worker #16" daemon [_thread_in_native, id=12362, stack(0x00007f7c96bec000,0x00007f7c96ced000)]
  0x00007f7c5c0ac000 JavaThread "New I/O worker #15" daemon [_thread_in_native, id=12361, stack(0x00007f7c96ced000,0x00007f7c96dee000)]
  0x00007f7c5c08d800 JavaThread "New I/O worker #14" daemon [_thread_in_native, id=12360, stack(0x00007f7c96dee000,0x00007f7c96eef000)]
  0x00007f7c5c06d800 JavaThread "New I/O worker #13" daemon [_thread_in_native, id=12359, stack(0x00007f7c96eef000,0x00007f7c96ff0000)]
  0x00007f7c5c04e800 JavaThread "New I/O worker #12" daemon [_thread_in_native, id=12358, stack(0x00007f7c96ff0000,0x00007f7c970f1000)]
  0x00007f7c5c02f800 JavaThread "New I/O worker #11" daemon [_thread_in_native, id=12357, stack(0x00007f7c970f1000,0x00007f7c971f2000)]
  0x00007f7c5c010800 JavaThread "New I/O worker #10" daemon [_thread_in_native, id=12356, stack(0x00007f7c971f2000,0x00007f7c972f3000)]
  0x00007f7c5c001800 JavaThread "Hashed wheel timer #3" [_thread_blocked, id=12355, stack(0x00007f7c972f3000,0x00007f7c973f4000)]
=>0x00007f7ce0182000 JavaThread "Thread-2" [_thread_in_native, id=12354, stack(0x00007f7c973f4000,0x00007f7c974f5000)]
  0x00007f7c64001800 JavaThread "Hashed wheel timer #2" [_thread_blocked, id=12285, stack(0x00007f7c974f5000,0x00007f7c975f6000)]
  0x00007f7c901d9800 JavaThread "New I/O boss #9" [_thread_in_native, id=12233, stack(0x00007f7c975f6000,0x00007f7c976f7000)]
  0x00007f7c901c6800 JavaThread "New I/O worker #8" daemon [_thread_in_native, id=12226, stack(0x00007f7c976f7000,0x00007f7c977f8000)]
  0x00007f7c9008b000 JavaThread "New I/O worker #7" daemon [_thread_in_native, id=12225, stack(0x00007f7c977f8000,0x00007f7c978f9000)]
  0x00007f7c90089800 JavaThread "New I/O worker #6" daemon [_thread_in_native, id=12224, stack(0x00007f7c978f9000,0x00007f7c979fa000)]
  0x00007f7c900ae800 JavaThread "New I/O worker #5" daemon [_thread_in_native, id=12223, stack(0x00007f7c979fa000,0x00007f7c97afb000)]
  0x00007f7c90088000 JavaThread "New I/O worker #4" daemon [_thread_in_native, id=12222, stack(0x00007f7c97afb000,0x00007f7c97bfc000)]
  0x00007f7c90086800 JavaThread "New I/O worker #3" daemon [_thread_in_native, id=12221, stack(0x00007f7c97bfc000,0x00007f7c97cfd000)]
  0x00007f7c900d0800 JavaThread "New I/O worker #2" daemon [_thread_in_native, id=12212, stack(0x00007f7c97cfd000,0x00007f7c97dfe000)]
  0x00007f7c90085800 JavaThread "New I/O worker #1" daemon [_thread_in_native, id=12210, stack(0x00007f7c97dfe000,0x00007f7c97eff000)]
  0x00007f7c900b1000 JavaThread "Hashed wheel timer #1" [_thread_blocked, id=12172, stack(0x00007f7c97eff000,0x00007f7c98000000)]
  0x00007f7ce01da800 JavaThread "ReaderThread" [_thread_in_native, id=11896, stack(0x00007f7cd4643000,0x00007f7cd4744000)]
  0x00007f7ce00c1000 JavaThread "Service Thread" daemon [_thread_blocked, id=11797, stack(0x00007f7cdc1ef000,0x00007f7cdc2f0000)]
  0x00007f7ce00be800 JavaThread "C2 CompilerThread1" daemon [_thread_blocked, id=11796, stack(0x00007f7cdc2f0000,0x00007f7cdc3f1000)]
  0x00007f7ce00bb800 JavaThread "C2 CompilerThread0" daemon [_thread_blocked, id=11794, stack(0x00007f7cdc3f1000,0x00007f7cdc4f2000)]
  0x00007f7cb0001000 JavaThread "JDWP Command Reader" daemon [_thread_in_native, id=11776, stack(0x00007f7cdc4f2000,0x00007f7cdc5f3000)]
  0x00007f7ce00b9800 JavaThread "JDWP Event Helper Thread" daemon [_thread_blocked, id=11775, stack(0x00007f7cdc5f3000,0x00007f7cdc6f4000)]
  0x00007f7ce00b5800 JavaThread "JDWP Transport Listener: dt_socket" daemon [_thread_blocked, id=11774, stack(0x00007f7cdc6f4000,0x00007f7cdc7f5000)]
  0x00007f7ce00a8800 JavaThread "Signal Dispatcher" daemon [_thread_blocked, id=11768, stack(0x00007f7cdc9fa000,0x00007f7cdcafb000)]
  0x00007f7ce007f000 JavaThread "Finalizer" daemon [_thread_blocked, id=11696, stack(0x00007f7cdcafb000,0x00007f7cdcbfc000)]
  0x00007f7ce007d000 JavaThread "Reference Handler" daemon [_thread_blocked, id=11692, stack(0x00007f7cdcbfc000,0x00007f7cdccfd000)]
  0x00007f7ce000d000 JavaThread "main" [_thread_blocked, id=11554, stack(0x00007f7ce99d2000,0x00007f7ce9ad3000)]

Other Threads:
  0x00007f7ce0078800 VMThread [stack: 0x00007f7cdccfd000,0x00007f7cdcdfe000] [id=11687]
  0x00007f7ce00c3800 WatcherThread [stack: 0x00007f7cdc0ee000,0x00007f7cdc1ef000] [id=11798]

VM state:not at safepoint (normal execution)

VM Mutex/Monitor currently owned by a thread: None

Heap
 PSYoungGen      total 18432K, used 10356K [0x00000000ebe80000, 0x00000000ed300000, 0x0000000100000000)
  eden space 15872K, 50% used [0x00000000ebe80000,0x00000000ec642cd8,0x00000000ece00000)
  from space 2560K, 94% used [0x00000000ece00000,0x00000000ed05a4d8,0x00000000ed080000)
  to   space 2560K, 0% used [0x00000000ed080000,0x00000000ed080000,0x00000000ed300000)
 ParOldGen       total 40960K, used 0K [0x00000000c3c00000, 0x00000000c6400000, 0x00000000ebe80000)
  object space 40960K, 0% used [0x00000000c3c00000,0x00000000c3c00000,0x00000000c6400000)
 PSPermGen       total 21504K, used 9156K [0x00000000b9600000, 0x00000000bab00000, 0x00000000c3c00000)
  object space 21504K, 42% used [0x00000000b9600000,0x00000000b9ef1388,0x00000000bab00000)

Card table byte_map: [0x00007f7ce58c4000,0x00007f7ce5afa000] byte_map_base: 0x00007f7ce52f9000

Polling page: 0x00007f7ce9af8000

Code Cache  [0x00007f7cdd000000, 0x00007f7cdd270000, 0x00007f7ce0000000)
 total_blobs=295 nmethods=34 adapters=222 free_code_cache=48646Kb largest_free_block=49796416

Compilation events (10 events):
Event: 21.898 Thread 0x00007f7ce00be800   30             java.lang.String::<init> (67 bytes)
Event: 21.905 Thread 0x00007f7ce00be800 nmethod 30 0x00007f7cdd0737d0 code [0x00007f7cdd073920, 0x00007f7cdd073c38]
Event: 22.170 Thread 0x00007f7ce00bb800   31             java.lang.StringBuilder::append (8 bytes)
Event: 22.171 Thread 0x00007f7ce00bb800 nmethod 31 0x00007f7cdd07e190 code [0x00007f7cdd07e2e0, 0x00007f7cdd07e368]
Event: 22.724 Thread 0x00007f7ce00be800   32             java.lang.String::equals (81 bytes)
Event: 22.731 Thread 0x00007f7ce00be800 nmethod 32 0x00007f7cdd075b10 code [0x00007f7cdd075c60, 0x00007f7cdd075f78]
Event: 23.329 Thread 0x00007f7ce00bb800   33             java.lang.Character::toLowerCase (9 bytes)
Event: 23.331 Thread 0x00007f7ce00bb800 nmethod 33 0x00007f7cdd0756d0 code [0x00007f7cdd075820, 0x00007f7cdd075978]
Event: 23.331 Thread 0x00007f7ce00bb800   34             java.lang.CharacterDataLatin1::toLowerCase (39 bytes)
Event: 23.332 Thread 0x00007f7ce00bb800 nmethod 34 0x00007f7cdd07dd10 code [0x00007f7cdd07de40, 0x00007f7cdd07def8]

GC Heap History (2 events):
Event: 21.932 GC heap before
{Heap before GC invocations=1 (full 0):
 PSYoungGen      total 18432K, used 15872K [0x00000000ebe80000, 0x00000000ed300000, 0x0000000100000000)
  eden space 15872K, 100% used [0x00000000ebe80000,0x00000000ece00000,0x00000000ece00000)
  from space 2560K, 0% used [0x00000000ed080000,0x00000000ed080000,0x00000000ed300000)
  to   space 2560K, 0% used [0x00000000ece00000,0x00000000ece00000,0x00000000ed080000)
 ParOldGen       total 40960K, used 0K [0x00000000c3c00000, 0x00000000c6400000, 0x00000000ebe80000)
  object space 40960K, 0% used [0x00000000c3c00000,0x00000000c3c00000,0x00000000c6400000)
 PSPermGen       total 21504K, used 7702K [0x00000000b9600000, 0x00000000bab00000, 0x00000000c3c00000)
  object space 21504K, 35% used [0x00000000b9600000,0x00000000b9d858e0,0x00000000bab00000)
Event: 21.939 GC heap after
Heap after GC invocations=1 (full 0):
 PSYoungGen      total 18432K, used 2409K [0x00000000ebe80000, 0x00000000ed300000, 0x0000000100000000)
  eden space 15872K, 0% used [0x00000000ebe80000,0x00000000ebe80000,0x00000000ece00000)
  from space 2560K, 94% used [0x00000000ece00000,0x00000000ed05a4d8,0x00000000ed080000)
  to   space 2560K, 0% used [0x00000000ed080000,0x00000000ed080000,0x00000000ed300000)
 ParOldGen       total 40960K, used 0K [0x00000000c3c00000, 0x00000000c6400000, 0x00000000ebe80000)
  object space 40960K, 0% used [0x00000000c3c00000,0x00000000c3c00000,0x00000000c6400000)
 PSPermGen       total 21504K, used 7702K [0x00000000b9600000, 0x00000000bab00000, 0x00000000c3c00000)
  object space 21504K, 35% used [0x00000000b9600000,0x00000000b9d858e0,0x00000000bab00000)
}

Deoptimization events (3 events):
Event: 18.478 Thread 0x00007f7ce0180000 Uncommon trap: reason=class_check action=maybe_recompile pc=0x00007f7cdd06e240 method=java.util.Properties$LineReader.readLine()I @ 62
Event: 18.478 Thread 0x00007f7ce0180000 Uncommon trap: reason=class_check action=maybe_recompile pc=0x00007f7cdd06e240 method=java.util.Properties$LineReader.readLine()I @ 62
Event: 22.350 Thread 0x00007f7ce0180000 Uncommon trap: reason=null_check action=make_not_entrant pc=0x00007f7cdd067678 method=java.lang.String.equals(Ljava/lang/Object;)Z @ 8

Internal exceptions (10 events):
Event: 27.637 Thread 0x00007f7c90085800 Threw 0x00000000ec5f5b60 at /build/openjdk-7-FO0dNI/openjdk-7-7u79-2.5.6/build/openjdk/hotspot/src/share/vm/prims/jvm.cpp:1284
Event: 27.639 Thread 0x00007f7c90085800 Threw 0x00000000ec5fbf18 at /build/openjdk-7-FO0dNI/openjdk-7-7u79-2.5.6/build/openjdk/hotspot/src/share/vm/prims/jvm.cpp:1284
Event: 27.639 Thread 0x00007f7c90085800 Threw 0x00000000ec6023b0 at /build/openjdk-7-FO0dNI/openjdk-7-7u79-2.5.6/build/openjdk/hotspot/src/share/vm/prims/jvm.cpp:1284
Event: 27.642 Thread 0x00007f7c90085800 Threw 0x00000000ec6085a0 at /build/openjdk-7-FO0dNI/openjdk-7-7u79-2.5.6/build/openjdk/hotspot/src/share/vm/prims/jvm.cpp:1284
Event: 27.644 Thread 0x00007f7c90085800 Threw 0x00000000ec60e9e8 at /build/openjdk-7-FO0dNI/openjdk-7-7u79-2.5.6/build/openjdk/hotspot/src/share/vm/prims/jvm.cpp:1284
Event: 27.645 Thread 0x00007f7c90085800 Threw 0x00000000ec614c98 at /build/openjdk-7-FO0dNI/openjdk-7-7u79-2.5.6/build/openjdk/hotspot/src/share/vm/prims/jvm.cpp:1284
Event: 27.646 Thread 0x00007f7c90085800 Threw 0x00000000ec61bf98 at /build/openjdk-7-FO0dNI/openjdk-7-7u79-2.5.6/build/openjdk/hotspot/src/share/vm/prims/jvm.cpp:1284
Event: 27.647 Thread 0x00007f7c90085800 Threw 0x00000000ec622678 at /build/openjdk-7-FO0dNI/openjdk-7-7u79-2.5.6/build/openjdk/hotspot/src/share/vm/prims/jvm.cpp:1284
Event: 27.649 Thread 0x00007f7c90085800 Threw 0x00000000ec62b220 at /build/openjdk-7-FO0dNI/openjdk-7-7u79-2.5.6/build/openjdk/hotspot/src/share/vm/prims/jvm.cpp:1284
Event: 27.650 Thread 0x00007f7c90085800 Threw 0x00000000ec632f10 at /build/openjdk-7-FO0dNI/openjdk-7-7u79-2.5.6/build/openjdk/hotspot/src/share/vm/prims/jvm.cpp:1284

Events (10 events):
Event: 27.647 loading class 0x00007f7c901fa5b0
Event: 27.647 loading class 0x00007f7c901fa5b0 done
Event: 27.649 loading class 0x00007f7c840078c0
Event: 27.649 loading class 0x00007f7c840078c0 done
Event: 27.650 loading class 0x00007f7c84007870
Event: 27.650 loading class 0x00007f7c84007870 done
Event: 27.678 loading class 0x00007f7c8400dbe0
Event: 27.678 loading class 0x00007f7c8400dbe0 done
Event: 30.681 Executing VM operation: RevokeBias
Event: 30.681 Executing VM operation: RevokeBias done


Dynamic libraries:
00400000-00401000 r-xp 00000000 08:07 882339                             /usr/lib/jvm/java-7-openjdk-amd64/jre/bin/java
00600000-00601000 r--p 00000000 08:07 882339                             /usr/lib/jvm/java-7-openjdk-amd64/jre/bin/java
00601000-00602000 rw-p 00001000 08:07 882339                             /usr/lib/jvm/java-7-openjdk-amd64/jre/bin/java
0215e000-0217f000 rw-p 00000000 00:00 0                                  [heap]
b9600000-bab00000 rw-p 00000000 00:00 0 
bab00000-c3c00000 rw-p 00000000 00:00 0 
c3c00000-c6400000 rw-p 00000000 00:00 0 
c6400000-ebe80000 rw-p 00000000 00:00 0 
ebe80000-ed300000 rw-p 00000000 00:00 0 
ed300000-100000000 rw-p 00000000 00:00 0 
7f7c5c000000-7f7c5c141000 rw-p 00000000 00:00 0 
7f7c5c141000-7f7c60000000 ---p 00000000 00:00 0 
7f7c60000000-7f7c60021000 rw-p 00000000 00:00 0 
7f7c60021000-7f7c64000000 ---p 00000000 00:00 0 
7f7c64000000-7f7c64021000 rw-p 00000000 00:00 0 
7f7c64021000-7f7c68000000 ---p 00000000 00:00 0 
7f7c68000000-7f7c68021000 rw-p 00000000 00:00 0 
7f7c68021000-7f7c6c000000 ---p 00000000 00:00 0 
7f7c6c000000-7f7c6c021000 rw-p 00000000 00:00 0 
7f7c6c021000-7f7c70000000 ---p 00000000 00:00 0 
7f7c70000000-7f7c70021000 rw-p 00000000 00:00 0 
7f7c70021000-7f7c74000000 ---p 00000000 00:00 0 
7f7c74000000-7f7c74021000 rw-p 00000000 00:00 0 
7f7c74021000-7f7c78000000 ---p 00000000 00:00 0 
7f7c78000000-7f7c78021000 rw-p 00000000 00:00 0 
7f7c78021000-7f7c7c000000 ---p 00000000 00:00 0 
7f7c7c000000-7f7c7c021000 rw-p 00000000 00:00 0 
7f7c7c021000-7f7c80000000 ---p 00000000 00:00 0 
7f7c80000000-7f7c80021000 rw-p 00000000 00:00 0 
7f7c80021000-7f7c84000000 ---p 00000000 00:00 0 
7f7c84000000-7f7c8403c000 rw-p 00000000 00:00 0 
7f7c8403c000-7f7c88000000 ---p 00000000 00:00 0 
7f7c88000000-7f7c88021000 rw-p 00000000 00:00 0 
7f7c88021000-7f7c8c000000 ---p 00000000 00:00 0 
7f7c8c000000-7f7c8c021000 rw-p 00000000 00:00 0 
7f7c8c021000-7f7c90000000 ---p 00000000 00:00 0 
7f7c90000000-7f7c90265000 rw-p 00000000 00:00 0 
7f7c90265000-7f7c94000000 ---p 00000000 00:00 0 
7f7c966af000-7f7c968e9000 rw-p 00000000 00:00 0 
7f7c968e9000-7f7c968ec000 ---p 00000000 00:00 0 
7f7c968ec000-7f7c969ea000 rw-p 00000000 00:00 0                          [stack:12368]
7f7c969ea000-7f7c969ed000 ---p 00000000 00:00 0 
7f7c969ed000-7f7c96aeb000 rw-p 00000000 00:00 0                          [stack:12366]
7f7c96aeb000-7f7c96aee000 ---p 00000000 00:00 0 
7f7c96aee000-7f7c96bec000 rw-p 00000000 00:00 0                          [stack:12364]
7f7c96bec000-7f7c96bef000 ---p 00000000 00:00 0 
7f7c96bef000-7f7c96ced000 rw-p 00000000 00:00 0                          [stack:12362]
7f7c96ced000-7f7c96cf0000 ---p 00000000 00:00 0 
7f7c96cf0000-7f7c96dee000 rw-p 00000000 00:00 0                          [stack:12361]
7f7c96dee000-7f7c96df1000 ---p 00000000 00:00 0 
7f7c96df1000-7f7c96eef000 rw-p 00000000 00:00 0                          [stack:12360]
7f7c96eef000-7f7c96ef2000 ---p 00000000 00:00 0 
7f7c96ef2000-7f7c96ff0000 rw-p 00000000 00:00 0                          [stack:12359]
7f7c96ff0000-7f7c96ff3000 ---p 00000000 00:00 0 
7f7c96ff3000-7f7c970f1000 rw-p 00000000 00:00 0                          [stack:12358]
7f7c970f1000-7f7c970f4000 ---p 00000000 00:00 0 
7f7c970f4000-7f7c971f2000 rw-p 00000000 00:00 0                          [stack:12357]
7f7c971f2000-7f7c971f5000 ---p 00000000 00:00 0 
7f7c971f5000-7f7c972f3000 rw-p 00000000 00:00 0                          [stack:12356]
7f7c972f3000-7f7c972f6000 ---p 00000000 00:00 0 
7f7c972f6000-7f7c973f4000 rw-p 00000000 00:00 0                          [stack:12355]
7f7c973f4000-7f7c973f7000 ---p 00000000 00:00 0 
7f7c973f7000-7f7c974f5000 rw-p 00000000 00:00 0                          [stack:12354]
7f7c974f5000-7f7c974f8000 ---p 00000000 00:00 0 
7f7c974f8000-7f7c975f6000 rw-p 00000000 00:00 0                          [stack:12285]
7f7c975f6000-7f7c975f9000 ---p 00000000 00:00 0 
7f7c975f9000-7f7c976f7000 rw-p 00000000 00:00 0                          [stack:12233]
7f7c976f7000-7f7c976fa000 ---p 00000000 00:00 0 
7f7c976fa000-7f7c977f8000 rw-p 00000000 00:00 0                          [stack:12226]
7f7c977f8000-7f7c977fb000 ---p 00000000 00:00 0 
7f7c977fb000-7f7c978f9000 rw-p 00000000 00:00 0                          [stack:12225]
7f7c978f9000-7f7c978fc000 ---p 00000000 00:00 0 
7f7c978fc000-7f7c979fa000 rw-p 00000000 00:00 0                          [stack:12224]
7f7c979fa000-7f7c979fd000 ---p 00000000 00:00 0 
7f7c979fd000-7f7c97afb000 rw-p 00000000 00:00 0                          [stack:12223]
7f7c97afb000-7f7c97afe000 ---p 00000000 00:00 0 
7f7c97afe000-7f7c97bfc000 rw-p 00000000 00:00 0                          [stack:12222]
7f7c97bfc000-7f7c97bff000 ---p 00000000 00:00 0 
7f7c97bff000-7f7c97cfd000 rw-p 00000000 00:00 0                          [stack:12221]
7f7c97cfd000-7f7c97d00000 ---p 00000000 00:00 0 
7f7c97d00000-7f7c97dfe000 rw-p 00000000 00:00 0                          [stack:12212]
7f7c97dfe000-7f7c97e01000 ---p 00000000 00:00 0 
7f7c97e01000-7f7c97eff000 rw-p 00000000 00:00 0                          [stack:12210]
7f7c97eff000-7f7c97f02000 ---p 00000000 00:00 0 
7f7c97f02000-7f7c98000000 rw-p 00000000 00:00 0                          [stack:12172]
7f7c98000000-7f7c98021000 rw-p 00000000 00:00 0 
7f7c98021000-7f7c9c000000 ---p 00000000 00:00 0 
7f7c9c000000-7f7c9c021000 rw-p 00000000 00:00 0 
7f7c9c021000-7f7ca0000000 ---p 00000000 00:00 0 
7f7ca0000000-7f7ca0245000 rw-p 00000000 00:00 0 
7f7ca0245000-7f7ca4000000 ---p 00000000 00:00 0 
7f7ca4000000-7f7ca4021000 rw-p 00000000 00:00 0 
7f7ca4021000-7f7ca8000000 ---p 00000000 00:00 0 
7f7ca8000000-7f7ca8021000 rw-p 00000000 00:00 0 
7f7ca8021000-7f7cac000000 ---p 00000000 00:00 0 
7f7cac000000-7f7cac221000 rw-p 00000000 00:00 0 
7f7cac221000-7f7cb0000000 ---p 00000000 00:00 0 
7f7cb0000000-7f7cb0021000 rw-p 00000000 00:00 0 
7f7cb0021000-7f7cb4000000 ---p 00000000 00:00 0 
7f7cb4000000-7f7cb4021000 rw-p 00000000 00:00 0 
7f7cb4021000-7f7cb8000000 ---p 00000000 00:00 0 
7f7cb8000000-7f7cb8021000 rw-p 00000000 00:00 0 
7f7cb8021000-7f7cbc000000 ---p 00000000 00:00 0 
7f7cbc000000-7f7cbc021000 rw-p 00000000 00:00 0 
7f7cbc021000-7f7cc0000000 ---p 00000000 00:00 0 
7f7cc0000000-7f7cc0021000 rw-p 00000000 00:00 0 
7f7cc0021000-7f7cc4000000 ---p 00000000 00:00 0 
7f7cc4000000-7f7cc4021000 rw-p 00000000 00:00 0 
7f7cc4021000-7f7cc8000000 ---p 00000000 00:00 0 
7f7cc8000000-7f7cc8021000 rw-p 00000000 00:00 0 
7f7cc8021000-7f7ccc000000 ---p 00000000 00:00 0 
7f7ccc000000-7f7ccc021000 rw-p 00000000 00:00 0 
7f7ccc021000-7f7cd0000000 ---p 00000000 00:00 0 
7f7cd0000000-7f7cd0021000 rw-p 00000000 00:00 0 
7f7cd0021000-7f7cd4000000 ---p 00000000 00:00 0 
7f7cd4072000-7f7cd412b000 r-xp 00000000 08:07 132028                     /tmp/sqlite-3.8.11.1-048c68c8-76d3-40ae-b883-8dca9fbf2a28-libsqlitejdbc.so
7f7cd412b000-7f7cd432b000 ---p 000b9000 08:07 132028                     /tmp/sqlite-3.8.11.1-048c68c8-76d3-40ae-b883-8dca9fbf2a28-libsqlitejdbc.so
7f7cd432b000-7f7cd4330000 rw-p 000b9000 08:07 132028                     /tmp/sqlite-3.8.11.1-048c68c8-76d3-40ae-b883-8dca9fbf2a28-libsqlitejdbc.so
7f7cd4330000-7f7cd4340000 r-xp 00000000 08:07 843487                     /usr/lib/jvm/java-7-openjdk-amd64/jre/lib/amd64/libnio.so
7f7cd4340000-7f7cd4540000 ---p 00010000 08:07 843487                     /usr/lib/jvm/java-7-openjdk-amd64/jre/lib/amd64/libnio.so
7f7cd4540000-7f7cd4541000 r--p 00010000 08:07 843487                     /usr/lib/jvm/java-7-openjdk-amd64/jre/lib/amd64/libnio.so
7f7cd4541000-7f7cd4542000 rw-p 00011000 08:07 843487                     /usr/lib/jvm/java-7-openjdk-amd64/jre/lib/amd64/libnio.so
7f7cd4542000-7f7cd4545000 ---p 00000000 00:00 0 
7f7cd4545000-7f7cd4643000 rw-p 00000000 00:00 0 
7f7cd4643000-7f7cd4646000 ---p 00000000 00:00 0 
7f7cd4646000-7f7cd4744000 rw-p 00000000 00:00 0                          [stack:11896]
7f7cd4744000-7f7cd4781000 r-xp 00000000 08:07 790888                     /lib/x86_64-linux-gnu/libpcre.so.3.13.1
7f7cd4781000-7f7cd4980000 ---p 0003d000 08:07 790888                     /lib/x86_64-linux-gnu/libpcre.so.3.13.1
7f7cd4980000-7f7cd4981000 r--p 0003c000 08:07 790888                     /lib/x86_64-linux-gnu/libpcre.so.3.13.1
7f7cd4981000-7f7cd4982000 rw-p 0003d000 08:07 790888                     /lib/x86_64-linux-gnu/libpcre.so.3.13.1
7f7cd4982000-7f7cd4989000 r-xp 00000000 08:07 925009                     /usr/lib/x86_64-linux-gnu/libffi.so.6.0.1
7f7cd4989000-7f7cd4b88000 ---p 00007000 08:07 925009                     /usr/lib/x86_64-linux-gnu/libffi.so.6.0.1
7f7cd4b88000-7f7cd4b89000 r--p 00006000 08:07 925009                     /usr/lib/x86_64-linux-gnu/libffi.so.6.0.1
7f7cd4b89000-7f7cd4b8a000 rw-p 00007000 08:07 925009                     /usr/lib/x86_64-linux-gnu/libffi.so.6.0.1
7f7cd4b8a000-7f7cd4ba1000 r-xp 00000000 08:07 801319                     /lib/x86_64-linux-gnu/libresolv-2.19.so
7f7cd4ba1000-7f7cd4da1000 ---p 00017000 08:07 801319                     /lib/x86_64-linux-gnu/libresolv-2.19.so
7f7cd4da1000-7f7cd4da2000 r--p 00017000 08:07 801319                     /lib/x86_64-linux-gnu/libresolv-2.19.so
7f7cd4da2000-7f7cd4da3000 rw-p 00018000 08:07 801319                     /lib/x86_64-linux-gnu/libresolv-2.19.so
7f7cd4da3000-7f7cd4da5000 rw-p 00000000 00:00 0 
7f7cd4da5000-7f7cd4dc5000 r-xp 00000000 08:07 808540                     /lib/x86_64-linux-gnu/libselinux.so.1
7f7cd4dc5000-7f7cd4fc4000 ---p 00020000 08:07 808540                     /lib/x86_64-linux-gnu/libselinux.so.1
7f7cd4fc4000-7f7cd4fc5000 r--p 0001f000 08:07 808540                     /lib/x86_64-linux-gnu/libselinux.so.1
7f7cd4fc5000-7f7cd4fc6000 rw-p 00020000 08:07 808540                     /lib/x86_64-linux-gnu/libselinux.so.1
7f7cd4fc6000-7f7cd4fc8000 rw-p 00000000 00:00 0 
7f7cd4fc8000-7f7cd4fcb000 r-xp 00000000 08:07 1018887                    /usr/lib/x86_64-linux-gnu/libgmodule-2.0.so.0.4002.0
7f7cd4fcb000-7f7cd51ca000 ---p 00003000 08:07 1018887                    /usr/lib/x86_64-linux-gnu/libgmodule-2.0.so.0.4002.0
7f7cd51ca000-7f7cd51cb000 r--p 00002000 08:07 1018887                    /usr/lib/x86_64-linux-gnu/libgmodule-2.0.so.0.4002.0
7f7cd51cb000-7f7cd51cc000 rw-p 00003000 08:07 1018887                    /usr/lib/x86_64-linux-gnu/libgmodule-2.0.so.0.4002.0
7f7cd51cc000-7f7cd52d2000 r-xp 00000000 08:07 849352                     /lib/x86_64-linux-gnu/libglib-2.0.so.0.4002.0
7f7cd52d2000-7f7cd54d1000 ---p 00106000 08:07 849352                     /lib/x86_64-linux-gnu/libglib-2.0.so.0.4002.0
7f7cd54d1000-7f7cd54d2000 r--p 00105000 08:07 849352                     /lib/x86_64-linux-gnu/libglib-2.0.so.0.4002.0
7f7cd54d2000-7f7cd54d3000 rw-p 00106000 08:07 849352                     /lib/x86_64-linux-gnu/libglib-2.0.so.0.4002.0
7f7cd54d3000-7f7cd54d4000 rw-p 00000000 00:00 0 
7f7cd54d4000-7f7cd5523000 r-xp 00000000 08:07 1018907                    /usr/lib/x86_64-linux-gnu/libgobject-2.0.so.0.4002.0
7f7cd5523000-7f7cd5723000 ---p 0004f000 08:07 1018907                    /usr/lib/x86_64-linux-gnu/libgobject-2.0.so.0.4002.0
7f7cd5723000-7f7cd5724000 r--p 0004f000 08:07 1018907                    /usr/lib/x86_64-linux-gnu/libgobject-2.0.so.0.4002.0
7f7cd5724000-7f7cd5725000 rw-p 00050000 08:07 1018907                    /usr/lib/x86_64-linux-gnu/libgobject-2.0.so.0.4002.0
7f7cd5725000-7f7cd5891000 r-xp 00000000 08:07 1018913                    /usr/lib/x86_64-linux-gnu/libgio-2.0.so.0.4002.0
7f7cd5891000-7f7cd5a90000 ---p 0016c000 08:07 1018913                    /usr/lib/x86_64-linux-gnu/libgio-2.0.so.0.4002.0
7f7cd5a90000-7f7cd5a94000 r--p 0016b000 08:07 1018913                    /usr/lib/x86_64-linux-gnu/libgio-2.0.so.0.4002.0
7f7cd5a94000-7f7cd5a96000 rw-p 0016f000 08:07 1018913                    /usr/lib/x86_64-linux-gnu/libgio-2.0.so.0.4002.0
7f7cd5a96000-7f7cd5a98000 rw-p 00000000 00:00 0 
7f7cd5a98000-7f7cd5aaf000 r-xp 00000000 08:07 843369                     /usr/lib/jvm/java-7-openjdk-amd64/jre/lib/amd64/libnet.so
7f7cd5aaf000-7f7cd5cae000 ---p 00017000 08:07 843369                     /usr/lib/jvm/java-7-openjdk-amd64/jre/lib/amd64/libnet.so
7f7cd5cae000-7f7cd5caf000 r--p 00016000 08:07 843369                     /usr/lib/jvm/java-7-openjdk-amd64/jre/lib/amd64/libnet.so
7f7cd5caf000-7f7cd5cb0000 rw-p 00017000 08:07 843369                     /usr/lib/jvm/java-7-openjdk-amd64/jre/lib/amd64/libnet.so
7f7cd5cb0000-7f7cd8000000 rw-p 00000000 00:00 0 
7f7cd8000000-7f7cd8021000 rw-p 00000000 00:00 0 
7f7cd8021000-7f7cdc000000 ---p 00000000 00:00 0 
7f7cdc09c000-7f7cdc0cd000 rw-p 00000000 00:00 0 
7f7cdc0ee000-7f7cdc0ef000 ---p 00000000 00:00 0 
7f7cdc0ef000-7f7cdc1ef000 rw-p 00000000 00:00 0                          [stack:11798]
7f7cdc1ef000-7f7cdc1f2000 ---p 00000000 00:00 0 
7f7cdc1f2000-7f7cdc2f0000 rw-p 00000000 00:00 0                          [stack:11797]
7f7cdc2f0000-7f7cdc2f3000 ---p 00000000 00:00 0 
7f7cdc2f3000-7f7cdc3f1000 rw-p 00000000 00:00 0                          [stack:11796]
7f7cdc3f1000-7f7cdc3f4000 ---p 00000000 00:00 0 
7f7cdc3f4000-7f7cdc4f2000 rw-p 00000000 00:00 0                          [stack:11794]
7f7cdc4f2000-7f7cdc4f5000 ---p 00000000 00:00 0 
7f7cdc4f5000-7f7cdc5f3000 rw-p 00000000 00:00 0                          [stack:11776]
7f7cdc5f3000-7f7cdc5f6000 ---p 00000000 00:00 0 
7f7cdc5f6000-7f7cdc6f4000 rw-p 00000000 00:00 0                          [stack:11775]
7f7cdc6f4000-7f7cdc6f7000 ---p 00000000 00:00 0 
7f7cdc6f7000-7f7cdc7f5000 rw-p 00000000 00:00 0                          [stack:11774]
7f7cdc7f5000-7f7cdc7f9000 r-xp 00000000 08:07 843378                     /usr/lib/jvm/java-7-openjdk-amd64/jre/lib/amd64/libdt_socket.so
7f7cdc7f9000-7f7cdc9f8000 ---p 00004000 08:07 843378                     /usr/lib/jvm/java-7-openjdk-amd64/jre/lib/amd64/libdt_socket.so
7f7cdc9f8000-7f7cdc9f9000 r--p 00003000 08:07 843378                     /usr/lib/jvm/java-7-openjdk-amd64/jre/lib/amd64/libdt_socket.so
7f7cdc9f9000-7f7cdc9fa000 rw-p 00004000 08:07 843378                     /usr/lib/jvm/java-7-openjdk-amd64/jre/lib/amd64/libdt_socket.so
7f7cdc9fa000-7f7cdc9fd000 ---p 00000000 00:00 0 
7f7cdc9fd000-7f7cdcafb000 rw-p 00000000 00:00 0                          [stack:11768]
7f7cdcafb000-7f7cdcafe000 ---p 00000000 00:00 0 
7f7cdcafe000-7f7cdcbfc000 rw-p 00000000 00:00 0                          [stack:11696]
7f7cdcbfc000-7f7cdcbff000 ---p 00000000 00:00 0 
7f7cdcbff000-7f7cdccfd000 rw-p 00000000 00:00 0                          [stack:11692]
7f7cdccfd000-7f7cdccfe000 ---p 00000000 00:00 0 
7f7cdccfe000-7f7cdd000000 rw-p 00000000 00:00 0                          [stack:11687]
7f7cdd000000-7f7cdd270000 rwxp 00000000 00:00 0 
7f7cdd270000-7f7ce0202000 rw-p 00000000 00:00 0 
7f7ce0202000-7f7ce4000000 ---p 00000000 00:00 0 
7f7ce4006000-7f7ce4008000 rw-p 00000000 00:00 0 
7f7ce4008000-7f7ce400d000 r--s 0004d000 08:07 802016                     /usr/lib/jvm/java-7-openjdk-amd64/jre/lib/jsse.jar
7f7ce400d000-7f7ce400e000 r--s 0000f000 08:07 1163219                    /home/ranjeet/.m2/repository/com/squareup/okio/okio/1.4.0/okio-1.4.0.jar
7f7ce400e000-7f7ce4013000 r--s 00049000 08:07 1163218                    /home/ranjeet/.m2/repository/com/squareup/okhttp/okhttp/2.4.0/okhttp-2.4.0.jar
7f7ce4013000-7f7ce4014000 r--s 00006000 08:07 1163217                    /home/ranjeet/.m2/repository/com/squareup/okhttp/okhttp-ws/2.4.0/okhttp-ws-2.4.0.jar
7f7ce4014000-7f7ce4017000 r--s 00016000 08:07 1163216                    /home/ranjeet/.m2/repository/io/socket/engine.io-client/0.6.1/engine.io-client-0.6.1.jar
7f7ce4017000-7f7ce401a000 r--s 0000c000 08:07 1163215                    /home/ranjeet/.m2/repository/io/socket/socket.io-client/0.6.1/socket.io-client-0.6.1.jar
7f7ce401a000-7f7ce401f000 r--s 0002f000 08:07 1149899                    /home/ranjeet/.m2/repository/com/google/code/gson/gson/2.3.1/gson-2.3.1.jar
7f7ce401f000-7f7ce4038000 r--s 0012c000 08:07 1162748                    /home/ranjeet/.m2/repository/io/netty/netty/3.10.4.Final/netty-3.10.4.Final.jar
7f7ce4038000-7f7ce4046000 r--s 000a7000 08:07 1162747                    /home/ranjeet/.m2/repository/com/ning/async-http-client/1.9.31/async-http-client-1.9.31.jar
7f7ce4046000-7f7ce404b000 r--s 004ef000 08:07 1162948                    /home/ranjeet/.m2/repository/org/xerial/sqlite-jdbc/3.8.11.1/sqlite-jdbc-3.8.11.1.jar
7f7ce404b000-7f7ce4051000 r--s 00034000 08:07 1162746                    /home/ranjeet/.m2/repository/junit/junit/4.8.2/junit-4.8.2.jar
7f7ce4051000-7f7ce4e4c000 rw-p 00000000 00:00 0 
7f7ce4e4c000-7f7ce4ffd000 r--s 01d29000 08:07 801635                     /usr/lib/jvm/java-7-openjdk-amd64/jre/lib/rt.jar
7f7ce4ffd000-7f7ce532b000 rw-p 00000000 00:00 0 
7f7ce532b000-7f7ce532c000 ---p 00000000 00:00 0 
7f7ce532c000-7f7ce542c000 rw-p 00000000 00:00 0                          [stack:11630]
7f7ce542c000-7f7ce542d000 ---p 00000000 00:00 0 
7f7ce542d000-7f7ce552d000 rw-p 00000000 00:00 0                          [stack:11629]
7f7ce552d000-7f7ce552e000 ---p 00000000 00:00 0 
7f7ce552e000-7f7ce562e000 rw-p 00000000 00:00 0                          [stack:11628]
7f7ce562e000-7f7ce562f000 ---p 00000000 00:00 0 
7f7ce562f000-7f7ce573a000 rw-p 00000000 00:00 0                          [stack:11627]
7f7ce573a000-7f7ce5782000 rw-p 00000000 00:00 0 
7f7ce5782000-7f7ce5796000 rw-p 00000000 00:00 0 
7f7ce5796000-7f7ce58c4000 rw-p 00000000 00:00 0 
7f7ce58c4000-7f7ce58cf000 rw-p 00000000 00:00 0 
7f7ce58cf000-7f7ce5917000 rw-p 00000000 00:00 0 
7f7ce5917000-7f7ce592b000 rw-p 00000000 00:00 0 
7f7ce592b000-7f7ce5a58000 rw-p 00000000 00:00 0 
7f7ce5a58000-7f7ce5a63000 rw-p 00000000 00:00 0 
7f7ce5a63000-7f7ce5af9000 rw-p 00000000 00:00 0 
7f7ce5af9000-7f7ce5afa000 rw-p 00000000 00:00 0 
7f7ce5afa000-7f7ce5b02000 r-xp 00000000 08:07 803502                     /usr/lib/jvm/java-7-openjdk-amd64/jre/lib/amd64/libzip.so
7f7ce5b02000-7f7ce5d01000 ---p 00008000 08:07 803502                     /usr/lib/jvm/java-7-openjdk-amd64/jre/lib/amd64/libzip.so
7f7ce5d01000-7f7ce5d02000 r--p 00007000 08:07 803502                     /usr/lib/jvm/java-7-openjdk-amd64/jre/lib/amd64/libzip.so
7f7ce5d02000-7f7ce5d03000 rw-p 00008000 08:07 803502                     /usr/lib/jvm/java-7-openjdk-amd64/jre/lib/amd64/libzip.so
7f7ce5d03000-7f7ce5d0e000 r-xp 00000000 08:07 823802                     /lib/x86_64-linux-gnu/libnss_files-2.19.so
7f7ce5d0e000-7f7ce5f0d000 ---p 0000b000 08:07 823802                     /lib/x86_64-linux-gnu/libnss_files-2.19.so
7f7ce5f0d000-7f7ce5f0e000 r--p 0000a000 08:07 823802                     /lib/x86_64-linux-gnu/libnss_files-2.19.so
7f7ce5f0e000-7f7ce5f0f000 rw-p 0000b000 08:07 823802                     /lib/x86_64-linux-gnu/libnss_files-2.19.so
7f7ce5f0f000-7f7ce5f1a000 r-xp 00000000 08:07 849360                     /lib/x86_64-linux-gnu/libnss_nis-2.19.so
7f7ce5f1a000-7f7ce6119000 ---p 0000b000 08:07 849360                     /lib/x86_64-linux-gnu/libnss_nis-2.19.so
7f7ce6119000-7f7ce611a000 r--p 0000a000 08:07 849360                     /lib/x86_64-linux-gnu/libnss_nis-2.19.so
7f7ce611a000-7f7ce611b000 rw-p 0000b000 08:07 849360                     /lib/x86_64-linux-gnu/libnss_nis-2.19.so
7f7ce611b000-7f7ce6132000 r-xp 00000000 08:07 839260                     /lib/x86_64-linux-gnu/libnsl-2.19.so
7f7ce6132000-7f7ce6331000 ---p 00017000 08:07 839260                     /lib/x86_64-linux-gnu/libnsl-2.19.so
7f7ce6331000-7f7ce6332000 r--p 00016000 08:07 839260                     /lib/x86_64-linux-gnu/libnsl-2.19.so
7f7ce6332000-7f7ce6333000 rw-p 00017000 08:07 839260                     /lib/x86_64-linux-gnu/libnsl-2.19.so
7f7ce6333000-7f7ce6335000 rw-p 00000000 00:00 0 
7f7ce6335000-7f7ce633e000 r-xp 00000000 08:07 839243                     /lib/x86_64-linux-gnu/libnss_compat-2.19.so
7f7ce633e000-7f7ce653d000 ---p 00009000 08:07 839243                     /lib/x86_64-linux-gnu/libnss_compat-2.19.so
7f7ce653d000-7f7ce653e000 r--p 00008000 08:07 839243                     /lib/x86_64-linux-gnu/libnss_compat-2.19.so
7f7ce653e000-7f7ce653f000 rw-p 00009000 08:07 839243                     /lib/x86_64-linux-gnu/libnss_compat-2.19.so
7f7ce653f000-7f7ce6c21000 r--p 00000000 08:07 922429                     /usr/lib/locale/locale-archive
7f7ce6c21000-7f7ce6c24000 r-xp 00000000 08:07 821410                     /usr/lib/jvm/java-7-openjdk-amd64/jre/lib/amd64/libnpt.so
7f7ce6c24000-7f7ce6e23000 ---p 00003000 08:07 821410                     /usr/lib/jvm/java-7-openjdk-amd64/jre/lib/amd64/libnpt.so
7f7ce6e23000-7f7ce6e24000 r--p 00002000 08:07 821410                     /usr/lib/jvm/java-7-openjdk-amd64/jre/lib/amd64/libnpt.so
7f7ce6e24000-7f7ce6e25000 rw-p 00003000 08:07 821410                     /usr/lib/jvm/java-7-openjdk-amd64/jre/lib/amd64/libnpt.so
7f7ce6e25000-7f7ce6e5f000 r-xp 00000000 08:07 806923                     /usr/lib/jvm/java-7-openjdk-amd64/jre/lib/amd64/libjdwp.so
7f7ce6e5f000-7f7ce705e000 ---p 0003a000 08:07 806923                     /usr/lib/jvm/java-7-openjdk-amd64/jre/lib/amd64/libjdwp.so
7f7ce705e000-7f7ce705f000 r--p 00039000 08:07 806923                     /usr/lib/jvm/java-7-openjdk-amd64/jre/lib/amd64/libjdwp.so
7f7ce705f000-7f7ce7060000 rw-p 0003a000 08:07 806923                     /usr/lib/jvm/java-7-openjdk-amd64/jre/lib/amd64/libjdwp.so
7f7ce7060000-7f7ce708b000 r-xp 00000000 08:07 843581                     /usr/lib/jvm/java-7-openjdk-amd64/jre/lib/amd64/libjava.so
7f7ce708b000-7f7ce728a000 ---p 0002b000 08:07 843581                     /usr/lib/jvm/java-7-openjdk-amd64/jre/lib/amd64/libjava.so
7f7ce728a000-7f7ce728b000 r--p 0002a000 08:07 843581                     /usr/lib/jvm/java-7-openjdk-amd64/jre/lib/amd64/libjava.so
7f7ce728b000-7f7ce728d000 rw-p 0002b000 08:07 843581                     /usr/lib/jvm/java-7-openjdk-amd64/jre/lib/amd64/libjava.so
7f7ce728d000-7f7ce729d000 r-xp 00000000 08:07 806928                     /usr/lib/jvm/java-7-openjdk-amd64/jre/lib/amd64/libverify.so
7f7ce729d000-7f7ce749c000 ---p 00010000 08:07 806928                     /usr/lib/jvm/java-7-openjdk-amd64/jre/lib/amd64/libverify.so
7f7ce749c000-7f7ce749e000 r--p 0000f000 08:07 806928                     /usr/lib/jvm/java-7-openjdk-amd64/jre/lib/amd64/libverify.so
7f7ce749e000-7f7ce749f000 rw-p 00011000 08:07 806928                     /usr/lib/jvm/java-7-openjdk-amd64/jre/lib/amd64/libverify.so
7f7ce749f000-7f7ce74a6000 r-xp 00000000 08:07 848817                     /lib/x86_64-linux-gnu/librt-2.19.so
7f7ce74a6000-7f7ce76a5000 ---p 00007000 08:07 848817                     /lib/x86_64-linux-gnu/librt-2.19.so
7f7ce76a5000-7f7ce76a6000 r--p 00006000 08:07 848817                     /lib/x86_64-linux-gnu/librt-2.19.so
7f7ce76a6000-7f7ce76a7000 rw-p 00007000 08:07 848817                     /lib/x86_64-linux-gnu/librt-2.19.so
7f7ce76a7000-7f7ce76bd000 r-xp 00000000 08:07 798058                     /lib/x86_64-linux-gnu/libgcc_s.so.1
7f7ce76bd000-7f7ce78bc000 ---p 00016000 08:07 798058                     /lib/x86_64-linux-gnu/libgcc_s.so.1
7f7ce78bc000-7f7ce78bd000 rw-p 00015000 08:07 798058                     /lib/x86_64-linux-gnu/libgcc_s.so.1
7f7ce78bd000-7f7ce79c2000 r-xp 00000000 08:07 821923                     /lib/x86_64-linux-gnu/libm-2.19.so
7f7ce79c2000-7f7ce7bc1000 ---p 00105000 08:07 821923                     /lib/x86_64-linux-gnu/libm-2.19.so
7f7ce7bc1000-7f7ce7bc2000 r--p 00104000 08:07 821923                     /lib/x86_64-linux-gnu/libm-2.19.so
7f7ce7bc2000-7f7ce7bc3000 rw-p 00105000 08:07 821923                     /lib/x86_64-linux-gnu/libm-2.19.so
7f7ce7bc3000-7f7ce7ca9000 r-xp 00000000 08:07 919521                     /usr/lib/x86_64-linux-gnu/libstdc++.so.6.0.19
7f7ce7ca9000-7f7ce7ea8000 ---p 000e6000 08:07 919521                     /usr/lib/x86_64-linux-gnu/libstdc++.so.6.0.19
7f7ce7ea8000-7f7ce7eb0000 r--p 000e5000 08:07 919521                     /usr/lib/x86_64-linux-gnu/libstdc++.so.6.0.19
7f7ce7eb0000-7f7ce7eb2000 rw-p 000ed000 08:07 919521                     /usr/lib/x86_64-linux-gnu/libstdc++.so.6.0.19
7f7ce7eb2000-7f7ce7ec7000 rw-p 00000000 00:00 0 
7f7ce7ec7000-7f7ce89e0000 r-xp 00000000 08:07 803513                     /usr/lib/jvm/java-7-openjdk-amd64/jre/lib/amd64/server/libjvm.so
7f7ce89e0000-7f7ce8be0000 ---p 00b19000 08:07 803513                     /usr/lib/jvm/java-7-openjdk-amd64/jre/lib/amd64/server/libjvm.so
7f7ce8be0000-7f7ce8c7a000 r--p 00b19000 08:07 803513                     /usr/lib/jvm/java-7-openjdk-amd64/jre/lib/amd64/server/libjvm.so
7f7ce8c7a000-7f7ce8c9d000 rw-p 00bb3000 08:07 803513                     /usr/lib/jvm/java-7-openjdk-amd64/jre/lib/amd64/server/libjvm.so
7f7ce8c9d000-7f7ce8ccb000 rw-p 00000000 00:00 0 
7f7ce8ccb000-7f7ce8ce3000 r-xp 00000000 08:07 791086                     /lib/x86_64-linux-gnu/libz.so.1.2.8
7f7ce8ce3000-7f7ce8ee2000 ---p 00018000 08:07 791086                     /lib/x86_64-linux-gnu/libz.so.1.2.8
7f7ce8ee2000-7f7ce8ee3000 r--p 00017000 08:07 791086                     /lib/x86_64-linux-gnu/libz.so.1.2.8
7f7ce8ee3000-7f7ce8ee4000 rw-p 00018000 08:07 791086                     /lib/x86_64-linux-gnu/libz.so.1.2.8
7f7ce8ee4000-7f7ce8efd000 r-xp 00000000 08:07 843681                     /lib/x86_64-linux-gnu/libpthread-2.19.so
7f7ce8efd000-7f7ce90fc000 ---p 00019000 08:07 843681                     /lib/x86_64-linux-gnu/libpthread-2.19.so
7f7ce90fc000-7f7ce90fd000 r--p 00018000 08:07 843681                     /lib/x86_64-linux-gnu/libpthread-2.19.so
7f7ce90fd000-7f7ce90fe000 rw-p 00019000 08:07 843681                     /lib/x86_64-linux-gnu/libpthread-2.19.so
7f7ce90fe000-7f7ce9102000 rw-p 00000000 00:00 0 
7f7ce9102000-7f7ce9105000 r-xp 00000000 08:07 836209                     /lib/x86_64-linux-gnu/libdl-2.19.so
7f7ce9105000-7f7ce9304000 ---p 00003000 08:07 836209                     /lib/x86_64-linux-gnu/libdl-2.19.so
7f7ce9304000-7f7ce9305000 r--p 00002000 08:07 836209                     /lib/x86_64-linux-gnu/libdl-2.19.so
7f7ce9305000-7f7ce9306000 rw-p 00003000 08:07 836209                     /lib/x86_64-linux-gnu/libdl-2.19.so
7f7ce9306000-7f7ce94c1000 r-xp 00000000 08:07 839404                     /lib/x86_64-linux-gnu/libc-2.19.so
7f7ce94c1000-7f7ce96c0000 ---p 001bb000 08:07 839404                     /lib/x86_64-linux-gnu/libc-2.19.so
7f7ce96c0000-7f7ce96c4000 r--p 001ba000 08:07 839404                     /lib/x86_64-linux-gnu/libc-2.19.so
7f7ce96c4000-7f7ce96c6000 rw-p 001be000 08:07 839404                     /lib/x86_64-linux-gnu/libc-2.19.so
7f7ce96c6000-7f7ce96cb000 rw-p 00000000 00:00 0 
7f7ce96cb000-7f7ce96d8000 r-xp 00000000 08:07 803511                     /usr/lib/jvm/java-7-openjdk-amd64/jre/lib/amd64/jli/libjli.so
7f7ce96d8000-7f7ce98d7000 ---p 0000d000 08:07 803511                     /usr/lib/jvm/java-7-openjdk-amd64/jre/lib/amd64/jli/libjli.so
7f7ce98d7000-7f7ce98d8000 r--p 0000c000 08:07 803511                     /usr/lib/jvm/java-7-openjdk-amd64/jre/lib/amd64/jli/libjli.so
7f7ce98d8000-7f7ce98d9000 rw-p 0000d000 08:07 803511                     /usr/lib/jvm/java-7-openjdk-amd64/jre/lib/amd64/jli/libjli.so
7f7ce98d9000-7f7ce98fc000 r-xp 00000000 08:07 839293                     /lib/x86_64-linux-gnu/ld-2.19.so
7f7ce98fc000-7f7ce98fd000 r--s 0000f000 08:07 1162793                    /home/ranjeet/.m2/repository/org/json/json/20140107/json-20140107.jar
7f7ce98fd000-7f7ce98fe000 r--s 00007000 08:07 1162749                    /home/ranjeet/.m2/repository/org/slf4j/slf4j-api/1.7.12/slf4j-api-1.7.12.jar
7f7ce98fe000-7f7ce9902000 r--s 00034000 08:07 803451                     /usr/lib/jvm/java-7-openjdk-amd64/jre/lib/ext/sunjce_provider.jar
7f7ce9902000-7f7ce9903000 r--s 00002000 08:07 803257                     /usr/lib/jvm/java-7-openjdk-amd64/jre/lib/ext/dnsns.jar
7f7ce9903000-7f7ce9907000 r--s 00085000 08:07 803232                     /usr/lib/jvm/java-7-openjdk-amd64/jre/lib/ext/localedata.jar
7f7ce9907000-7f7ce9909000 r--s 00006000 08:07 153606                     /usr/share/java/java-atk-wrapper.jar
7f7ce9909000-7f7ce990d000 r--s 0003c000 08:07 803452                     /usr/lib/jvm/java-7-openjdk-amd64/jre/lib/ext/sunpkcs11.jar
7f7ce990d000-7f7ce990f000 r--s 00012000 08:07 803467                     /usr/lib/jvm/java-7-openjdk-amd64/jre/lib/ext/zipfs.jar
7f7ce990f000-7f7ce9912000 r--s 0000f000 08:07 803459                     /usr/lib/jvm/java-7-openjdk-amd64/jre/lib/ext/icedtea-sound.jar
7f7ce9912000-7f7ce991c000 rw-p 00000000 00:00 0 
7f7ce991c000-7f7ce99d2000 rw-p 00000000 00:00 0 
7f7ce99d2000-7f7ce99d5000 ---p 00000000 00:00 0 
7f7ce99d5000-7f7ce9aef000 rw-p 00000000 00:00 0                          [stack:11554]
7f7ce9aef000-7f7ce9af7000 rw-s 00000000 08:07 1081556                    /tmp/hsperfdata_ranjeet/11500
7f7ce9af7000-7f7ce9af8000 rw-p 00000000 00:00 0 
7f7ce9af8000-7f7ce9af9000 r--p 00000000 00:00 0 
7f7ce9af9000-7f7ce9afb000 rw-p 00000000 00:00 0 
7f7ce9afb000-7f7ce9afc000 r--p 00022000 08:07 839293                     /lib/x86_64-linux-gnu/ld-2.19.so
7f7ce9afc000-7f7ce9afd000 rw-p 00023000 08:07 839293                     /lib/x86_64-linux-gnu/ld-2.19.so
7f7ce9afd000-7f7ce9afe000 rw-p 00000000 00:00 0 
7ffcecb4a000-7ffcecb6b000 rw-p 00000000 00:00 0                          [stack]
7ffcecbc1000-7ffcecbc3000 r-xp 00000000 00:00 0                          [vdso]
ffffffffff600000-ffffffffff601000 r-xp 00000000 00:00 0                  [vsyscall]

VM Arguments:
jvm_args: -agentlib:jdwp=transport=dt_socket,suspend=y,address=localhost:57493 -Dfile.encoding=UTF-8 
java_command: org.eclipse.jdt.internal.junit.runner.RemoteTestRunner -version 3 -port 59216 -testLoaderClass org.eclipse.jdt.internal.junit4.runner.JUnit4TestLoader -loaderpluginname org.eclipse.jdt.junit4.runtime -classNames io.cloudboost.CloudObjectTest
Launcher Type: SUN_STANDARD

Environment Variables:
PATH=/usr/local/sbin:/usr/local/bin:/usr/sbin:/usr/bin:/sbin:/bin:/usr/games:/usr/local/games
SHELL=/bin/bash
DISPLAY=:0

Signal Handlers:
SIGSEGV: [libjvm.so+0x94bab0], sa_mask[0]=0x7ffbfeff, sa_flags=0x10000004
SIGBUS: [libjvm.so+0x94bab0], sa_mask[0]=0x7ffbfeff, sa_flags=0x10000004
SIGFPE: [libjvm.so+0x7c38b0], sa_mask[0]=0x7ffbfeff, sa_flags=0x10000004
SIGPIPE: [libjvm.so+0x7c38b0], sa_mask[0]=0x7ffbfeff, sa_flags=0x10000004
SIGXFSZ: [libjvm.so+0x7c38b0], sa_mask[0]=0x7ffbfeff, sa_flags=0x10000004
SIGILL: [libjvm.so+0x7c38b0], sa_mask[0]=0x7ffbfeff, sa_flags=0x10000004
SIGUSR1: SIG_DFL, sa_mask[0]=0x00000000, sa_flags=0x00000000
SIGUSR2: [libjvm.so+0x7c3750], sa_mask[0]=0x00000004, sa_flags=0x10000004
SIGHUP: [libjvm.so+0x7c3930], sa_mask[0]=0x7ffbfeff, sa_flags=0x10000004
SIGINT: [libjvm.so+0x7c3930], sa_mask[0]=0x7ffbfeff, sa_flags=0x10000004
SIGTERM: [libjvm.so+0x7c3930], sa_mask[0]=0x7ffbfeff, sa_flags=0x10000004
SIGQUIT: [libjvm.so+0x7c3930], sa_mask[0]=0x7ffbfeff, sa_flags=0x10000004
SIGTRAP: SIG_DFL, sa_mask[0]=0x00000000, sa_flags=0x00000000


---------------  S Y S T E M  ---------------

OS:Ubuntu 14.04 (trusty)
uname:Linux 3.13.0-53-generic #89-Ubuntu SMP Wed May 20 10:34:39 UTC 2015 x86_64
libc:glibc 2.19 NPTL 2.19 
rlimit: STACK 8192k, CORE 0k, NPROC 30655, NOFILE 4096, AS infinity
load average:3.77 2.66 1.22

/proc/meminfo:
MemTotal:        3945468 kB
MemFree:          483704 kB
Buffers:          598916 kB
Cached:          1547816 kB
SwapCached:            0 kB
Active:          1352704 kB
Inactive:        1928956 kB
Active(anon):    1136644 kB
Inactive(anon):   143088 kB
Active(file):     216060 kB
Inactive(file):  1785868 kB
Unevictable:         116 kB
Mlocked:             116 kB
SwapTotal:       2035708 kB
SwapFree:        2035708 kB
Dirty:              2288 kB
Writeback:             0 kB
AnonPages:       1135120 kB
Mapped:           189244 kB
Shmem:            144896 kB
Slab:              88396 kB
SReclaimable:      55708 kB
SUnreclaim:        32688 kB
KernelStack:        4464 kB
PageTables:        30932 kB
NFS_Unstable:          0 kB
Bounce:                0 kB
WritebackTmp:          0 kB
CommitLimit:     4008440 kB
Committed_AS:    4114924 kB
VmallocTotal:   34359738367 kB
VmallocUsed:      545312 kB
VmallocChunk:   34359182300 kB
HardwareCorrupted:     0 kB
AnonHugePages:    393216 kB
HugePages_Total:       0
HugePages_Free:        0
HugePages_Rsvd:        0
HugePages_Surp:        0
Hugepagesize:       2048 kB
DirectMap4k:       74496 kB
DirectMap2M:     4018176 kB


CPU:total 4 (2 cores per cpu, 2 threads per core) family 6 model 42 stepping 7, cmov, cx8, fxsr, mmx, sse, sse2, sse3, ssse3, sse4.1, sse4.2, popcnt, avx, ht, tsc, tscinvbit

/proc/cpuinfo:
processor	: 0
vendor_id	: GenuineIntel
cpu family	: 6
model		: 42
model name	: Intel(R) Core(TM) i3-2328M CPU @ 2.20GHz
stepping	: 7
microcode	: 0x25
cpu MHz		: 2200.000
cache size	: 3072 KB
physical id	: 0
siblings	: 4
core id		: 0
cpu cores	: 2
apicid		: 0
initial apicid	: 0
fpu		: yes
fpu_exception	: yes
cpuid level	: 13
wp		: yes
flags		: fpu vme de pse tsc msr pae mce cx8 apic sep mtrr pge mca cmov pat pse36 clflush dts acpi mmx fxsr sse sse2 ss ht tm pbe syscall nx rdtscp lm constant_tsc arch_perfmon pebs bts rep_good nopl xtopology nonstop_tsc aperfmperf eagerfpu pni pclmulqdq dtes64 monitor ds_cpl vmx est tm2 ssse3 cx16 xtpr pdcm pcid sse4_1 sse4_2 x2apic popcnt tsc_deadline_timer xsave avx lahf_lm arat epb xsaveopt pln pts dtherm tpr_shadow vnmi flexpriority ept vpid
bogomips	: 4389.90
clflush size	: 64
cache_alignment	: 64
address sizes	: 36 bits physical, 48 bits virtual
power management:

processor	: 1
vendor_id	: GenuineIntel
cpu family	: 6
model		: 42
model name	: Intel(R) Core(TM) i3-2328M CPU @ 2.20GHz
stepping	: 7
microcode	: 0x25
cpu MHz		: 2200.000
cache size	: 3072 KB
physical id	: 0
siblings	: 4
core id		: 0
cpu cores	: 2
apicid		: 1
initial apicid	: 1
fpu		: yes
fpu_exception	: yes
cpuid level	: 13
wp		: yes
flags		: fpu vme de pse tsc msr pae mce cx8 apic sep mtrr pge mca cmov pat pse36 clflush dts acpi mmx fxsr sse sse2 ss ht tm pbe syscall nx rdtscp lm constant_tsc arch_perfmon pebs bts rep_good nopl xtopology nonstop_tsc aperfmperf eagerfpu pni pclmulqdq dtes64 monitor ds_cpl vmx est tm2 ssse3 cx16 xtpr pdcm pcid sse4_1 sse4_2 x2apic popcnt tsc_deadline_timer xsave avx lahf_lm arat epb xsaveopt pln pts dtherm tpr_shadow vnmi flexpriority ept vpid
bogomips	: 4389.90
clflush size	: 64
cache_alignment	: 64
address sizes	: 36 bits physical, 48 bits virtual
power management:

processor	: 2
vendor_id	: GenuineIntel
cpu family	: 6
model		: 42
model name	: Intel(R) Core(TM) i3-2328M CPU @ 2.20GHz
stepping	: 7
microcode	: 0x25
cpu MHz		: 2200.000
cache size	: 3072 KB
physical id	: 0
siblings	: 4
core id		: 1
cpu cores	: 2
apicid		: 2
initial apicid	: 2
fpu		: yes
fpu_exception	: yes
cpuid level	: 13
wp		: yes
flags		: fpu vme de pse tsc msr pae mce cx8 apic sep mtrr pge mca cmov pat pse36 clflush dts acpi mmx fxsr sse sse2 ss ht tm pbe syscall nx rdtscp lm constant_tsc arch_perfmon pebs bts rep_good nopl xtopology nonstop_tsc aperfmperf eagerfpu pni pclmulqdq dtes64 monitor ds_cpl vmx est tm2 ssse3 cx16 xtpr pdcm pcid sse4_1 sse4_2 x2apic popcnt tsc_deadline_timer xsave avx lahf_lm arat epb xsaveopt pln pts dtherm tpr_shadow vnmi flexpriority ept vpid
bogomips	: 4389.90
clflush size	: 64
cache_alignment	: 64
address sizes	: 36 bits physical, 48 bits virtual
power management:

processor	: 3
vendor_id	: GenuineIntel
cpu family	: 6
model		: 42
model name	: Intel(R) Core(TM) i3-2328M CPU @ 2.20GHz
stepping	: 7
microcode	: 0x25
cpu MHz		: 2200.000
cache size	: 3072 KB
physical id	: 0
siblings	: 4
core id		: 1
cpu cores	: 2
apicid		: 3
initial apicid	: 3
fpu		: yes
fpu_exception	: yes
cpuid level	: 13
wp		: yes
flags		: fpu vme de pse tsc msr pae mce cx8 apic sep mtrr pge mca cmov pat pse36 clflush dts acpi mmx fxsr sse sse2 ss ht tm pbe syscall nx rdtscp lm constant_tsc arch_perfmon pebs bts rep_good nopl xtopology nonstop_tsc aperfmperf eagerfpu pni pclmulqdq dtes64 monitor ds_cpl vmx est tm2 ssse3 cx16 xtpr pdcm pcid sse4_1 sse4_2 x2apic popcnt tsc_deadline_timer xsave avx lahf_lm arat epb xsaveopt pln pts dtherm tpr_shadow vnmi flexpriority ept vpid
bogomips	: 4389.90
clflush size	: 64
cache_alignment	: 64
address sizes	: 36 bits physical, 48 bits virtual
power management:



Memory: 4k page, physical 3945468k(481472k free), swap 2035708k(2035708k free)

vm_info: OpenJDK 64-Bit Server VM (24.79-b02) for linux-amd64 JRE (1.7.0_79-b14), built on Jul 24 2015 08:15:54 by "buildd" with gcc 4.8.2

time: Sat Oct 17 01:53:02 2015
elapsed time: 33 seconds

