#
# A fatal error has been detected by the Java Runtime Environment:
#
#  SIGSEGV (0xb) at pc=0x00007f66f7b45da0, pid=12270, tid=140080173827840
#
# JRE version: OpenJDK Runtime Environment (7.0_79-b14) (build 1.7.0_79-b14)
# Java VM: OpenJDK 64-Bit Server VM (24.79-b02 mixed mode linux-amd64 compressed oops)
# Derivative: IcedTea 2.5.6
# Distribution: Ubuntu 14.04 LTS, package 7u79-2.5.6-0ubuntu1.14.04.1
# Problematic frame:
# C  [sqlite-3.8.11.1-e41cc0d5-4840-4c80-b20e-a37ec9838231-libsqlitejdbc.so+0x15da0]
#
# Failed to write core dump. Core dumps have been disabled. To enable core dumping, try "ulimit -c unlimited" before starting Java again
#
# If you would like to submit a bug report, please include
# instructions on how to reproduce the bug and visit:
#   http://icedtea.classpath.org/bugzilla
# The crash happened outside the Java Virtual Machine in native code.
# See problematic frame for where to report the bug.
#

---------------  T H R E A D  ---------------

Current thread (0x00007f67081e5000):  JavaThread "Thread-5" [_thread_in_native, id=12338, stack(0x00007f66f4f04000,0x00007f66f5005000)]

siginfo:si_signo=SIGSEGV: si_errno=0, si_code=1 (SEGV_MAPERR), si_addr=0x0000000000000064

Registers:
RAX=0x0000000000000000, RBX=0x00000000b9a64eb0, RCX=0x0000000000000002, RDX=0x00000000000000a2
RSP=0x00007f66f5002fa8, RBP=0x00007f66f5003008, RSI=0x00007f66f5003028, RDI=0x0000000000000000
R8 =0x0000000000000000, R9 =0x00000000ec8ad2c8, R10=0x0000000000000044, R11=0x00007f670fee8864
R12=0x0000000000000000, R13=0x00000000b9a64eb0, R14=0x00007f66f5003028, R15=0x00007f67081e5000
RIP=0x00007f66f7b45da0, EFLAGS=0x0000000000010202, CSGSFS=0x0000000000000033, ERR=0x0000000000000004
  TRAPNO=0x000000000000000e

Top of Stack: (sp=0x00007f66f5002fa8)
0x00007f66f5002fa8:   00007f670501378f 00007f6705013509
0x00007f66f5002fb8:   0000000000000003 00000000ec8ad2c8
0x00007f66f5002fc8:   00007f66f5002fb8 00000000b9a64eb0
0x00007f66f5002fd8:   00007f66f5003028 00000000b9b66028
0x00007f66f5002fe8:   0000000000000000 00000000b9a64eb0
0x00007f66f5002ff8:   0000000000000000 00007f66f5003028
0x00007f66f5003008:   00007f66f5003070 00007f67050061d4
0x00007f66f5003018:   0000000000000000 00007f670500ecd6
0x00007f66f5003028:   00000000ec8ad2c8 00007f66f5003030
0x00007f66f5003038:   00000000b9bc0485 00007f66f50030a8
0x00007f66f5003048:   00000000b9be3188 0000000000000000
0x00007f66f5003058:   00000000b9bc0528 00007f66f5003028
0x00007f66f5003068:   00007f66f50030a0 00007f66f50030f0
0x00007f66f5003078:   00007f6705006882 0000000000000000
0x00007f66f5003088:   0000000000000000 0000000000000000
0x00007f66f5003098:   0000000000000000 00000000ec8adeb8
0x00007f66f50030a8:   00000000ec8adca0 00007f66f50030b0
0x00007f66f50030b8:   00000000b9a2bdb6 00007f66f5003110
0x00007f66f50030c8:   00000000b9a2db40 0000000000000000
0x00007f66f50030d8:   00000000b9a2be28 00007f66f50030a0
0x00007f66f50030e8:   00007f66f5003110 00007f66f5003158
0x00007f66f50030f8:   00007f6705006058 00000000ec8adeb8
0x00007f66f5003108:   00000000ec8adca0 00000000ec823738
0x00007f66f5003118:   00007f66f5003118 00000000b9dd9629
0x00007f66f5003128:   00007f66f5003168 00000000b9dd99e0
0x00007f66f5003138:   0000000000000000 00000000b9dd9648
0x00007f66f5003148:   00007f66f5003110 00007f66f5003168
0x00007f66f5003158:   00007f66f50031b0 00007f6705006058
0x00007f66f5003168:   00000000ec823738 00007f66f5003170
0x00007f66f5003178:   00000000b9c4f637 00007f66f50031f0
0x00007f66f5003188:   00000000b9c51260 0000000000000000
0x00007f66f5003198:   00000000b9c4f840 00007f66f5003168 

Instructions: (pc=0x00007f66f7b45da0)
0x00007f66f7b45d80:   48 8b 47 30 c3 0f 1f 44 00 00 66 0f 1f 44 00 00
0x00007f66f7b45d90:   8b 47 60 c3 66 0f 1f 44 00 00 66 0f 1f 44 00 00
0x00007f66f7b45da0:   8b 47 64 c3 66 0f 1f 44 00 00 66 0f 1f 44 00 00
0x00007f66f7b45db0:   53 48 8b b7 00 03 00 00 48 89 fb 48 85 f6 74 1f 

Register to memory mapping:

RAX=0x0000000000000000 is an unknown value
RBX=0x00000000b9a64eb0 is an oop
{method} 
 - klass: {other class}
RCX=0x0000000000000002 is an unknown value
RDX=0x00000000000000a2 is an unknown value
RSP=0x00007f66f5002fa8 is pointing into the stack for thread: 0x00007f67081e5000
RBP=0x00007f66f5003008 is pointing into the stack for thread: 0x00007f67081e5000
RSI=0x00007f66f5003028 is pointing into the stack for thread: 0x00007f67081e5000
RDI=0x0000000000000000 is an unknown value
R8 =0x0000000000000000 is an unknown value
R9 =0x00000000ec8ad2c8 is an oop
org.sqlite.core.NativeDB 
 - klass: 'org/sqlite/core/NativeDB'
R10=0x0000000000000044 is an unknown value
R11=0x00007f670fee8864: <offset 0xde9864> in /usr/lib/jvm/java-7-openjdk-amd64/jre/lib/amd64/server/libjvm.so at 0x00007f670f0ff000
R12=0x0000000000000000 is an unknown value
R13=0x00000000b9a64eb0 is an oop
{method} 
 - klass: {other class}
R14=0x00007f66f5003028 is pointing into the stack for thread: 0x00007f67081e5000
R15=0x00007f67081e5000 is a thread


Stack: [0x00007f66f4f04000,0x00007f66f5005000],  sp=0x00007f66f5002fa8,  free space=1019k
Native frames: (J=compiled Java code, j=interpreted, Vv=VM code, C=native code)
C  [sqlite-3.8.11.1-e41cc0d5-4840-4c80-b20e-a37ec9838231-libsqlitejdbc.so+0x15da0]
j  org.sqlite.jdbc3.JDBC3Statement.executeUpdate(Ljava/lang/String;)I+37
j  io.cloudboost.util.SqlLite.setSessionId(Ljava/lang/String;)V+62
j  io.cloudboost.PrivateMethod._setSessionId(Ljava/lang/String;)V+1
j  io.cloudboost.CloudObject.save(Lio/cloudboost/CloudObjectCallback;)V+183
j  io.cloudboost.CloudQueryTest.greaterThan()V+56
v  ~StubRoutines::call_stub
V  [libjvm.so+0x5e80c9]  JavaCalls::call_helper(JavaValue*, methodHandle*, JavaCallArguments*, Thread*)+0x339
V  [libjvm.so+0x5e7b68]  JavaCalls::call(JavaValue*, methodHandle, JavaCallArguments*, Thread*)+0x28
V  [libjvm.so+0x840545]  Reflection::invoke(instanceKlassHandle, methodHandle, Handle, bool, objArrayHandle, BasicType, objArrayHandle, bool, Thread*)+0x4f5
V  [libjvm.so+0x841698]  Reflection::invoke_method(oopDesc*, Handle, objArrayHandle, Thread*)+0x188
V  [libjvm.so+0x633d70]  JVM_InvokeMethod+0x180
j  sun.reflect.NativeMethodAccessorImpl.invoke0(Ljava/lang/reflect/Method;Ljava/lang/Object;[Ljava/lang/Object;)Ljava/lang/Object;+0
j  sun.reflect.NativeMethodAccessorImpl.invoke(Ljava/lang/Object;[Ljava/lang/Object;)Ljava/lang/Object;+87
j  sun.reflect.DelegatingMethodAccessorImpl.invoke(Ljava/lang/Object;[Ljava/lang/Object;)Ljava/lang/Object;+6
j  java.lang.reflect.Method.invoke(Ljava/lang/Object;[Ljava/lang/Object;)Ljava/lang/Object;+57
j  org.junit.runners.model.FrameworkMethod$1.runReflectiveCall()Ljava/lang/Object;+15
j  org.junit.internal.runners.model.ReflectiveCallable.run()Ljava/lang/Object;+1
j  org.junit.runners.model.FrameworkMethod.invokeExplosively(Ljava/lang/Object;[Ljava/lang/Object;)Ljava/lang/Object;+10
j  org.junit.internal.runners.statements.InvokeMethod.evaluate()V+12
j  org.junit.internal.runners.statements.FailOnTimeout$1.run()V+7
v  ~StubRoutines::call_stub
V  [libjvm.so+0x5e80c9]  JavaCalls::call_helper(JavaValue*, methodHandle*, JavaCallArguments*, Thread*)+0x339
V  [libjvm.so+0x5e6f1e]  JavaCalls::call_virtual(JavaValue*, Handle, KlassHandle, Symbol*, Symbol*, Thread*)+0x20e
V  [libjvm.so+0x623391]  thread_entry(JavaThread*, Thread*)+0xd1
V  [libjvm.so+0x900f40]  JavaThread::thread_main_inner()+0xf0
V  [libjvm.so+0x9011b1]  JavaThread::run()+0x221
V  [libjvm.so+0x7c4f62]  java_start(Thread*)+0xf2

Java frames: (J=compiled Java code, j=interpreted, Vv=VM code)
j  org.sqlite.core.NativeDB.total_changes()I+0
j  org.sqlite.jdbc3.JDBC3Statement.executeUpdate(Ljava/lang/String;)I+37
j  io.cloudboost.util.SqlLite.setSessionId(Ljava/lang/String;)V+62
j  io.cloudboost.PrivateMethod._setSessionId(Ljava/lang/String;)V+1
j  io.cloudboost.CloudObject.save(Lio/cloudboost/CloudObjectCallback;)V+183
j  io.cloudboost.CloudQueryTest.greaterThan()V+56
v  ~StubRoutines::call_stub
j  sun.reflect.NativeMethodAccessorImpl.invoke0(Ljava/lang/reflect/Method;Ljava/lang/Object;[Ljava/lang/Object;)Ljava/lang/Object;+0
j  sun.reflect.NativeMethodAccessorImpl.invoke(Ljava/lang/Object;[Ljava/lang/Object;)Ljava/lang/Object;+87
j  sun.reflect.DelegatingMethodAccessorImpl.invoke(Ljava/lang/Object;[Ljava/lang/Object;)Ljava/lang/Object;+6
j  java.lang.reflect.Method.invoke(Ljava/lang/Object;[Ljava/lang/Object;)Ljava/lang/Object;+57
j  org.junit.runners.model.FrameworkMethod$1.runReflectiveCall()Ljava/lang/Object;+15
j  org.junit.internal.runners.model.ReflectiveCallable.run()Ljava/lang/Object;+1
j  org.junit.runners.model.FrameworkMethod.invokeExplosively(Ljava/lang/Object;[Ljava/lang/Object;)Ljava/lang/Object;+10
j  org.junit.internal.runners.statements.InvokeMethod.evaluate()V+12
j  org.junit.internal.runners.statements.FailOnTimeout$1.run()V+7
v  ~StubRoutines::call_stub

---------------  P R O C E S S  ---------------

Java Threads: ( => current thread )
  0x00007f669c001800 JavaThread "Hashed wheel timer #10" [_thread_blocked, id=12349, stack(0x00007f66f43f9000,0x00007f66f44fa000)]
  0x00007f66f010c000 JavaThread "New I/O boss #45" [_thread_in_native, id=12348, stack(0x00007f66f44fa000,0x00007f66f45fb000)]
  0x00007f66f00ec800 JavaThread "New I/O worker #44" daemon [_thread_in_native, id=12347, stack(0x00007f66f45fb000,0x00007f66f46fc000)]
  0x00007f66f00cd800 JavaThread "New I/O worker #43" daemon [_thread_in_native, id=12346, stack(0x00007f66f46fc000,0x00007f66f47fd000)]
  0x00007f66f00ae800 JavaThread "New I/O worker #42" daemon [_thread_in_native, id=12345, stack(0x00007f66f47fd000,0x00007f66f48fe000)]
  0x00007f66f008f800 JavaThread "New I/O worker #41" daemon [_thread_in_native, id=12344, stack(0x00007f66f48fe000,0x00007f66f49ff000)]
  0x00007f66f0070800 JavaThread "New I/O worker #40" daemon [_thread_in_native, id=12343, stack(0x00007f66f49ff000,0x00007f66f4b00000)]
  0x00007f66f0051800 JavaThread "New I/O worker #39" daemon [_thread_in_native, id=12342, stack(0x00007f66f4b00000,0x00007f66f4c01000)]
  0x00007f66f0032800 JavaThread "New I/O worker #38" daemon [_thread_in_native, id=12341, stack(0x00007f66f4c01000,0x00007f66f4d02000)]
  0x00007f66f0013000 JavaThread "New I/O worker #37" daemon [_thread_in_native, id=12340, stack(0x00007f66f4d02000,0x00007f66f4e03000)]
  0x00007f66f0005000 JavaThread "Hashed wheel timer #9" [_thread_blocked, id=12339, stack(0x00007f66f4e03000,0x00007f66f4f04000)]
=>0x00007f67081e5000 JavaThread "Thread-5" [_thread_in_native, id=12338, stack(0x00007f66f4f04000,0x00007f66f5005000)]
  0x00007f66ec001000 JavaThread "Hashed wheel timer #8" [_thread_blocked, id=12337, stack(0x00007f66f5005000,0x00007f66f5106000)]
  0x00007f66c0520800 JavaThread "New I/O boss #36" [_thread_in_native, id=12336, stack(0x00007f66f5106000,0x00007f66f5207000)]
  0x00007f66c0501000 JavaThread "New I/O worker #35" daemon [_thread_in_native, id=12335, stack(0x00007f66f5207000,0x00007f66f5308000)]
  0x00007f66c04e2000 JavaThread "New I/O worker #34" daemon [_thread_in_native, id=12334, stack(0x00007f66f5308000,0x00007f66f5409000)]
  0x00007f66c04c3000 JavaThread "New I/O worker #33" daemon [_thread_in_native, id=12333, stack(0x00007f66f5409000,0x00007f66f550a000)]
  0x00007f66c04a4000 JavaThread "New I/O worker #32" daemon [_thread_in_native, id=12332, stack(0x00007f66f550a000,0x00007f66f560b000)]
  0x00007f66c0485000 JavaThread "New I/O worker #31" daemon [_thread_in_native, id=12331, stack(0x00007f66f560b000,0x00007f66f570c000)]
  0x00007f66c0466000 JavaThread "New I/O worker #30" daemon [_thread_in_native, id=12330, stack(0x00007f66f570c000,0x00007f66f580d000)]
  0x00007f66c0446800 JavaThread "New I/O worker #29" daemon [_thread_in_native, id=12329, stack(0x00007f66f580d000,0x00007f66f590e000)]
  0x00007f66c0427800 JavaThread "New I/O worker #28" daemon [_thread_in_native, id=12328, stack(0x00007f66f590e000,0x00007f66f5a0f000)]
  0x00007f66c0419000 JavaThread "Hashed wheel timer #7" [_thread_blocked, id=12327, stack(0x00007f66f5a0f000,0x00007f66f5b10000)]
  0x00007f66b8003000 JavaThread "Hashed wheel timer #6" [_thread_blocked, id=12325, stack(0x00007f66f5b10000,0x00007f66f5c11000)]
  0x00007f66c0416800 JavaThread "New I/O boss #27" [_thread_in_native, id=12324, stack(0x00007f66f5c11000,0x00007f66f5d12000)]
  0x00007f66c03f7000 JavaThread "New I/O worker #26" daemon [_thread_in_native, id=12323, stack(0x00007f66f5d12000,0x00007f66f5e13000)]
  0x00007f66c03d8000 JavaThread "New I/O worker #25" daemon [_thread_in_native, id=12322, stack(0x00007f66f5e13000,0x00007f66f5f14000)]
  0x00007f66c03b9000 JavaThread "New I/O worker #24" daemon [_thread_in_native, id=12321, stack(0x00007f66f5f14000,0x00007f66f6015000)]
  0x00007f66c039a000 JavaThread "New I/O worker #23" daemon [_thread_in_native, id=12320, stack(0x00007f66f6015000,0x00007f66f6116000)]
  0x00007f66c037b000 JavaThread "New I/O worker #22" daemon [_thread_in_native, id=12319, stack(0x00007f66f6116000,0x00007f66f6217000)]
  0x00007f66c035c000 JavaThread "New I/O worker #21" daemon [_thread_in_native, id=12318, stack(0x00007f66f6217000,0x00007f66f6318000)]
  0x00007f66c0310000 JavaThread "New I/O worker #20" daemon [_thread_in_native, id=12317, stack(0x00007f66f6318000,0x00007f66f6419000)]
  0x00007f66c0314000 JavaThread "New I/O worker #19" daemon [_thread_in_native, id=12316, stack(0x00007f66f6419000,0x00007f66f651a000)]
  0x00007f66c0312800 JavaThread "Hashed wheel timer #5" [_thread_blocked, id=12315, stack(0x00007f66f651a000,0x00007f66f661b000)]
  0x00007f6694001000 JavaThread "Hashed wheel timer #4" [_thread_blocked, id=12313, stack(0x00007f66f661b000,0x00007f66f671c000)]
  0x00007f66c030c800 JavaThread "New I/O boss #18" [_thread_in_native, id=12312, stack(0x00007f66f671c000,0x00007f66f681d000)]
  0x00007f66c02ed800 JavaThread "New I/O worker #17" daemon [_thread_in_native, id=12311, stack(0x00007f66f681d000,0x00007f66f691e000)]
  0x00007f66c02ce800 JavaThread "New I/O worker #16" daemon [_thread_in_native, id=12310, stack(0x00007f66f691e000,0x00007f66f6a1f000)]
  0x00007f66c02af000 JavaThread "New I/O worker #15" daemon [_thread_in_native, id=12309, stack(0x00007f66f6a1f000,0x00007f66f6b20000)]
  0x00007f66c0290000 JavaThread "New I/O worker #14" daemon [_thread_in_native, id=12308, stack(0x00007f66f6b20000,0x00007f66f6c21000)]
  0x00007f66c0271000 JavaThread "New I/O worker #13" daemon [_thread_in_native, id=12307, stack(0x00007f66f6c21000,0x00007f66f6d22000)]
  0x00007f66c0252800 JavaThread "New I/O worker #12" daemon [_thread_in_native, id=12306, stack(0x00007f66f6d22000,0x00007f66f6e23000)]
  0x00007f66c0234800 JavaThread "New I/O worker #11" daemon [_thread_in_native, id=12305, stack(0x00007f66f6e23000,0x00007f66f6f24000)]
  0x00007f66c0216800 JavaThread "New I/O worker #10" daemon [_thread_in_native, id=12304, stack(0x00007f66f6f24000,0x00007f66f7025000)]
  0x00007f66c01f9800 JavaThread "Hashed wheel timer #3" [_thread_blocked, id=12303, stack(0x00007f66f7025000,0x00007f66f7126000)]
  0x00007f6698001000 JavaThread "Hashed wheel timer #2" [_thread_blocked, id=12301, stack(0x00007f66f7126000,0x00007f66f7227000)]
  0x00007f66c01bf800 JavaThread "New I/O boss #9" [_thread_in_native, id=12300, stack(0x00007f66f7227000,0x00007f66f7328000)]
  0x00007f66c01ac800 JavaThread "New I/O worker #8" daemon [_thread_in_native, id=12299, stack(0x00007f66f7328000,0x00007f66f7429000)]
  0x00007f66c018d800 JavaThread "New I/O worker #7" daemon [_thread_in_native, id=12298, stack(0x00007f66f7429000,0x00007f66f752a000)]
  0x00007f66c016e800 JavaThread "New I/O worker #6" daemon [_thread_in_native, id=12297, stack(0x00007f66f752a000,0x00007f66f762b000)]
  0x00007f66c014f800 JavaThread "New I/O worker #5" daemon [_thread_in_native, id=12296, stack(0x00007f66f762b000,0x00007f66f772c000)]
  0x00007f66c0130800 JavaThread "New I/O worker #4" daemon [_thread_in_native, id=12295, stack(0x00007f66f772c000,0x00007f66f782d000)]
  0x00007f66c00af800 JavaThread "New I/O worker #3" daemon [_thread_in_native, id=12294, stack(0x00007f66f782d000,0x00007f66f792e000)]
  0x00007f66c00ae000 JavaThread "New I/O worker #2" daemon [_thread_in_native, id=12293, stack(0x00007f66f792e000,0x00007f66f7a2f000)]
  0x00007f66c00b3800 JavaThread "New I/O worker #1" daemon [_thread_in_native, id=12292, stack(0x00007f66f7a2f000,0x00007f66f7b30000)]
  0x00007f66c0088000 JavaThread "Hashed wheel timer #1" [_thread_blocked, id=12291, stack(0x00007f66fc03d000,0x00007f66fc13e000)]
  0x00007f67081ac800 JavaThread "ReaderThread" [_thread_in_native, id=12289, stack(0x00007f66fc23f000,0x00007f66fc340000)]
  0x00007f67080b0800 JavaThread "Service Thread" daemon [_thread_blocked, id=12287, stack(0x00007f66fd9ad000,0x00007f66fdaae000)]
  0x00007f67080ae800 JavaThread "C2 CompilerThread1" daemon [_thread_blocked, id=12286, stack(0x00007f66fdaae000,0x00007f66fdbaf000)]
  0x00007f67080ab800 JavaThread "C2 CompilerThread0" daemon [_thread_blocked, id=12285, stack(0x00007f66fdbaf000,0x00007f66fdcb0000)]
  0x00007f67080a9000 JavaThread "Signal Dispatcher" daemon [_thread_blocked, id=12284, stack(0x00007f6704015000,0x00007f6704116000)]
  0x00007f670807c800 JavaThread "Finalizer" daemon [_thread_blocked, id=12283, stack(0x00007f67047f8000,0x00007f67048f9000)]
  0x00007f670807a800 JavaThread "Reference Handler" daemon [_thread_blocked, id=12282, stack(0x00007f67048f9000,0x00007f67049fa000)]
  0x00007f670800a800 JavaThread "main" [_thread_blocked, id=12276, stack(0x00007f6710c0a000,0x00007f6710d0b000)]

Other Threads:
  0x00007f6708076000 VMThread [stack: 0x00007f67049fa000,0x00007f6704afb000] [id=12281]
  0x00007f67080bb000 WatcherThread [stack: 0x00007f66fd8ac000,0x00007f66fd9ad000] [id=12288]

VM state:not at safepoint (normal execution)

VM Mutex/Monitor currently owned by a thread: None

Heap
 PSYoungGen      total 18432K, used 13020K [0x00000000ebe80000, 0x00000000ed300000, 0x0000000100000000)
  eden space 15872K, 66% used [0x00000000ebe80000,0x00000000ec8d0268,0x00000000ece00000)
  from space 2560K, 96% used [0x00000000ece00000,0x00000000ed066e70,0x00000000ed080000)
  to   space 2560K, 0% used [0x00000000ed080000,0x00000000ed080000,0x00000000ed300000)
 ParOldGen       total 40960K, used 8K [0x00000000c3c00000, 0x00000000c6400000, 0x00000000ebe80000)
  object space 40960K, 0% used [0x00000000c3c00000,0x00000000c3c02000,0x00000000c6400000)
 PSPermGen       total 21504K, used 9164K [0x00000000b9600000, 0x00000000bab00000, 0x00000000c3c00000)
  object space 21504K, 42% used [0x00000000b9600000,0x00000000b9ef3390,0x00000000bab00000)

Card table byte_map: [0x00007f670d61d000,0x00007f670d853000] byte_map_base: 0x00007f670d052000

Polling page: 0x00007f6710d30000

Code Cache  [0x00007f6705000000, 0x00007f6705270000, 0x00007f6708000000)
 total_blobs=308 nmethods=39 adapters=222 free_code_cache=48658Kb largest_free_block=49809088

Compilation events (10 events):
Event: 0.939 Thread 0x00007f67080ae800   33             java.lang.String::equals (81 bytes)
Event: 0.943 Thread 0x00007f67080ae800 nmethod 33 0x00007f670507c1d0 code [0x00007f670507c320, 0x00007f670507c558]
Event: 0.945 Thread 0x00007f67080ab800   34             java.lang.Character::toLowerCase (9 bytes)
Event: 0.945 Thread 0x00007f67080ae800   35             java.lang.CharacterDataLatin1::toLowerCase (39 bytes)
Event: 0.946 Thread 0x00007f67080ae800 nmethod 35 0x00007f670507a6d0 code [0x00007f670507a800, 0x00007f670507a8b8]
Event: 0.947 Thread 0x00007f67080ab800 nmethod 34 0x00007f670507bd90 code [0x00007f670507bee0, 0x00007f670507c038]
Event: 1.028 Thread 0x00007f67080ae800   36             java.lang.String::substring (79 bytes)
Event: 1.036 Thread 0x00007f67080ae800 nmethod 36 0x00007f670507ae50 code [0x00007f670507afc0, 0x00007f670507b318]
Event: 39.977 Thread 0x00007f67080ab800   41             java.util.concurrent.atomic.AtomicBoolean::get (13 bytes)
Event: 39.978 Thread 0x00007f67080ab800 nmethod 41 0x00007f670507cb10 code [0x00007f670507cc40, 0x00007f670507cc98]

GC Heap History (2 events):
Event: 0.837 GC heap before
{Heap before GC invocations=1 (full 0):
 PSYoungGen      total 18432K, used 15872K [0x00000000ebe80000, 0x00000000ed300000, 0x0000000100000000)
  eden space 15872K, 100% used [0x00000000ebe80000,0x00000000ece00000,0x00000000ece00000)
  from space 2560K, 0% used [0x00000000ed080000,0x00000000ed080000,0x00000000ed300000)
  to   space 2560K, 0% used [0x00000000ece00000,0x00000000ece00000,0x00000000ed080000)
 ParOldGen       total 40960K, used 0K [0x00000000c3c00000, 0x00000000c6400000, 0x00000000ebe80000)
  object space 40960K, 0% used [0x00000000c3c00000,0x00000000c3c00000,0x00000000c6400000)
 PSPermGen       total 21504K, used 7617K [0x00000000b9600000, 0x00000000bab00000, 0x00000000c3c00000)
  object space 21504K, 35% used [0x00000000b9600000,0x00000000b9d70590,0x00000000bab00000)
Event: 0.844 GC heap after
Heap after GC invocations=1 (full 0):
 PSYoungGen      total 18432K, used 2459K [0x00000000ebe80000, 0x00000000ed300000, 0x0000000100000000)
  eden space 15872K, 0% used [0x00000000ebe80000,0x00000000ebe80000,0x00000000ece00000)
  from space 2560K, 96% used [0x00000000ece00000,0x00000000ed066e70,0x00000000ed080000)
  to   space 2560K, 0% used [0x00000000ed080000,0x00000000ed080000,0x00000000ed300000)
 ParOldGen       total 40960K, used 8K [0x00000000c3c00000, 0x00000000c6400000, 0x00000000ebe80000)
  object space 40960K, 0% used [0x00000000c3c00000,0x00000000c3c02000,0x00000000c6400000)
 PSPermGen       total 21504K, used 7617K [0x00000000b9600000, 0x00000000bab00000, 0x00000000c3c00000)
  object space 21504K, 35% used [0x00000000b9600000,0x00000000b9d70590,0x00000000bab00000)
}

Deoptimization events (3 events):
Event: 0.526 Thread 0x00007f67081b4000 Uncommon trap: reason=class_check action=maybe_recompile pc=0x00007f670506f658 method=java.util.Properties$LineReader.readLine()I @ 62
Event: 0.526 Thread 0x00007f67081b4000 Uncommon trap: reason=class_check action=maybe_recompile pc=0x00007f670506f658 method=java.util.Properties$LineReader.readLine()I @ 62
Event: 0.896 Thread 0x00007f67081b4000 Uncommon trap: reason=null_check action=make_not_entrant pc=0x00007f6705065498 method=java.lang.String.equals(Ljava/lang/Object;)Z @ 8

Internal exceptions (10 events):
Event: 3.916 Thread 0x00007f670800a800 Threw 0x00000000ec566280 at /build/openjdk-7-FO0dNI/openjdk-7-7u79-2.5.6/build/openjdk/hotspot/src/share/vm/prims/jvm.cpp:1284
Event: 3.920 Thread 0x00007f670800a800 Threw 0x00000000ec577280 at /build/openjdk-7-FO0dNI/openjdk-7-7u79-2.5.6/build/openjdk/hotspot/src/share/vm/prims/jvm.cpp:1284
Event: 3.929 Thread 0x00007f67081b4000 Threw 0x00000000ec581580 at /build/openjdk-7-FO0dNI/openjdk-7-7u79-2.5.6/build/openjdk/hotspot/src/share/vm/prims/jvm.cpp:1284
Event: 3.931 Thread 0x00007f67081b4000 Threw 0x00000000ec586918 at /build/openjdk-7-FO0dNI/openjdk-7-7u79-2.5.6/build/openjdk/hotspot/src/share/vm/prims/jvm.cpp:1284
Event: 4.321 Thread 0x00007f67081b4000 Threw 0x00000000ec62f1d8 at /build/openjdk-7-FO0dNI/openjdk-7-7u79-2.5.6/build/openjdk/hotspot/src/share/vm/runtime/reflection.cpp:1030
Event: 4.329 Thread 0x00007f67081b4000 Threw 0x00000000ec67a5a0 at /build/openjdk-7-FO0dNI/openjdk-7-7u79-2.5.6/build/openjdk/hotspot/src/share/vm/prims/jvm.cpp:1284
Event: 5.820 Thread 0x00007f66c0314000 Threw 0x00000000ec6a2328 at /build/openjdk-7-FO0dNI/openjdk-7-7u79-2.5.6/build/openjdk/hotspot/src/share/vm/prims/jvm.cpp:1284
Event: 6.204 Thread 0x00007f67081b4000 Threw 0x00000000ec742f88 at /build/openjdk-7-FO0dNI/openjdk-7-7u79-2.5.6/build/openjdk/hotspot/src/share/vm/prims/jvm.cpp:1284
Event: 26.212 Thread 0x00007f67081e5000 Threw 0x00000000ec7fe3f0 at /build/openjdk-7-FO0dNI/openjdk-7-7u79-2.5.6/build/openjdk/hotspot/src/share/vm/prims/jvm.cpp:1284
Event: 26.215 Thread 0x00007f67081e5000 Threw 0x00000000ec803798 at /build/openjdk-7-FO0dNI/openjdk-7-7u79-2.5.6/build/openjdk/hotspot/src/share/vm/prims/jvm.cpp:1284

Events (10 events):
Event: 26.231 Executing VM operation: BulkRevokeBias
Event: 26.233 Executing VM operation: BulkRevokeBias done
Event: 26.234 Executing VM operation: RevokeBias
Event: 26.234 Executing VM operation: RevokeBias done
Event: 26.234 Executing VM operation: RevokeBias
Event: 26.234 Executing VM operation: RevokeBias done
Event: 26.234 Executing VM operation: RevokeBias
Event: 26.234 Executing VM operation: RevokeBias done
Event: 40.242 Executing VM operation: RevokeBias
Event: 40.242 Executing VM operation: RevokeBias done


Dynamic libraries:
00400000-00401000 r-xp 00000000 08:07 882339                             /usr/lib/jvm/java-7-openjdk-amd64/jre/bin/java
00600000-00601000 r--p 00000000 08:07 882339                             /usr/lib/jvm/java-7-openjdk-amd64/jre/bin/java
00601000-00602000 rw-p 00001000 08:07 882339                             /usr/lib/jvm/java-7-openjdk-amd64/jre/bin/java
01024000-01045000 rw-p 00000000 00:00 0                                  [heap]
b9600000-bab00000 rw-p 00000000 00:00 0 
bab00000-c3c00000 rw-p 00000000 00:00 0 
c3c00000-c6400000 rw-p 00000000 00:00 0 
c6400000-ebe80000 rw-p 00000000 00:00 0 
ebe80000-ed300000 rw-p 00000000 00:00 0 
ed300000-100000000 rw-p 00000000 00:00 0 
7f6680000000-7f6680021000 rw-p 00000000 00:00 0 
7f6680021000-7f6684000000 ---p 00000000 00:00 0 
7f6688000000-7f6688021000 rw-p 00000000 00:00 0 
7f6688021000-7f668c000000 ---p 00000000 00:00 0 
7f668c000000-7f668c021000 rw-p 00000000 00:00 0 
7f668c021000-7f6690000000 ---p 00000000 00:00 0 
7f6690000000-7f6690021000 rw-p 00000000 00:00 0 
7f6690021000-7f6694000000 ---p 00000000 00:00 0 
7f6694000000-7f6694021000 rw-p 00000000 00:00 0 
7f6694021000-7f6698000000 ---p 00000000 00:00 0 
7f6698000000-7f6698021000 rw-p 00000000 00:00 0 
7f6698021000-7f669c000000 ---p 00000000 00:00 0 
7f669c000000-7f669c021000 rw-p 00000000 00:00 0 
7f669c021000-7f66a0000000 ---p 00000000 00:00 0 
7f66a0000000-7f66a0021000 rw-p 00000000 00:00 0 
7f66a0021000-7f66a4000000 ---p 00000000 00:00 0 
7f66a4000000-7f66a4021000 rw-p 00000000 00:00 0 
7f66a4021000-7f66a8000000 ---p 00000000 00:00 0 
7f66a8000000-7f66a8021000 rw-p 00000000 00:00 0 
7f66a8021000-7f66ac000000 ---p 00000000 00:00 0 
7f66ac000000-7f66ac021000 rw-p 00000000 00:00 0 
7f66ac021000-7f66b0000000 ---p 00000000 00:00 0 
7f66b0000000-7f66b0021000 rw-p 00000000 00:00 0 
7f66b0021000-7f66b4000000 ---p 00000000 00:00 0 
7f66b4000000-7f66b4021000 rw-p 00000000 00:00 0 
7f66b4021000-7f66b8000000 ---p 00000000 00:00 0 
7f66b8000000-7f66b803c000 rw-p 00000000 00:00 0 
7f66b803c000-7f66bc000000 ---p 00000000 00:00 0 
7f66bc000000-7f66bc021000 rw-p 00000000 00:00 0 
7f66bc021000-7f66c0000000 ---p 00000000 00:00 0 
7f66c0000000-7f66c0558000 rw-p 00000000 00:00 0 
7f66c0558000-7f66c4000000 ---p 00000000 00:00 0 
7f66c4000000-7f66c4021000 rw-p 00000000 00:00 0 
7f66c4021000-7f66c8000000 ---p 00000000 00:00 0 
7f66c8000000-7f66c8021000 rw-p 00000000 00:00 0 
7f66c8021000-7f66cc000000 ---p 00000000 00:00 0 
7f66cc000000-7f66cc021000 rw-p 00000000 00:00 0 
7f66cc021000-7f66d0000000 ---p 00000000 00:00 0 
7f66d0000000-7f66d0138000 rw-p 00000000 00:00 0 
7f66d0138000-7f66d4000000 ---p 00000000 00:00 0 
7f66d4000000-7f66d4240000 rw-p 00000000 00:00 0 
7f66d4240000-7f66d8000000 ---p 00000000 00:00 0 
7f66d8000000-7f66d8021000 rw-p 00000000 00:00 0 
7f66d8021000-7f66dc000000 ---p 00000000 00:00 0 
7f66dc000000-7f66dc1b6000 rw-p 00000000 00:00 0 
7f66dc1b6000-7f66e0000000 ---p 00000000 00:00 0 
7f66e0000000-7f66e0021000 rw-p 00000000 00:00 0 
7f66e0021000-7f66e4000000 ---p 00000000 00:00 0 
7f66e4000000-7f66e4021000 rw-p 00000000 00:00 0 
7f66e4021000-7f66e8000000 ---p 00000000 00:00 0 
7f66e8000000-7f66e8021000 rw-p 00000000 00:00 0 
7f66e8021000-7f66ec000000 ---p 00000000 00:00 0 
7f66ec000000-7f66ec11b000 rw-p 00000000 00:00 0 
7f66ec11b000-7f66f0000000 ---p 00000000 00:00 0 
7f66f0000000-7f66f034e000 rw-p 00000000 00:00 0 
7f66f034e000-7f66f4000000 ---p 00000000 00:00 0 
7f66f43f9000-7f66f43fc000 ---p 00000000 00:00 0 
7f66f43fc000-7f66f44fa000 rw-p 00000000 00:00 0                          [stack:12349]
7f66f44fa000-7f66f44fd000 ---p 00000000 00:00 0 
7f66f44fd000-7f66f45fb000 rw-p 00000000 00:00 0                          [stack:12348]
7f66f45fb000-7f66f45fe000 ---p 00000000 00:00 0 
7f66f45fe000-7f66f46fc000 rw-p 00000000 00:00 0                          [stack:12347]
7f66f46fc000-7f66f46ff000 ---p 00000000 00:00 0 
7f66f46ff000-7f66f47fd000 rw-p 00000000 00:00 0                          [stack:12346]
7f66f47fd000-7f66f4800000 ---p 00000000 00:00 0 
7f66f4800000-7f66f48fe000 rw-p 00000000 00:00 0                          [stack:12345]
7f66f48fe000-7f66f4901000 ---p 00000000 00:00 0 
7f66f4901000-7f66f49ff000 rw-p 00000000 00:00 0                          [stack:12344]
7f66f49ff000-7f66f4a02000 ---p 00000000 00:00 0 
7f66f4a02000-7f66f4b00000 rw-p 00000000 00:00 0                          [stack:12343]
7f66f4b00000-7f66f4b03000 ---p 00000000 00:00 0 
7f66f4b03000-7f66f4c01000 rw-p 00000000 00:00 0                          [stack:12342]
7f66f4c01000-7f66f4c04000 ---p 00000000 00:00 0 
7f66f4c04000-7f66f4d02000 rw-p 00000000 00:00 0                          [stack:12341]
7f66f4d02000-7f66f4d05000 ---p 00000000 00:00 0 
7f66f4d05000-7f66f4e03000 rw-p 00000000 00:00 0                          [stack:12340]
7f66f4e03000-7f66f4e06000 ---p 00000000 00:00 0 
7f66f4e06000-7f66f4f04000 rw-p 00000000 00:00 0                          [stack:12339]
7f66f4f04000-7f66f4f07000 ---p 00000000 00:00 0 
7f66f4f07000-7f66f5005000 rw-p 00000000 00:00 0                          [stack:12338]
7f66f5005000-7f66f5008000 ---p 00000000 00:00 0 
7f66f5008000-7f66f5106000 rw-p 00000000 00:00 0                          [stack:12337]
7f66f5106000-7f66f5109000 ---p 00000000 00:00 0 
7f66f5109000-7f66f5207000 rw-p 00000000 00:00 0                          [stack:12336]
7f66f5207000-7f66f520a000 ---p 00000000 00:00 0 
7f66f520a000-7f66f5308000 rw-p 00000000 00:00 0                          [stack:12335]
7f66f5308000-7f66f530b000 ---p 00000000 00:00 0 
7f66f530b000-7f66f5409000 rw-p 00000000 00:00 0                          [stack:12334]
7f66f5409000-7f66f540c000 ---p 00000000 00:00 0 
7f66f540c000-7f66f550a000 rw-p 00000000 00:00 0                          [stack:12333]
7f66f550a000-7f66f550d000 ---p 00000000 00:00 0 
7f66f550d000-7f66f560b000 rw-p 00000000 00:00 0                          [stack:12332]
7f66f560b000-7f66f560e000 ---p 00000000 00:00 0 
7f66f560e000-7f66f570c000 rw-p 00000000 00:00 0                          [stack:12331]
7f66f570c000-7f66f570f000 ---p 00000000 00:00 0 
7f66f570f000-7f66f580d000 rw-p 00000000 00:00 0                          [stack:12330]
7f66f580d000-7f66f5810000 ---p 00000000 00:00 0 
7f66f5810000-7f66f590e000 rw-p 00000000 00:00 0                          [stack:12329]
7f66f590e000-7f66f5911000 ---p 00000000 00:00 0 
7f66f5911000-7f66f5a0f000 rw-p 00000000 00:00 0                          [stack:12328]
7f66f5a0f000-7f66f5a12000 ---p 00000000 00:00 0 
7f66f5a12000-7f66f5b10000 rw-p 00000000 00:00 0                          [stack:12327]
7f66f5b10000-7f66f5b13000 ---p 00000000 00:00 0 
7f66f5b13000-7f66f5c11000 rw-p 00000000 00:00 0                          [stack:12325]
7f66f5c11000-7f66f5c14000 ---p 00000000 00:00 0 
7f66f5c14000-7f66f5d12000 rw-p 00000000 00:00 0                          [stack:12324]
7f66f5d12000-7f66f5d15000 ---p 00000000 00:00 0 
7f66f5d15000-7f66f5e13000 rw-p 00000000 00:00 0                          [stack:12323]
7f66f5e13000-7f66f5e16000 ---p 00000000 00:00 0 
7f66f5e16000-7f66f5f14000 rw-p 00000000 00:00 0                          [stack:12322]
7f66f5f14000-7f66f5f17000 ---p 00000000 00:00 0 
7f66f5f17000-7f66f6015000 rw-p 00000000 00:00 0                          [stack:12321]
7f66f6015000-7f66f6018000 ---p 00000000 00:00 0 
7f66f6018000-7f66f6116000 rw-p 00000000 00:00 0                          [stack:12320]
7f66f6116000-7f66f6119000 ---p 00000000 00:00 0 
7f66f6119000-7f66f6217000 rw-p 00000000 00:00 0                          [stack:12319]
7f66f6217000-7f66f621a000 ---p 00000000 00:00 0 
7f66f621a000-7f66f6318000 rw-p 00000000 00:00 0                          [stack:12318]
7f66f6318000-7f66f631b000 ---p 00000000 00:00 0 
7f66f631b000-7f66f6419000 rw-p 00000000 00:00 0                          [stack:12317]
7f66f6419000-7f66f641c000 ---p 00000000 00:00 0 
7f66f641c000-7f66f651a000 rw-p 00000000 00:00 0                          [stack:12316]
7f66f651a000-7f66f651d000 ---p 00000000 00:00 0 
7f66f651d000-7f66f661b000 rw-p 00000000 00:00 0                          [stack:12315]
7f66f661b000-7f66f661e000 ---p 00000000 00:00 0 
7f66f661e000-7f66f671c000 rw-p 00000000 00:00 0                          [stack:12313]
7f66f671c000-7f66f671f000 ---p 00000000 00:00 0 
7f66f671f000-7f66f681d000 rw-p 00000000 00:00 0                          [stack:12312]
7f66f681d000-7f66f6820000 ---p 00000000 00:00 0 
7f66f6820000-7f66f691e000 rw-p 00000000 00:00 0                          [stack:12311]
7f66f691e000-7f66f6921000 ---p 00000000 00:00 0 
7f66f6921000-7f66f6a1f000 rw-p 00000000 00:00 0                          [stack:12310]
7f66f6a1f000-7f66f6a22000 ---p 00000000 00:00 0 
7f66f6a22000-7f66f6b20000 rw-p 00000000 00:00 0                          [stack:12309]
7f66f6b20000-7f66f6b23000 ---p 00000000 00:00 0 
7f66f6b23000-7f66f6c21000 rw-p 00000000 00:00 0                          [stack:12308]
7f66f6c21000-7f66f6c24000 ---p 00000000 00:00 0 
7f66f6c24000-7f66f6d22000 rw-p 00000000 00:00 0                          [stack:12307]
7f66f6d22000-7f66f6d25000 ---p 00000000 00:00 0 
7f66f6d25000-7f66f6e23000 rw-p 00000000 00:00 0                          [stack:12306]
7f66f6e23000-7f66f6e26000 ---p 00000000 00:00 0 
7f66f6e26000-7f66f6f24000 rw-p 00000000 00:00 0                          [stack:12305]
7f66f6f24000-7f66f6f27000 ---p 00000000 00:00 0 
7f66f6f27000-7f66f7025000 rw-p 00000000 00:00 0                          [stack:12304]
7f66f7025000-7f66f7028000 ---p 00000000 00:00 0 
7f66f7028000-7f66f7126000 rw-p 00000000 00:00 0                          [stack:12303]
7f66f7126000-7f66f7129000 ---p 00000000 00:00 0 
7f66f7129000-7f66f7227000 rw-p 00000000 00:00 0                          [stack:12301]
7f66f7227000-7f66f722a000 ---p 00000000 00:00 0 
7f66f722a000-7f66f7328000 rw-p 00000000 00:00 0                          [stack:12300]
7f66f7328000-7f66f732b000 ---p 00000000 00:00 0 
7f66f732b000-7f66f7429000 rw-p 00000000 00:00 0                          [stack:12299]
7f66f7429000-7f66f742c000 ---p 00000000 00:00 0 
7f66f742c000-7f66f752a000 rw-p 00000000 00:00 0                          [stack:12298]
7f66f752a000-7f66f752d000 ---p 00000000 00:00 0 
7f66f752d000-7f66f762b000 rw-p 00000000 00:00 0                          [stack:12297]
7f66f762b000-7f66f762e000 ---p 00000000 00:00 0 
7f66f762e000-7f66f772c000 rw-p 00000000 00:00 0                          [stack:12296]
7f66f772c000-7f66f772f000 ---p 00000000 00:00 0 
7f66f772f000-7f66f782d000 rw-p 00000000 00:00 0                          [stack:12295]
7f66f782d000-7f66f7830000 ---p 00000000 00:00 0 
7f66f7830000-7f66f792e000 rw-p 00000000 00:00 0                          [stack:12294]
7f66f792e000-7f66f7931000 ---p 00000000 00:00 0 
7f66f7931000-7f66f7a2f000 rw-p 00000000 00:00 0                          [stack:12293]
7f66f7a2f000-7f66f7a32000 ---p 00000000 00:00 0 
7f66f7a32000-7f66f7b30000 rw-p 00000000 00:00 0                          [stack:12292]
7f66f7b30000-7f66f7be9000 r-xp 00000000 08:07 132026                     /tmp/sqlite-3.8.11.1-e41cc0d5-4840-4c80-b20e-a37ec9838231-libsqlitejdbc.so
7f66f7be9000-7f66f7de9000 ---p 000b9000 08:07 132026                     /tmp/sqlite-3.8.11.1-e41cc0d5-4840-4c80-b20e-a37ec9838231-libsqlitejdbc.so
7f66f7de9000-7f66f7dee000 rw-p 000b9000 08:07 132026                     /tmp/sqlite-3.8.11.1-e41cc0d5-4840-4c80-b20e-a37ec9838231-libsqlitejdbc.so
7f66f7dee000-7f66f7dfe000 r-xp 00000000 08:07 843487                     /usr/lib/jvm/java-7-openjdk-amd64/jre/lib/amd64/libnio.so
7f66f7dfe000-7f66f7ffe000 ---p 00010000 08:07 843487                     /usr/lib/jvm/java-7-openjdk-amd64/jre/lib/amd64/libnio.so
7f66f7ffe000-7f66f7fff000 r--p 00010000 08:07 843487                     /usr/lib/jvm/java-7-openjdk-amd64/jre/lib/amd64/libnio.so
7f66f7fff000-7f66f8000000 rw-p 00011000 08:07 843487                     /usr/lib/jvm/java-7-openjdk-amd64/jre/lib/amd64/libnio.so
7f66f8000000-7f66f8021000 rw-p 00000000 00:00 0 
7f66f8021000-7f66fc000000 ---p 00000000 00:00 0 
7f66fc03d000-7f66fc040000 ---p 00000000 00:00 0 
7f66fc040000-7f66fc13e000 rw-p 00000000 00:00 0                          [stack:12291]
7f66fc13e000-7f66fc141000 ---p 00000000 00:00 0 
7f66fc141000-7f66fc23f000 rw-p 00000000 00:00 0 
7f66fc23f000-7f66fc242000 ---p 00000000 00:00 0 
7f66fc242000-7f66fc340000 rw-p 00000000 00:00 0                          [stack:12289]
7f66fc340000-7f66fc37d000 r-xp 00000000 08:07 790888                     /lib/x86_64-linux-gnu/libpcre.so.3.13.1
7f66fc37d000-7f66fc57c000 ---p 0003d000 08:07 790888                     /lib/x86_64-linux-gnu/libpcre.so.3.13.1
7f66fc57c000-7f66fc57d000 r--p 0003c000 08:07 790888                     /lib/x86_64-linux-gnu/libpcre.so.3.13.1
7f66fc57d000-7f66fc57e000 rw-p 0003d000 08:07 790888                     /lib/x86_64-linux-gnu/libpcre.so.3.13.1
7f66fc57e000-7f66fc585000 r-xp 00000000 08:07 925009                     /usr/lib/x86_64-linux-gnu/libffi.so.6.0.1
7f66fc585000-7f66fc784000 ---p 00007000 08:07 925009                     /usr/lib/x86_64-linux-gnu/libffi.so.6.0.1
7f66fc784000-7f66fc785000 r--p 00006000 08:07 925009                     /usr/lib/x86_64-linux-gnu/libffi.so.6.0.1
7f66fc785000-7f66fc786000 rw-p 00007000 08:07 925009                     /usr/lib/x86_64-linux-gnu/libffi.so.6.0.1
7f66fc786000-7f66fc79d000 r-xp 00000000 08:07 801319                     /lib/x86_64-linux-gnu/libresolv-2.19.so
7f66fc79d000-7f66fc99d000 ---p 00017000 08:07 801319                     /lib/x86_64-linux-gnu/libresolv-2.19.so
7f66fc99d000-7f66fc99e000 r--p 00017000 08:07 801319                     /lib/x86_64-linux-gnu/libresolv-2.19.so
7f66fc99e000-7f66fc99f000 rw-p 00018000 08:07 801319                     /lib/x86_64-linux-gnu/libresolv-2.19.so
7f66fc99f000-7f66fc9a1000 rw-p 00000000 00:00 0 
7f66fc9a1000-7f66fc9c1000 r-xp 00000000 08:07 808540                     /lib/x86_64-linux-gnu/libselinux.so.1
7f66fc9c1000-7f66fcbc0000 ---p 00020000 08:07 808540                     /lib/x86_64-linux-gnu/libselinux.so.1
7f66fcbc0000-7f66fcbc1000 r--p 0001f000 08:07 808540                     /lib/x86_64-linux-gnu/libselinux.so.1
7f66fcbc1000-7f66fcbc2000 rw-p 00020000 08:07 808540                     /lib/x86_64-linux-gnu/libselinux.so.1
7f66fcbc2000-7f66fcbc4000 rw-p 00000000 00:00 0 
7f66fcbc4000-7f66fcbc7000 r-xp 00000000 08:07 1018887                    /usr/lib/x86_64-linux-gnu/libgmodule-2.0.so.0.4002.0
7f66fcbc7000-7f66fcdc6000 ---p 00003000 08:07 1018887                    /usr/lib/x86_64-linux-gnu/libgmodule-2.0.so.0.4002.0
7f66fcdc6000-7f66fcdc7000 r--p 00002000 08:07 1018887                    /usr/lib/x86_64-linux-gnu/libgmodule-2.0.so.0.4002.0
7f66fcdc7000-7f66fcdc8000 rw-p 00003000 08:07 1018887                    /usr/lib/x86_64-linux-gnu/libgmodule-2.0.so.0.4002.0
7f66fcdc8000-7f66fcece000 r-xp 00000000 08:07 849352                     /lib/x86_64-linux-gnu/libglib-2.0.so.0.4002.0
7f66fcece000-7f66fd0cd000 ---p 00106000 08:07 849352                     /lib/x86_64-linux-gnu/libglib-2.0.so.0.4002.0
7f66fd0cd000-7f66fd0ce000 r--p 00105000 08:07 849352                     /lib/x86_64-linux-gnu/libglib-2.0.so.0.4002.0
7f66fd0ce000-7f66fd0cf000 rw-p 00106000 08:07 849352                     /lib/x86_64-linux-gnu/libglib-2.0.so.0.4002.0
7f66fd0cf000-7f66fd0d0000 rw-p 00000000 00:00 0 
7f66fd0d0000-7f66fd11f000 r-xp 00000000 08:07 1018907                    /usr/lib/x86_64-linux-gnu/libgobject-2.0.so.0.4002.0
7f66fd11f000-7f66fd31f000 ---p 0004f000 08:07 1018907                    /usr/lib/x86_64-linux-gnu/libgobject-2.0.so.0.4002.0
7f66fd31f000-7f66fd320000 r--p 0004f000 08:07 1018907                    /usr/lib/x86_64-linux-gnu/libgobject-2.0.so.0.4002.0
7f66fd320000-7f66fd321000 rw-p 00050000 08:07 1018907                    /usr/lib/x86_64-linux-gnu/libgobject-2.0.so.0.4002.0
7f66fd321000-7f66fd48d000 r-xp 00000000 08:07 1018913                    /usr/lib/x86_64-linux-gnu/libgio-2.0.so.0.4002.0
7f66fd48d000-7f66fd68c000 ---p 0016c000 08:07 1018913                    /usr/lib/x86_64-linux-gnu/libgio-2.0.so.0.4002.0
7f66fd68c000-7f66fd690000 r--p 0016b000 08:07 1018913                    /usr/lib/x86_64-linux-gnu/libgio-2.0.so.0.4002.0
7f66fd690000-7f66fd692000 rw-p 0016f000 08:07 1018913                    /usr/lib/x86_64-linux-gnu/libgio-2.0.so.0.4002.0
7f66fd692000-7f66fd694000 rw-p 00000000 00:00 0 
7f66fd694000-7f66fd6ab000 r-xp 00000000 08:07 843369                     /usr/lib/jvm/java-7-openjdk-amd64/jre/lib/amd64/libnet.so
7f66fd6ab000-7f66fd8aa000 ---p 00017000 08:07 843369                     /usr/lib/jvm/java-7-openjdk-amd64/jre/lib/amd64/libnet.so
7f66fd8aa000-7f66fd8ab000 r--p 00016000 08:07 843369                     /usr/lib/jvm/java-7-openjdk-amd64/jre/lib/amd64/libnet.so
7f66fd8ab000-7f66fd8ac000 rw-p 00017000 08:07 843369                     /usr/lib/jvm/java-7-openjdk-amd64/jre/lib/amd64/libnet.so
7f66fd8ac000-7f66fd8ad000 ---p 00000000 00:00 0 
7f66fd8ad000-7f66fd9ad000 rw-p 00000000 00:00 0                          [stack:12288]
7f66fd9ad000-7f66fd9b0000 ---p 00000000 00:00 0 
7f66fd9b0000-7f66fdaae000 rw-p 00000000 00:00 0                          [stack:12287]
7f66fdaae000-7f66fdab1000 ---p 00000000 00:00 0 
7f66fdab1000-7f66fdbaf000 rw-p 00000000 00:00 0                          [stack:12286]
7f66fdbaf000-7f66fdbb2000 ---p 00000000 00:00 0 
7f66fdbb2000-7f6700000000 rw-p 00000000 00:00 0                          [stack:12285]
7f6700000000-7f6700021000 rw-p 00000000 00:00 0 
7f6700021000-7f6704000000 ---p 00000000 00:00 0 
7f6704015000-7f6704018000 ---p 00000000 00:00 0 
7f6704018000-7f6704116000 rw-p 00000000 00:00 0                          [stack:12284]
7f6704116000-7f67047f8000 r--p 00000000 08:07 922429                     /usr/lib/locale/locale-archive
7f67047f8000-7f67047fb000 ---p 00000000 00:00 0 
7f67047fb000-7f67048f9000 rw-p 00000000 00:00 0                          [stack:12283]
7f67048f9000-7f67048fc000 ---p 00000000 00:00 0 
7f67048fc000-7f67049fa000 rw-p 00000000 00:00 0                          [stack:12282]
7f67049fa000-7f67049fb000 ---p 00000000 00:00 0 
7f67049fb000-7f6705000000 rw-p 00000000 00:00 0                          [stack:12281]
7f6705000000-7f6705270000 rwxp 00000000 00:00 0 
7f6705270000-7f67081fc000 rw-p 00000000 00:00 0 
7f67081fc000-7f670c000000 ---p 00000000 00:00 0 
7f670c017000-7f670c048000 rw-p 00000000 00:00 0 
7f670c062000-7f670c064000 rw-p 00000000 00:00 0 
7f670c064000-7f670c069000 r--s 0004d000 08:07 802016                     /usr/lib/jvm/java-7-openjdk-amd64/jre/lib/jsse.jar
7f670c069000-7f670c06a000 r--s 0000f000 08:07 1163219                    /home/ranjeet/.m2/repository/com/squareup/okio/okio/1.4.0/okio-1.4.0.jar
7f670c06a000-7f670c06f000 r--s 00049000 08:07 1163218                    /home/ranjeet/.m2/repository/com/squareup/okhttp/okhttp/2.4.0/okhttp-2.4.0.jar
7f670c06f000-7f670c070000 r--s 00006000 08:07 1163217                    /home/ranjeet/.m2/repository/com/squareup/okhttp/okhttp-ws/2.4.0/okhttp-ws-2.4.0.jar
7f670c070000-7f670c073000 r--s 00016000 08:07 1163216                    /home/ranjeet/.m2/repository/io/socket/engine.io-client/0.6.1/engine.io-client-0.6.1.jar
7f670c073000-7f670c076000 r--s 0000c000 08:07 1163215                    /home/ranjeet/.m2/repository/io/socket/socket.io-client/0.6.1/socket.io-client-0.6.1.jar
7f670c076000-7f670c07b000 r--s 0002f000 08:07 1149899                    /home/ranjeet/.m2/repository/com/google/code/gson/gson/2.3.1/gson-2.3.1.jar
7f670c07b000-7f670c094000 r--s 0012c000 08:07 1162748                    /home/ranjeet/.m2/repository/io/netty/netty/3.10.4.Final/netty-3.10.4.Final.jar
7f670c094000-7f670c0a2000 r--s 000a7000 08:07 1162747                    /home/ranjeet/.m2/repository/com/ning/async-http-client/1.9.31/async-http-client-1.9.31.jar
7f670c0a2000-7f670c0a7000 r--s 004ef000 08:07 1162948                    /home/ranjeet/.m2/repository/org/xerial/sqlite-jdbc/3.8.11.1/sqlite-jdbc-3.8.11.1.jar
7f670c0a7000-7f670c0ad000 r--s 00034000 08:07 1162746                    /home/ranjeet/.m2/repository/junit/junit/4.8.2/junit-4.8.2.jar
7f670c0ad000-7f670cba5000 rw-p 00000000 00:00 0 
7f670cba5000-7f670cd56000 r--s 01d29000 08:07 801635                     /usr/lib/jvm/java-7-openjdk-amd64/jre/lib/rt.jar
7f670cd56000-7f670d084000 rw-p 00000000 00:00 0 
7f670d084000-7f670d085000 ---p 00000000 00:00 0 
7f670d085000-7f670d185000 rw-p 00000000 00:00 0                          [stack:12280]
7f670d185000-7f670d186000 ---p 00000000 00:00 0 
7f670d186000-7f670d286000 rw-p 00000000 00:00 0                          [stack:12279]
7f670d286000-7f670d287000 ---p 00000000 00:00 0 
7f670d287000-7f670d387000 rw-p 00000000 00:00 0                          [stack:12278]
7f670d387000-7f670d388000 ---p 00000000 00:00 0 
7f670d388000-7f670d493000 rw-p 00000000 00:00 0                          [stack:12277]
7f670d493000-7f670d4db000 rw-p 00000000 00:00 0 
7f670d4db000-7f670d4ef000 rw-p 00000000 00:00 0 
7f670d4ef000-7f670d61d000 rw-p 00000000 00:00 0 
7f670d61d000-7f670d628000 rw-p 00000000 00:00 0 
7f670d628000-7f670d670000 rw-p 00000000 00:00 0 
7f670d670000-7f670d684000 rw-p 00000000 00:00 0 
7f670d684000-7f670d7b1000 rw-p 00000000 00:00 0 
7f670d7b1000-7f670d7bc000 rw-p 00000000 00:00 0 
7f670d7bc000-7f670d852000 rw-p 00000000 00:00 0 
7f670d852000-7f670d853000 rw-p 00000000 00:00 0 
7f670d853000-7f670d85b000 r-xp 00000000 08:07 803502                     /usr/lib/jvm/java-7-openjdk-amd64/jre/lib/amd64/libzip.so
7f670d85b000-7f670da5a000 ---p 00008000 08:07 803502                     /usr/lib/jvm/java-7-openjdk-amd64/jre/lib/amd64/libzip.so
7f670da5a000-7f670da5b000 r--p 00007000 08:07 803502                     /usr/lib/jvm/java-7-openjdk-amd64/jre/lib/amd64/libzip.so
7f670da5b000-7f670da5c000 rw-p 00008000 08:07 803502                     /usr/lib/jvm/java-7-openjdk-amd64/jre/lib/amd64/libzip.so
7f670da5c000-7f670da67000 r-xp 00000000 08:07 823802                     /lib/x86_64-linux-gnu/libnss_files-2.19.so
7f670da67000-7f670dc66000 ---p 0000b000 08:07 823802                     /lib/x86_64-linux-gnu/libnss_files-2.19.so
7f670dc66000-7f670dc67000 r--p 0000a000 08:07 823802                     /lib/x86_64-linux-gnu/libnss_files-2.19.so
7f670dc67000-7f670dc68000 rw-p 0000b000 08:07 823802                     /lib/x86_64-linux-gnu/libnss_files-2.19.so
7f670dc68000-7f670dc73000 r-xp 00000000 08:07 849360                     /lib/x86_64-linux-gnu/libnss_nis-2.19.so
7f670dc73000-7f670de72000 ---p 0000b000 08:07 849360                     /lib/x86_64-linux-gnu/libnss_nis-2.19.so
7f670de72000-7f670de73000 r--p 0000a000 08:07 849360                     /lib/x86_64-linux-gnu/libnss_nis-2.19.so
7f670de73000-7f670de74000 rw-p 0000b000 08:07 849360                     /lib/x86_64-linux-gnu/libnss_nis-2.19.so
7f670de74000-7f670de8b000 r-xp 00000000 08:07 839260                     /lib/x86_64-linux-gnu/libnsl-2.19.so
7f670de8b000-7f670e08a000 ---p 00017000 08:07 839260                     /lib/x86_64-linux-gnu/libnsl-2.19.so
7f670e08a000-7f670e08b000 r--p 00016000 08:07 839260                     /lib/x86_64-linux-gnu/libnsl-2.19.so
7f670e08b000-7f670e08c000 rw-p 00017000 08:07 839260                     /lib/x86_64-linux-gnu/libnsl-2.19.so
7f670e08c000-7f670e08e000 rw-p 00000000 00:00 0 
7f670e08e000-7f670e097000 r-xp 00000000 08:07 839243                     /lib/x86_64-linux-gnu/libnss_compat-2.19.so
7f670e097000-7f670e296000 ---p 00009000 08:07 839243                     /lib/x86_64-linux-gnu/libnss_compat-2.19.so
7f670e296000-7f670e297000 r--p 00008000 08:07 839243                     /lib/x86_64-linux-gnu/libnss_compat-2.19.so
7f670e297000-7f670e298000 rw-p 00009000 08:07 839243                     /lib/x86_64-linux-gnu/libnss_compat-2.19.so
7f670e298000-7f670e2c3000 r-xp 00000000 08:07 843581                     /usr/lib/jvm/java-7-openjdk-amd64/jre/lib/amd64/libjava.so
7f670e2c3000-7f670e4c2000 ---p 0002b000 08:07 843581                     /usr/lib/jvm/java-7-openjdk-amd64/jre/lib/amd64/libjava.so
7f670e4c2000-7f670e4c3000 r--p 0002a000 08:07 843581                     /usr/lib/jvm/java-7-openjdk-amd64/jre/lib/amd64/libjava.so
7f670e4c3000-7f670e4c5000 rw-p 0002b000 08:07 843581                     /usr/lib/jvm/java-7-openjdk-amd64/jre/lib/amd64/libjava.so
7f670e4c5000-7f670e4d5000 r-xp 00000000 08:07 806928                     /usr/lib/jvm/java-7-openjdk-amd64/jre/lib/amd64/libverify.so
7f670e4d5000-7f670e6d4000 ---p 00010000 08:07 806928                     /usr/lib/jvm/java-7-openjdk-amd64/jre/lib/amd64/libverify.so
7f670e6d4000-7f670e6d6000 r--p 0000f000 08:07 806928                     /usr/lib/jvm/java-7-openjdk-amd64/jre/lib/amd64/libverify.so
7f670e6d6000-7f670e6d7000 rw-p 00011000 08:07 806928                     /usr/lib/jvm/java-7-openjdk-amd64/jre/lib/amd64/libverify.so
7f670e6d7000-7f670e6de000 r-xp 00000000 08:07 848817                     /lib/x86_64-linux-gnu/librt-2.19.so
7f670e6de000-7f670e8dd000 ---p 00007000 08:07 848817                     /lib/x86_64-linux-gnu/librt-2.19.so
7f670e8dd000-7f670e8de000 r--p 00006000 08:07 848817                     /lib/x86_64-linux-gnu/librt-2.19.so
7f670e8de000-7f670e8df000 rw-p 00007000 08:07 848817                     /lib/x86_64-linux-gnu/librt-2.19.so
7f670e8df000-7f670e8f5000 r-xp 00000000 08:07 798058                     /lib/x86_64-linux-gnu/libgcc_s.so.1
7f670e8f5000-7f670eaf4000 ---p 00016000 08:07 798058                     /lib/x86_64-linux-gnu/libgcc_s.so.1
7f670eaf4000-7f670eaf5000 rw-p 00015000 08:07 798058                     /lib/x86_64-linux-gnu/libgcc_s.so.1
7f670eaf5000-7f670ebfa000 r-xp 00000000 08:07 821923                     /lib/x86_64-linux-gnu/libm-2.19.so
7f670ebfa000-7f670edf9000 ---p 00105000 08:07 821923                     /lib/x86_64-linux-gnu/libm-2.19.so
7f670edf9000-7f670edfa000 r--p 00104000 08:07 821923                     /lib/x86_64-linux-gnu/libm-2.19.so
7f670edfa000-7f670edfb000 rw-p 00105000 08:07 821923                     /lib/x86_64-linux-gnu/libm-2.19.so
7f670edfb000-7f670eee1000 r-xp 00000000 08:07 919521                     /usr/lib/x86_64-linux-gnu/libstdc++.so.6.0.19
7f670eee1000-7f670f0e0000 ---p 000e6000 08:07 919521                     /usr/lib/x86_64-linux-gnu/libstdc++.so.6.0.19
7f670f0e0000-7f670f0e8000 r--p 000e5000 08:07 919521                     /usr/lib/x86_64-linux-gnu/libstdc++.so.6.0.19
7f670f0e8000-7f670f0ea000 rw-p 000ed000 08:07 919521                     /usr/lib/x86_64-linux-gnu/libstdc++.so.6.0.19
7f670f0ea000-7f670f0ff000 rw-p 00000000 00:00 0 
7f670f0ff000-7f670fc18000 r-xp 00000000 08:07 803513                     /usr/lib/jvm/java-7-openjdk-amd64/jre/lib/amd64/server/libjvm.so
7f670fc18000-7f670fe18000 ---p 00b19000 08:07 803513                     /usr/lib/jvm/java-7-openjdk-amd64/jre/lib/amd64/server/libjvm.so
7f670fe18000-7f670feb2000 r--p 00b19000 08:07 803513                     /usr/lib/jvm/java-7-openjdk-amd64/jre/lib/amd64/server/libjvm.so
7f670feb2000-7f670fed5000 rw-p 00bb3000 08:07 803513                     /usr/lib/jvm/java-7-openjdk-amd64/jre/lib/amd64/server/libjvm.so
7f670fed5000-7f670ff03000 rw-p 00000000 00:00 0 
7f670ff03000-7f670ff1b000 r-xp 00000000 08:07 791086                     /lib/x86_64-linux-gnu/libz.so.1.2.8
7f670ff1b000-7f671011a000 ---p 00018000 08:07 791086                     /lib/x86_64-linux-gnu/libz.so.1.2.8
7f671011a000-7f671011b000 r--p 00017000 08:07 791086                     /lib/x86_64-linux-gnu/libz.so.1.2.8
7f671011b000-7f671011c000 rw-p 00018000 08:07 791086                     /lib/x86_64-linux-gnu/libz.so.1.2.8
7f671011c000-7f6710135000 r-xp 00000000 08:07 843681                     /lib/x86_64-linux-gnu/libpthread-2.19.so
7f6710135000-7f6710334000 ---p 00019000 08:07 843681                     /lib/x86_64-linux-gnu/libpthread-2.19.so
7f6710334000-7f6710335000 r--p 00018000 08:07 843681                     /lib/x86_64-linux-gnu/libpthread-2.19.so
7f6710335000-7f6710336000 rw-p 00019000 08:07 843681                     /lib/x86_64-linux-gnu/libpthread-2.19.so
7f6710336000-7f671033a000 rw-p 00000000 00:00 0 
7f671033a000-7f671033d000 r-xp 00000000 08:07 836209                     /lib/x86_64-linux-gnu/libdl-2.19.so
7f671033d000-7f671053c000 ---p 00003000 08:07 836209                     /lib/x86_64-linux-gnu/libdl-2.19.so
7f671053c000-7f671053d000 r--p 00002000 08:07 836209                     /lib/x86_64-linux-gnu/libdl-2.19.so
7f671053d000-7f671053e000 rw-p 00003000 08:07 836209                     /lib/x86_64-linux-gnu/libdl-2.19.so
7f671053e000-7f67106f9000 r-xp 00000000 08:07 839404                     /lib/x86_64-linux-gnu/libc-2.19.so
7f67106f9000-7f67108f8000 ---p 001bb000 08:07 839404                     /lib/x86_64-linux-gnu/libc-2.19.so
7f67108f8000-7f67108fc000 r--p 001ba000 08:07 839404                     /lib/x86_64-linux-gnu/libc-2.19.so
7f67108fc000-7f67108fe000 rw-p 001be000 08:07 839404                     /lib/x86_64-linux-gnu/libc-2.19.so
7f67108fe000-7f6710903000 rw-p 00000000 00:00 0 
7f6710903000-7f6710910000 r-xp 00000000 08:07 803511                     /usr/lib/jvm/java-7-openjdk-amd64/jre/lib/amd64/jli/libjli.so
7f6710910000-7f6710b0f000 ---p 0000d000 08:07 803511                     /usr/lib/jvm/java-7-openjdk-amd64/jre/lib/amd64/jli/libjli.so
7f6710b0f000-7f6710b10000 r--p 0000c000 08:07 803511                     /usr/lib/jvm/java-7-openjdk-amd64/jre/lib/amd64/jli/libjli.so
7f6710b10000-7f6710b11000 rw-p 0000d000 08:07 803511                     /usr/lib/jvm/java-7-openjdk-amd64/jre/lib/amd64/jli/libjli.so
7f6710b11000-7f6710b34000 r-xp 00000000 08:07 839293                     /lib/x86_64-linux-gnu/ld-2.19.so
7f6710b34000-7f6710b35000 r--s 0000f000 08:07 1162793                    /home/ranjeet/.m2/repository/org/json/json/20140107/json-20140107.jar
7f6710b35000-7f6710b36000 r--s 00007000 08:07 1162749                    /home/ranjeet/.m2/repository/org/slf4j/slf4j-api/1.7.12/slf4j-api-1.7.12.jar
7f6710b36000-7f6710b3a000 r--s 00034000 08:07 803451                     /usr/lib/jvm/java-7-openjdk-amd64/jre/lib/ext/sunjce_provider.jar
7f6710b3a000-7f6710b3b000 r--s 00002000 08:07 803257                     /usr/lib/jvm/java-7-openjdk-amd64/jre/lib/ext/dnsns.jar
7f6710b3b000-7f6710b3f000 r--s 00085000 08:07 803232                     /usr/lib/jvm/java-7-openjdk-amd64/jre/lib/ext/localedata.jar
7f6710b3f000-7f6710b41000 r--s 00006000 08:07 153606                     /usr/share/java/java-atk-wrapper.jar
7f6710b41000-7f6710b45000 r--s 0003c000 08:07 803452                     /usr/lib/jvm/java-7-openjdk-amd64/jre/lib/ext/sunpkcs11.jar
7f6710b45000-7f6710b47000 r--s 00012000 08:07 803467                     /usr/lib/jvm/java-7-openjdk-amd64/jre/lib/ext/zipfs.jar
7f6710b47000-7f6710b4a000 r--s 0000f000 08:07 803459                     /usr/lib/jvm/java-7-openjdk-amd64/jre/lib/ext/icedtea-sound.jar
7f6710b4a000-7f6710b54000 rw-p 00000000 00:00 0 
7f6710b54000-7f6710c0a000 rw-p 00000000 00:00 0 
7f6710c0a000-7f6710c0d000 ---p 00000000 00:00 0 
7f6710c0d000-7f6710d27000 rw-p 00000000 00:00 0                          [stack:12276]
7f6710d27000-7f6710d2f000 rw-s 00000000 08:07 1179655                    /tmp/hsperfdata_ranjeet/12270
7f6710d2f000-7f6710d30000 rw-p 00000000 00:00 0 
7f6710d30000-7f6710d31000 r--p 00000000 00:00 0 
7f6710d31000-7f6710d33000 rw-p 00000000 00:00 0 
7f6710d33000-7f6710d34000 r--p 00022000 08:07 839293                     /lib/x86_64-linux-gnu/ld-2.19.so
7f6710d34000-7f6710d35000 rw-p 00023000 08:07 839293                     /lib/x86_64-linux-gnu/ld-2.19.so
7f6710d35000-7f6710d36000 rw-p 00000000 00:00 0 
7ffe168b9000-7ffe168da000 rw-p 00000000 00:00 0                          [stack]
7ffe169f0000-7ffe169f2000 r-xp 00000000 00:00 0                          [vdso]
ffffffffff600000-ffffffffff601000 r-xp 00000000 00:00 0                  [vsyscall]

VM Arguments:
jvm_args: -Dfile.encoding=UTF-8 
java_command: org.eclipse.jdt.internal.junit.runner.RemoteTestRunner -version 3 -port 33558 -testLoaderClass org.eclipse.jdt.internal.junit4.runner.JUnit4TestLoader -loaderpluginname org.eclipse.jdt.junit4.runtime -classNames io.cloudboost.CloudQueryTest
Launcher Type: SUN_STANDARD

Environment Variables:
PATH=/usr/local/sbin:/usr/local/bin:/usr/sbin:/usr/bin:/sbin:/bin:/usr/games:/usr/local/games
SHELL=/bin/bash
DISPLAY=:0

Signal Handlers:
SIGSEGV: [libjvm.so+0x94bab0], sa_mask[0]=0x7ffbfeff, sa_flags=0x10000004
SIGBUS: [libjvm.so+0x94bab0], sa_mask[0]=0x7ffbfeff, sa_flags=0x10000004
SIGFPE: [libjvm.so+0x7c38b0], sa_mask[0]=0x7ffbfeff, sa_flags=0x10000004
SIGPIPE: [libjvm.so+0x7c38b0], sa_mask[0]=0x7ffbfeff, sa_flags=0x10000004
SIGXFSZ: [libjvm.so+0x7c38b0], sa_mask[0]=0x7ffbfeff, sa_flags=0x10000004
SIGILL: [libjvm.so+0x7c38b0], sa_mask[0]=0x7ffbfeff, sa_flags=0x10000004
SIGUSR1: SIG_DFL, sa_mask[0]=0x00000000, sa_flags=0x00000000
SIGUSR2: [libjvm.so+0x7c3750], sa_mask[0]=0x00000004, sa_flags=0x10000004
SIGHUP: [libjvm.so+0x7c3930], sa_mask[0]=0x7ffbfeff, sa_flags=0x10000004
SIGINT: [libjvm.so+0x7c3930], sa_mask[0]=0x7ffbfeff, sa_flags=0x10000004
SIGTERM: [libjvm.so+0x7c3930], sa_mask[0]=0x7ffbfeff, sa_flags=0x10000004
SIGQUIT: [libjvm.so+0x7c3930], sa_mask[0]=0x7ffbfeff, sa_flags=0x10000004
SIGTRAP: SIG_DFL, sa_mask[0]=0x00000000, sa_flags=0x00000000


---------------  S Y S T E M  ---------------

OS:Ubuntu 14.04 (trusty)
uname:Linux 3.13.0-53-generic #89-Ubuntu SMP Wed May 20 10:34:39 UTC 2015 x86_64
libc:glibc 2.19 NPTL 2.19 
rlimit: STACK 8192k, CORE 0k, NPROC 30655, NOFILE 4096, AS infinity
load average:0.33 0.33 0.46

/proc/meminfo:
MemTotal:        3945468 kB
MemFree:          209340 kB
Buffers:          468764 kB
Cached:          1329216 kB
SwapCached:            0 kB
Active:          1780848 kB
Inactive:        1770004 kB
Active(anon):    1385812 kB
Inactive(anon):   541788 kB
Active(file):     395036 kB
Inactive(file):  1228216 kB
Unevictable:         116 kB
Mlocked:             116 kB
SwapTotal:       2035708 kB
SwapFree:        2035708 kB
Dirty:               672 kB
Writeback:             0 kB
AnonPages:       1753000 kB
Mapped:           255380 kB
Shmem:            174720 kB
Slab:              92312 kB
SReclaimable:      57964 kB
SUnreclaim:        34348 kB
KernelStack:        4856 kB
PageTables:        33396 kB
NFS_Unstable:          0 kB
Bounce:                0 kB
WritebackTmp:          0 kB
CommitLimit:     4008440 kB
Committed_AS:    5108832 kB
VmallocTotal:   34359738367 kB
VmallocUsed:      545284 kB
VmallocChunk:   34359182300 kB
HardwareCorrupted:     0 kB
AnonHugePages:    370688 kB
HugePages_Total:       0
HugePages_Free:        0
HugePages_Rsvd:        0
HugePages_Surp:        0
Hugepagesize:       2048 kB
DirectMap4k:       72448 kB
DirectMap2M:     4020224 kB


CPU:total 4 (2 cores per cpu, 2 threads per core) family 6 model 42 stepping 7, cmov, cx8, fxsr, mmx, sse, sse2, sse3, ssse3, sse4.1, sse4.2, popcnt, avx, ht, tsc, tscinvbit

/proc/cpuinfo:
processor	: 0
vendor_id	: GenuineIntel
cpu family	: 6
model		: 42
model name	: Intel(R) Core(TM) i3-2328M CPU @ 2.20GHz
stepping	: 7
microcode	: 0x25
cpu MHz		: 800.000
cache size	: 3072 KB
physical id	: 0
siblings	: 4
core id		: 0
cpu cores	: 2
apicid		: 0
initial apicid	: 0
fpu		: yes
fpu_exception	: yes
cpuid level	: 13
wp		: yes
flags		: fpu vme de pse tsc msr pae mce cx8 apic sep mtrr pge mca cmov pat pse36 clflush dts acpi mmx fxsr sse sse2 ss ht tm pbe syscall nx rdtscp lm constant_tsc arch_perfmon pebs bts rep_good nopl xtopology nonstop_tsc aperfmperf eagerfpu pni pclmulqdq dtes64 monitor ds_cpl vmx est tm2 ssse3 cx16 xtpr pdcm pcid sse4_1 sse4_2 x2apic popcnt tsc_deadline_timer xsave avx lahf_lm arat epb xsaveopt pln pts dtherm tpr_shadow vnmi flexpriority ept vpid
bogomips	: 4390.30
clflush size	: 64
cache_alignment	: 64
address sizes	: 36 bits physical, 48 bits virtual
power management:

processor	: 1
vendor_id	: GenuineIntel
cpu family	: 6
model		: 42
model name	: Intel(R) Core(TM) i3-2328M CPU @ 2.20GHz
stepping	: 7
microcode	: 0x25
cpu MHz		: 1900.000
cache size	: 3072 KB
physical id	: 0
siblings	: 4
core id		: 0
cpu cores	: 2
apicid		: 1
initial apicid	: 1
fpu		: yes
fpu_exception	: yes
cpuid level	: 13
wp		: yes
flags		: fpu vme de pse tsc msr pae mce cx8 apic sep mtrr pge mca cmov pat pse36 clflush dts acpi mmx fxsr sse sse2 ss ht tm pbe syscall nx rdtscp lm constant_tsc arch_perfmon pebs bts rep_good nopl xtopology nonstop_tsc aperfmperf eagerfpu pni pclmulqdq dtes64 monitor ds_cpl vmx est tm2 ssse3 cx16 xtpr pdcm pcid sse4_1 sse4_2 x2apic popcnt tsc_deadline_timer xsave avx lahf_lm arat epb xsaveopt pln pts dtherm tpr_shadow vnmi flexpriority ept vpid
bogomips	: 4390.30
clflush size	: 64
cache_alignment	: 64
address sizes	: 36 bits physical, 48 bits virtual
power management:

processor	: 2
vendor_id	: GenuineIntel
cpu family	: 6
model		: 42
model name	: Intel(R) Core(TM) i3-2328M CPU @ 2.20GHz
stepping	: 7
microcode	: 0x25
cpu MHz		: 800.000
cache size	: 3072 KB
physical id	: 0
siblings	: 4
core id		: 1
cpu cores	: 2
apicid		: 2
initial apicid	: 2
fpu		: yes
fpu_exception	: yes
cpuid level	: 13
wp		: yes
flags		: fpu vme de pse tsc msr pae mce cx8 apic sep mtrr pge mca cmov pat pse36 clflush dts acpi mmx fxsr sse sse2 ss ht tm pbe syscall nx rdtscp lm constant_tsc arch_perfmon pebs bts rep_good nopl xtopology nonstop_tsc aperfmperf eagerfpu pni pclmulqdq dtes64 monitor ds_cpl vmx est tm2 ssse3 cx16 xtpr pdcm pcid sse4_1 sse4_2 x2apic popcnt tsc_deadline_timer xsave avx lahf_lm arat epb xsaveopt pln pts dtherm tpr_shadow vnmi flexpriority ept vpid
bogomips	: 4390.30
clflush size	: 64
cache_alignment	: 64
address sizes	: 36 bits physical, 48 bits virtual
power management:

processor	: 3
vendor_id	: GenuineIntel
cpu family	: 6
model		: 42
model name	: Intel(R) Core(TM) i3-2328M CPU @ 2.20GHz
stepping	: 7
microcode	: 0x25
cpu MHz		: 800.000
cache size	: 3072 KB
physical id	: 0
siblings	: 4
core id		: 1
cpu cores	: 2
apicid		: 3
initial apicid	: 3
fpu		: yes
fpu_exception	: yes
cpuid level	: 13
wp		: yes
flags		: fpu vme de pse tsc msr pae mce cx8 apic sep mtrr pge mca cmov pat pse36 clflush dts acpi mmx fxsr sse sse2 ss ht tm pbe syscall nx rdtscp lm constant_tsc arch_perfmon pebs bts rep_good nopl xtopology nonstop_tsc aperfmperf eagerfpu pni pclmulqdq dtes64 monitor ds_cpl vmx est tm2 ssse3 cx16 xtpr pdcm pcid sse4_1 sse4_2 x2apic popcnt tsc_deadline_timer xsave avx lahf_lm arat epb xsaveopt pln pts dtherm tpr_shadow vnmi flexpriority ept vpid
bogomips	: 4390.30
clflush size	: 64
cache_alignment	: 64
address sizes	: 36 bits physical, 48 bits virtual
power management:



Memory: 4k page, physical 3945468k(209340k free), swap 2035708k(2035708k free)

vm_info: OpenJDK 64-Bit Server VM (24.79-b02) for linux-amd64 JRE (1.7.0_79-b14), built on Jul 24 2015 08:15:54 by "buildd" with gcc 4.8.2

time: Sat Oct 17 10:29:16 2015
elapsed time: 41 seconds

