#
# A fatal error has been detected by the Java Runtime Environment:
#
#  SIGSEGV (0xb) at pc=0x00007ff202962da0, pid=11919, tid=140677390538496
#
# JRE version: OpenJDK Runtime Environment (7.0_79-b14) (build 1.7.0_79-b14)
# Java VM: OpenJDK 64-Bit Server VM (24.79-b02 mixed mode linux-amd64 compressed oops)
# Derivative: IcedTea 2.5.6
# Distribution: Ubuntu 14.04 LTS, package 7u79-2.5.6-0ubuntu1.14.04.1
# Problematic frame:
# C  [sqlite-3.8.11.1-9226c963-68c8-4e67-8b4a-3ddd75eb063f-libsqlitejdbc.so+0x15da0]
#
# Failed to write core dump. Core dumps have been disabled. To enable core dumping, try "ulimit -c unlimited" before starting Java again
#
# If you would like to submit a bug report, please include
# instructions on how to reproduce the bug and visit:
#   http://icedtea.classpath.org/bugzilla
# The crash happened outside the Java Virtual Machine in native code.
# See problematic frame for where to report the bug.
#

---------------  T H R E A D  ---------------

Current thread (0x00007ff2481e6800):  JavaThread "Thread-2" [_thread_in_native, id=12353, stack(0x00007ff201d41000,0x00007ff201e42000)]

siginfo:si_signo=SIGSEGV: si_errno=0, si_code=1 (SEGV_MAPERR), si_addr=0x0000000000000064

Registers:
RAX=0x0000000000000000, RBX=0x00000000b9aae430, RCX=0x0000000000000000, RDX=0x00007ff24f565e40
RSP=0x00007ff201e3ffa8, RBP=0x00007ff201e40010, RSI=0x00007ff201e40030, RDI=0x0000000000000000
R8 =0x0000000000000000, R9 =0x0000000000000003, R10=0x00007ff245019c33, R11=0x00007ff24efde2f0
R12=0x0000000000000000, R13=0x00000000b9aae430, R14=0x00007ff201e40030, R15=0x00007ff2481e6800
RIP=0x00007ff202962da0, EFLAGS=0x0000000000010202, CSGSFS=0x0000000000000033, ERR=0x0000000000000004
  TRAPNO=0x000000000000000e

Top of Stack: (sp=0x00007ff201e3ffa8)
0x00007ff201e3ffa8:   00007ff245019c5f 0000000000000000
0x00007ff201e3ffb8:   00007ff245019709 0000000000000003
0x00007ff201e3ffc8:   00000000ec3f3828 00007ff201e3ffc0
0x00007ff201e3ffd8:   00000000b9aae430 00007ff201e40030
0x00007ff201e3ffe8:   00000000b9bb20b0 0000000000000000
0x00007ff201e3fff8:   00000000b9aae430 0000000000000000
0x00007ff201e40008:   00007ff201e40030 00007ff201e40078
0x00007ff201e40018:   00007ff245006254 0000000000000000
0x00007ff201e40028:   00007ff245012f36 00000000ec3f3828
0x00007ff201e40038:   00007ff201e40038 00000000b9bcf575
0x00007ff201e40048:   00007ff201e400b0 00000000b9bf2ac8
0x00007ff201e40058:   0000000000000000 00000000b9bcf618
0x00007ff201e40068:   00007ff201e40030 00007ff201e400a8
0x00007ff201e40078:   00007ff201e400f8 00007ff245006902
0x00007ff201e40088:   0000000000000000 0000000000000000
0x00007ff201e40098:   0000000000000000 0000000000000000
0x00007ff201e400a8:   00000000ec5b6c00 00000000ec5b6968
0x00007ff201e400b8:   00007ff201e400b8 00000000b9a753db
0x00007ff201e400c8:   00007ff201e40118 00000000b9a771b8
0x00007ff201e400d8:   0000000000000000 00000000b9a75448
0x00007ff201e400e8:   00007ff201e400a8 00007ff201e40118
0x00007ff201e400f8:   00007ff201e40160 00007ff2450060d8
0x00007ff201e40108:   00000000ec5b6c00 00000000ec5b6968
0x00007ff201e40118:   00000000ec5d9e80 00007ff201e40120
0x00007ff201e40128:   00000000b9defb11 00007ff201e40170
0x00007ff201e40138:   00000000b9deff08 0000000000000000
0x00007ff201e40148:   00000000b9defb30 00007ff201e40118
0x00007ff201e40158:   00007ff201e40170 00007ff201e401b8
0x00007ff201e40168:   00007ff2450060d8 00000000ec5d9e80
0x00007ff201e40178:   00007ff201e40178 00000000b9c5fd51
0x00007ff201e40188:   00007ff201e401f8 00000000b9c61a38
0x00007ff201e40198:   0000000000000000 00000000b9c5ff50 

Instructions: (pc=0x00007ff202962da0)
0x00007ff202962d80:   48 8b 47 30 c3 0f 1f 44 00 00 66 0f 1f 44 00 00
0x00007ff202962d90:   8b 47 60 c3 66 0f 1f 44 00 00 66 0f 1f 44 00 00
0x00007ff202962da0:   8b 47 64 c3 66 0f 1f 44 00 00 66 0f 1f 44 00 00
0x00007ff202962db0:   53 48 8b b7 00 03 00 00 48 89 fb 48 85 f6 74 1f 

Register to memory mapping:

RAX=0x0000000000000000 is an unknown value
RBX=0x00000000b9aae430 is an oop
{method} 
 - klass: {other class}
RCX=0x0000000000000000 is an unknown value
RDX=0x00007ff24f565e40: <offset 0xde4e40> in /usr/lib/jvm/java-7-openjdk-amd64/jre/lib/amd64/server/libjvm.so at 0x00007ff24e781000
RSP=0x00007ff201e3ffa8 is pointing into the stack for thread: 0x00007ff2481e6800
RBP=0x00007ff201e40010 is pointing into the stack for thread: 0x00007ff2481e6800
RSI=0x00007ff201e40030 is pointing into the stack for thread: 0x00007ff2481e6800
RDI=0x0000000000000000 is an unknown value
R8 =0x0000000000000000 is an unknown value
R9 =0x0000000000000003 is an unknown value
R10=0x00007ff245019c33 is at code_begin+1715 in an Interpreter codelet
method entry point (kind = native_synchronized)  [0x00007ff245019580, 0x00007ff24501a580]  4096 bytes
R11=0x00007ff24efde2f0: <offset 0x85d2f0> in /usr/lib/jvm/java-7-openjdk-amd64/jre/lib/amd64/server/libjvm.so at 0x00007ff24e781000
R12=0x0000000000000000 is an unknown value
R13=0x00000000b9aae430 is an oop
{method} 
 - klass: {other class}
R14=0x00007ff201e40030 is pointing into the stack for thread: 0x00007ff2481e6800
R15=0x00007ff2481e6800 is a thread


Stack: [0x00007ff201d41000,0x00007ff201e42000],  sp=0x00007ff201e3ffa8,  free space=1019k
Native frames: (J=compiled Java code, j=interpreted, Vv=VM code, C=native code)
C  [sqlite-3.8.11.1-9226c963-68c8-4e67-8b4a-3ddd75eb063f-libsqlitejdbc.so+0x15da0]
j  org.sqlite.jdbc3.JDBC3Statement.executeUpdate(Ljava/lang/String;)I+37
j  io.cloudboost.util.SqlLite.setSessionId(Ljava/lang/String;)V+59
j  io.cloudboost.PrivateMethod._setSessionId(Ljava/lang/String;)V+1
j  io.cloudboost.CloudObject.save(Lio/cloudboost/CloudObjectCallback;)V+193
j  io.cloudboost.CloudObjectTest.ShouldNotSaveStringIntoDate()V+31
v  ~StubRoutines::call_stub
V  [libjvm.so+0x5e80c9]  JavaCalls::call_helper(JavaValue*, methodHandle*, JavaCallArguments*, Thread*)+0x339
V  [libjvm.so+0x5e7b68]  JavaCalls::call(JavaValue*, methodHandle, JavaCallArguments*, Thread*)+0x28
V  [libjvm.so+0x840545]  Reflection::invoke(instanceKlassHandle, methodHandle, Handle, bool, objArrayHandle, BasicType, objArrayHandle, bool, Thread*)+0x4f5
V  [libjvm.so+0x841698]  Reflection::invoke_method(oopDesc*, Handle, objArrayHandle, Thread*)+0x188
V  [libjvm.so+0x633d70]  JVM_InvokeMethod+0x180
j  sun.reflect.NativeMethodAccessorImpl.invoke0(Ljava/lang/reflect/Method;Ljava/lang/Object;[Ljava/lang/Object;)Ljava/lang/Object;+0
j  sun.reflect.NativeMethodAccessorImpl.invoke(Ljava/lang/Object;[Ljava/lang/Object;)Ljava/lang/Object;+87
j  sun.reflect.DelegatingMethodAccessorImpl.invoke(Ljava/lang/Object;[Ljava/lang/Object;)Ljava/lang/Object;+6
j  java.lang.reflect.Method.invoke(Ljava/lang/Object;[Ljava/lang/Object;)Ljava/lang/Object;+57
j  org.junit.runners.model.FrameworkMethod$1.runReflectiveCall()Ljava/lang/Object;+15
j  org.junit.internal.runners.model.ReflectiveCallable.run()Ljava/lang/Object;+1
j  org.junit.runners.model.FrameworkMethod.invokeExplosively(Ljava/lang/Object;[Ljava/lang/Object;)Ljava/lang/Object;+10
j  org.junit.internal.runners.statements.InvokeMethod.evaluate()V+12
j  org.junit.internal.runners.statements.FailOnTimeout$1.run()V+7
v  ~StubRoutines::call_stub
V  [libjvm.so+0x5e80c9]  JavaCalls::call_helper(JavaValue*, methodHandle*, JavaCallArguments*, Thread*)+0x339
V  [libjvm.so+0x5e6f1e]  JavaCalls::call_virtual(JavaValue*, Handle, KlassHandle, Symbol*, Symbol*, Thread*)+0x20e
V  [libjvm.so+0x623391]  thread_entry(JavaThread*, Thread*)+0xd1
V  [libjvm.so+0x900f40]  JavaThread::thread_main_inner()+0xf0
V  [libjvm.so+0x9011b1]  JavaThread::run()+0x221
V  [libjvm.so+0x7c4f62]  java_start(Thread*)+0xf2

Java frames: (J=compiled Java code, j=interpreted, Vv=VM code)
j  org.sqlite.core.NativeDB.total_changes()I+0
j  org.sqlite.jdbc3.JDBC3Statement.executeUpdate(Ljava/lang/String;)I+37
j  io.cloudboost.util.SqlLite.setSessionId(Ljava/lang/String;)V+59
j  io.cloudboost.PrivateMethod._setSessionId(Ljava/lang/String;)V+1
j  io.cloudboost.CloudObject.save(Lio/cloudboost/CloudObjectCallback;)V+193
j  io.cloudboost.CloudObjectTest.ShouldNotSaveStringIntoDate()V+31
v  ~StubRoutines::call_stub
j  sun.reflect.NativeMethodAccessorImpl.invoke0(Ljava/lang/reflect/Method;Ljava/lang/Object;[Ljava/lang/Object;)Ljava/lang/Object;+0
j  sun.reflect.NativeMethodAccessorImpl.invoke(Ljava/lang/Object;[Ljava/lang/Object;)Ljava/lang/Object;+87
j  sun.reflect.DelegatingMethodAccessorImpl.invoke(Ljava/lang/Object;[Ljava/lang/Object;)Ljava/lang/Object;+6
j  java.lang.reflect.Method.invoke(Ljava/lang/Object;[Ljava/lang/Object;)Ljava/lang/Object;+57
j  org.junit.runners.model.FrameworkMethod$1.runReflectiveCall()Ljava/lang/Object;+15
j  org.junit.internal.runners.model.ReflectiveCallable.run()Ljava/lang/Object;+1
j  org.junit.runners.model.FrameworkMethod.invokeExplosively(Ljava/lang/Object;[Ljava/lang/Object;)Ljava/lang/Object;+10
j  org.junit.internal.runners.statements.InvokeMethod.evaluate()V+12
j  org.junit.internal.runners.statements.FailOnTimeout$1.run()V+7
v  ~StubRoutines::call_stub

---------------  P R O C E S S  ---------------

Java Threads: ( => current thread )
  0x00007ff1dc001800 JavaThread "Hashed wheel timer #4" [_thread_blocked, id=12378, stack(0x00007ff201236000,0x00007ff201337000)]
  0x00007ff1c4109800 JavaThread "New I/O boss #18" [_thread_in_native, id=12377, stack(0x00007ff201337000,0x00007ff201438000)]
  0x00007ff1c40ea000 JavaThread "New I/O worker #17" daemon [_thread_in_native, id=12376, stack(0x00007ff201438000,0x00007ff201539000)]
  0x00007ff1c40cb000 JavaThread "New I/O worker #16" daemon [_thread_in_native, id=12375, stack(0x00007ff201539000,0x00007ff20163a000)]
  0x00007ff1c40ac000 JavaThread "New I/O worker #15" daemon [_thread_in_native, id=12374, stack(0x00007ff20163a000,0x00007ff20173b000)]
  0x00007ff1c408c800 JavaThread "New I/O worker #14" daemon [_thread_in_native, id=12373, stack(0x00007ff20173b000,0x00007ff20183c000)]
  0x00007ff1c406d800 JavaThread "New I/O worker #13" daemon [_thread_in_native, id=12372, stack(0x00007ff20183c000,0x00007ff20193d000)]
  0x00007ff1c404e800 JavaThread "New I/O worker #12" daemon [_thread_in_native, id=12371, stack(0x00007ff20193d000,0x00007ff201a3e000)]
  0x00007ff1c402f800 JavaThread "New I/O worker #11" daemon [_thread_in_native, id=12370, stack(0x00007ff201a3e000,0x00007ff201b3f000)]
  0x00007ff1c4010800 JavaThread "New I/O worker #10" daemon [_thread_in_native, id=12369, stack(0x00007ff201b3f000,0x00007ff201c40000)]
  0x00007ff1c4001800 JavaThread "Hashed wheel timer #3" [_thread_blocked, id=12367, stack(0x00007ff201c40000,0x00007ff201d41000)]
=>0x00007ff2481e6800 JavaThread "Thread-2" [_thread_in_native, id=12353, stack(0x00007ff201d41000,0x00007ff201e42000)]
  0x00007ff1cc001800 JavaThread "Hashed wheel timer #2" [_thread_blocked, id=12284, stack(0x00007ff201e42000,0x00007ff201f43000)]
  0x00007ff1f407e800 JavaThread "New I/O boss #9" [_thread_in_native, id=12234, stack(0x00007ff201f43000,0x00007ff202044000)]
  0x00007ff1f409c000 JavaThread "New I/O worker #8" daemon [_thread_in_native, id=12220, stack(0x00007ff202044000,0x00007ff202145000)]
  0x00007ff1f409a000 JavaThread "New I/O worker #7" daemon [_thread_in_native, id=12218, stack(0x00007ff202145000,0x00007ff202246000)]
  0x00007ff1f4089800 JavaThread "New I/O worker #6" daemon [_thread_in_native, id=12217, stack(0x00007ff202246000,0x00007ff202347000)]
  0x00007ff1f4087800 JavaThread "New I/O worker #5" daemon [_thread_in_native, id=12216, stack(0x00007ff202347000,0x00007ff202448000)]
  0x00007ff1f4086000 JavaThread "New I/O worker #4" daemon [_thread_in_native, id=12215, stack(0x00007ff202448000,0x00007ff202549000)]
  0x00007ff1f408c000 JavaThread "New I/O worker #3" daemon [_thread_in_native, id=12214, stack(0x00007ff202549000,0x00007ff20264a000)]
  0x00007ff1f408a800 JavaThread "New I/O worker #2" daemon [_thread_in_native, id=12211, stack(0x00007ff20264a000,0x00007ff20274b000)]
  0x00007ff1f40c7800 JavaThread "New I/O worker #1" daemon [_thread_in_native, id=12209, stack(0x00007ff20274b000,0x00007ff20284c000)]
  0x00007ff1f40a2800 JavaThread "Hashed wheel timer #1" [_thread_blocked, id=12173, stack(0x00007ff20284c000,0x00007ff20294d000)]
  0x00007ff2481a9800 JavaThread "ReaderThread" [_thread_in_native, id=11957, stack(0x00007ff202f1e000,0x00007ff20301f000)]
  0x00007ff2480c3000 JavaThread "Service Thread" daemon [_thread_blocked, id=11952, stack(0x00007ff240796000,0x00007ff240897000)]
  0x00007ff2480c0800 JavaThread "C2 CompilerThread1" daemon [_thread_blocked, id=11951, stack(0x00007ff240897000,0x00007ff240998000)]
  0x00007ff2480bd800 JavaThread "C2 CompilerThread0" daemon [_thread_blocked, id=11950, stack(0x00007ff240998000,0x00007ff240a99000)]
  0x00007ff220001000 JavaThread "JDWP Command Reader" daemon [_thread_in_native, id=11943, stack(0x00007ff240a99000,0x00007ff240b9a000)]
  0x00007ff2480bb800 JavaThread "JDWP Event Helper Thread" daemon [_thread_blocked, id=11942, stack(0x00007ff240b9a000,0x00007ff240c9b000)]
  0x00007ff2480b8000 JavaThread "JDWP Transport Listener: dt_socket" daemon [_thread_blocked, id=11940, stack(0x00007ff240c9b000,0x00007ff240d9c000)]
  0x00007ff2480aa800 JavaThread "Signal Dispatcher" daemon [_thread_blocked, id=11938, stack(0x00007ff240fa1000,0x00007ff2410a2000)]
  0x00007ff24807f000 JavaThread "Finalizer" daemon [_thread_blocked, id=11936, stack(0x00007ff2410a2000,0x00007ff2411a3000)]
  0x00007ff24807d000 JavaThread "Reference Handler" daemon [_thread_blocked, id=11935, stack(0x00007ff2411a3000,0x00007ff2412a4000)]
  0x00007ff24800d000 JavaThread "main" [_thread_blocked, id=11921, stack(0x00007ff25028c000,0x00007ff25038d000)]

Other Threads:
  0x00007ff248078800 VMThread [stack: 0x00007ff2412a4000,0x00007ff2413a5000] [id=11934]
  0x00007ff2480ce000 WatcherThread [stack: 0x00007ff240695000,0x00007ff240796000] [id=11953]

VM state:not at safepoint (normal execution)

VM Mutex/Monitor currently owned by a thread: None

Heap
 PSYoungGen      total 18432K, used 10188K [0x00000000ebe80000, 0x00000000ed300000, 0x0000000100000000)
  eden space 15872K, 48% used [0x00000000ebe80000,0x00000000ec613e58,0x00000000ece00000)
  from space 2560K, 94% used [0x00000000ece00000,0x00000000ed05f218,0x00000000ed080000)
  to   space 2560K, 0% used [0x00000000ed080000,0x00000000ed080000,0x00000000ed300000)
 ParOldGen       total 40960K, used 0K [0x00000000c3c00000, 0x00000000c6400000, 0x00000000ebe80000)
  object space 40960K, 0% used [0x00000000c3c00000,0x00000000c3c00000,0x00000000c6400000)
 PSPermGen       total 21504K, used 9166K [0x00000000b9600000, 0x00000000bab00000, 0x00000000c3c00000)
  object space 21504K, 42% used [0x00000000b9600000,0x00000000b9ef3bf0,0x00000000bab00000)

Card table byte_map: [0x00007ff24c17e000,0x00007ff24c3b4000] byte_map_base: 0x00007ff24bbb3000

Polling page: 0x00007ff2503b2000

Code Cache  [0x00007ff245000000, 0x00007ff245270000, 0x00007ff248000000)
 total_blobs=295 nmethods=34 adapters=222 free_code_cache=48646Kb largest_free_block=49796608

Compilation events (10 events):
Event: 10.479 Thread 0x00007ff2480bd800   30             java.lang.String::<init> (67 bytes)
Event: 10.484 Thread 0x00007ff2480bd800 nmethod 30 0x00007ff245073910 code [0x00007ff245073a60, 0x00007ff245073d78]
Event: 10.762 Thread 0x00007ff2480c0800   31             java.lang.StringBuilder::append (8 bytes)
Event: 10.763 Thread 0x00007ff2480c0800 nmethod 31 0x00007ff24507e0d0 code [0x00007ff24507e220, 0x00007ff24507e2a8]
Event: 11.318 Thread 0x00007ff2480bd800   32             java.lang.String::equals (81 bytes)
Event: 11.325 Thread 0x00007ff2480bd800 nmethod 32 0x00007ff245075a50 code [0x00007ff245075ba0, 0x00007ff245075eb8]
Event: 11.915 Thread 0x00007ff2480c0800   33             java.lang.Character::toLowerCase (9 bytes)
Event: 11.915 Thread 0x00007ff2480bd800   34             java.lang.CharacterDataLatin1::toLowerCase (39 bytes)
Event: 11.917 Thread 0x00007ff2480c0800 nmethod 33 0x00007ff245075610 code [0x00007ff245075760, 0x00007ff2450758b8]
Event: 11.918 Thread 0x00007ff2480bd800 nmethod 34 0x00007ff24507dc50 code [0x00007ff24507dd80, 0x00007ff24507de38]

GC Heap History (2 events):
Event: 10.506 GC heap before
{Heap before GC invocations=1 (full 0):
 PSYoungGen      total 18432K, used 15872K [0x00000000ebe80000, 0x00000000ed300000, 0x0000000100000000)
  eden space 15872K, 100% used [0x00000000ebe80000,0x00000000ece00000,0x00000000ece00000)
  from space 2560K, 0% used [0x00000000ed080000,0x00000000ed080000,0x00000000ed300000)
  to   space 2560K, 0% used [0x00000000ece00000,0x00000000ece00000,0x00000000ed080000)
 ParOldGen       total 40960K, used 0K [0x00000000c3c00000, 0x00000000c6400000, 0x00000000ebe80000)
  object space 40960K, 0% used [0x00000000c3c00000,0x00000000c3c00000,0x00000000c6400000)
 PSPermGen       total 21504K, used 7702K [0x00000000b9600000, 0x00000000bab00000, 0x00000000c3c00000)
  object space 21504K, 35% used [0x00000000b9600000,0x00000000b9d859a0,0x00000000bab00000)
Event: 10.514 GC heap after
Heap after GC invocations=1 (full 0):
 PSYoungGen      total 18432K, used 2428K [0x00000000ebe80000, 0x00000000ed300000, 0x0000000100000000)
  eden space 15872K, 0% used [0x00000000ebe80000,0x00000000ebe80000,0x00000000ece00000)
  from space 2560K, 94% used [0x00000000ece00000,0x00000000ed05f218,0x00000000ed080000)
  to   space 2560K, 0% used [0x00000000ed080000,0x00000000ed080000,0x00000000ed300000)
 ParOldGen       total 40960K, used 0K [0x00000000c3c00000, 0x00000000c6400000, 0x00000000ebe80000)
  object space 40960K, 0% used [0x00000000c3c00000,0x00000000c3c00000,0x00000000c6400000)
 PSPermGen       total 21504K, used 7702K [0x00000000b9600000, 0x00000000bab00000, 0x00000000c3c00000)
  object space 21504K, 35% used [0x00000000b9600000,0x00000000b9d859a0,0x00000000bab00000)
}

Deoptimization events (3 events):
Event: 7.071 Thread 0x00007ff2481e5000 Uncommon trap: reason=class_check action=maybe_recompile pc=0x00007ff24506e1bc method=java.util.Properties$LineReader.readLine()I @ 62
Event: 7.071 Thread 0x00007ff2481e5000 Uncommon trap: reason=class_check action=maybe_recompile pc=0x00007ff24506e1bc method=java.util.Properties$LineReader.readLine()I @ 62
Event: 10.943 Thread 0x00007ff2481e5000 Uncommon trap: reason=null_check action=make_not_entrant pc=0x00007ff245067938 method=java.lang.String.equals(Ljava/lang/Object;)Z @ 8

Internal exceptions (10 events):
Event: 18.463 Thread 0x00007ff1c4010800 Threw 0x00000000ec5c8c80 at /build/openjdk-7-FO0dNI/openjdk-7-7u79-2.5.6/build/openjdk/hotspot/src/share/vm/prims/jvm.cpp:1284
Event: 18.608 Thread 0x00007ff1c4010800 Threw 0x00000000ec5cf038 at /build/openjdk-7-FO0dNI/openjdk-7-7u79-2.5.6/build/openjdk/hotspot/src/share/vm/prims/jvm.cpp:1284
Event: 18.691 Thread 0x00007ff1c4010800 Threw 0x00000000ec5d5558 at /build/openjdk-7-FO0dNI/openjdk-7-7u79-2.5.6/build/openjdk/hotspot/src/share/vm/prims/jvm.cpp:1284
Event: 19.165 Thread 0x00007ff1c4010800 Threw 0x00000000ec5db748 at /build/openjdk-7-FO0dNI/openjdk-7-7u79-2.5.6/build/openjdk/hotspot/src/share/vm/prims/jvm.cpp:1284
Event: 19.276 Thread 0x00007ff1f40c7800 Threw 0x00000000ec4b4180 at /build/openjdk-7-FO0dNI/openjdk-7-7u79-2.5.6/build/openjdk/hotspot/src/share/vm/prims/jvm.cpp:1284
Event: 19.278 Thread 0x00007ff1f40c7800 Threw 0x00000000ec5eeb20 at /build/openjdk-7-FO0dNI/openjdk-7-7u79-2.5.6/build/openjdk/hotspot/src/share/vm/prims/jvm.cpp:1284
Event: 19.279 Thread 0x00007ff1f40c7800 Threw 0x00000000ec5f5db8 at /build/openjdk-7-FO0dNI/openjdk-7-7u79-2.5.6/build/openjdk/hotspot/src/share/vm/prims/jvm.cpp:1284
Event: 19.279 Thread 0x00007ff1f40c7800 Threw 0x00000000ec5fc498 at /build/openjdk-7-FO0dNI/openjdk-7-7u79-2.5.6/build/openjdk/hotspot/src/share/vm/prims/jvm.cpp:1284
Event: 19.280 Thread 0x00007ff1f40c7800 Threw 0x00000000ec604aa0 at /build/openjdk-7-FO0dNI/openjdk-7-7u79-2.5.6/build/openjdk/hotspot/src/share/vm/prims/jvm.cpp:1284
Event: 19.281 Thread 0x00007ff1c4010800 Threw 0x00000000ec5e2ca0 at /build/openjdk-7-FO0dNI/openjdk-7-7u79-2.5.6/build/openjdk/hotspot/src/share/vm/prims/jvm.cpp:1284

Events (10 events):
Event: 19.279 loading class 0x00007ff1f41e0770
Event: 19.279 loading class 0x00007ff1f41e0770 done
Event: 19.280 loading class 0x00007ff1ec010910
Event: 19.280 loading class 0x00007ff1ec010910 done
Event: 19.281 loading class 0x00007ff1ec00aef0
Event: 19.281 loading class 0x00007ff1ec00aef0 done
Event: 19.282 loading class 0x0000000001069d80
Event: 19.282 loading class 0x0000000001069d80 done
Event: 19.283 Executing VM operation: RevokeBias
Event: 19.283 Executing VM operation: RevokeBias done


Dynamic libraries:
00400000-00401000 r-xp 00000000 08:07 882339                             /usr/lib/jvm/java-7-openjdk-amd64/jre/bin/java
00600000-00601000 r--p 00000000 08:07 882339                             /usr/lib/jvm/java-7-openjdk-amd64/jre/bin/java
00601000-00602000 rw-p 00001000 08:07 882339                             /usr/lib/jvm/java-7-openjdk-amd64/jre/bin/java
01062000-01083000 rw-p 00000000 00:00 0                                  [heap]
b9600000-bab00000 rw-p 00000000 00:00 0 
bab00000-c3c00000 rw-p 00000000 00:00 0 
c3c00000-c6400000 rw-p 00000000 00:00 0 
c6400000-ebe80000 rw-p 00000000 00:00 0 
ebe80000-ed300000 rw-p 00000000 00:00 0 
ed300000-100000000 rw-p 00000000 00:00 0 
7ff1c4000000-7ff1c4141000 rw-p 00000000 00:00 0 
7ff1c4141000-7ff1c8000000 ---p 00000000 00:00 0 
7ff1c8000000-7ff1c8021000 rw-p 00000000 00:00 0 
7ff1c8021000-7ff1cc000000 ---p 00000000 00:00 0 
7ff1cc000000-7ff1cc021000 rw-p 00000000 00:00 0 
7ff1cc021000-7ff1d0000000 ---p 00000000 00:00 0 
7ff1d0000000-7ff1d0021000 rw-p 00000000 00:00 0 
7ff1d0021000-7ff1d4000000 ---p 00000000 00:00 0 
7ff1d4000000-7ff1d4021000 rw-p 00000000 00:00 0 
7ff1d4021000-7ff1d8000000 ---p 00000000 00:00 0 
7ff1d8000000-7ff1d8021000 rw-p 00000000 00:00 0 
7ff1d8021000-7ff1dc000000 ---p 00000000 00:00 0 
7ff1dc000000-7ff1dc021000 rw-p 00000000 00:00 0 
7ff1dc021000-7ff1e0000000 ---p 00000000 00:00 0 
7ff1e0000000-7ff1e0021000 rw-p 00000000 00:00 0 
7ff1e0021000-7ff1e4000000 ---p 00000000 00:00 0 
7ff1e4000000-7ff1e4021000 rw-p 00000000 00:00 0 
7ff1e4021000-7ff1e8000000 ---p 00000000 00:00 0 
7ff1e8000000-7ff1e8021000 rw-p 00000000 00:00 0 
7ff1e8021000-7ff1ec000000 ---p 00000000 00:00 0 
7ff1ec000000-7ff1ec044000 rw-p 00000000 00:00 0 
7ff1ec044000-7ff1f0000000 ---p 00000000 00:00 0 
7ff1f0000000-7ff1f0021000 rw-p 00000000 00:00 0 
7ff1f0021000-7ff1f4000000 ---p 00000000 00:00 0 
7ff1f4000000-7ff1f4248000 rw-p 00000000 00:00 0 
7ff1f4248000-7ff1f8000000 ---p 00000000 00:00 0 
7ff1f8000000-7ff1f8021000 rw-p 00000000 00:00 0 
7ff1f8021000-7ff1fc000000 ---p 00000000 00:00 0 
7ff1fc000000-7ff1fc021000 rw-p 00000000 00:00 0 
7ff1fc021000-7ff200000000 ---p 00000000 00:00 0 
7ff200ffc000-7ff201236000 rw-p 00000000 00:00 0 
7ff201236000-7ff201239000 ---p 00000000 00:00 0 
7ff201239000-7ff201337000 rw-p 00000000 00:00 0                          [stack:12378]
7ff201337000-7ff20133a000 ---p 00000000 00:00 0 
7ff20133a000-7ff201438000 rw-p 00000000 00:00 0                          [stack:12377]
7ff201438000-7ff20143b000 ---p 00000000 00:00 0 
7ff20143b000-7ff201539000 rw-p 00000000 00:00 0                          [stack:12376]
7ff201539000-7ff20153c000 ---p 00000000 00:00 0 
7ff20153c000-7ff20163a000 rw-p 00000000 00:00 0                          [stack:12375]
7ff20163a000-7ff20163d000 ---p 00000000 00:00 0 
7ff20163d000-7ff20173b000 rw-p 00000000 00:00 0                          [stack:12374]
7ff20173b000-7ff20173e000 ---p 00000000 00:00 0 
7ff20173e000-7ff20183c000 rw-p 00000000 00:00 0                          [stack:12373]
7ff20183c000-7ff20183f000 ---p 00000000 00:00 0 
7ff20183f000-7ff20193d000 rw-p 00000000 00:00 0                          [stack:12372]
7ff20193d000-7ff201940000 ---p 00000000 00:00 0 
7ff201940000-7ff201a3e000 rw-p 00000000 00:00 0                          [stack:12371]
7ff201a3e000-7ff201a41000 ---p 00000000 00:00 0 
7ff201a41000-7ff201b3f000 rw-p 00000000 00:00 0                          [stack:12370]
7ff201b3f000-7ff201b42000 ---p 00000000 00:00 0 
7ff201b42000-7ff201c40000 rw-p 00000000 00:00 0                          [stack:12369]
7ff201c40000-7ff201c43000 ---p 00000000 00:00 0 
7ff201c43000-7ff201d41000 rw-p 00000000 00:00 0                          [stack:12367]
7ff201d41000-7ff201d44000 ---p 00000000 00:00 0 
7ff201d44000-7ff201e42000 rw-p 00000000 00:00 0                          [stack:12353]
7ff201e42000-7ff201e45000 ---p 00000000 00:00 0 
7ff201e45000-7ff201f43000 rw-p 00000000 00:00 0                          [stack:12284]
7ff201f43000-7ff201f46000 ---p 00000000 00:00 0 
7ff201f46000-7ff202044000 rw-p 00000000 00:00 0                          [stack:12234]
7ff202044000-7ff202047000 ---p 00000000 00:00 0 
7ff202047000-7ff202145000 rw-p 00000000 00:00 0                          [stack:12220]
7ff202145000-7ff202148000 ---p 00000000 00:00 0 
7ff202148000-7ff202246000 rw-p 00000000 00:00 0                          [stack:12218]
7ff202246000-7ff202249000 ---p 00000000 00:00 0 
7ff202249000-7ff202347000 rw-p 00000000 00:00 0                          [stack:12217]
7ff202347000-7ff20234a000 ---p 00000000 00:00 0 
7ff20234a000-7ff202448000 rw-p 00000000 00:00 0                          [stack:12216]
7ff202448000-7ff20244b000 ---p 00000000 00:00 0 
7ff20244b000-7ff202549000 rw-p 00000000 00:00 0                          [stack:12215]
7ff202549000-7ff20254c000 ---p 00000000 00:00 0 
7ff20254c000-7ff20264a000 rw-p 00000000 00:00 0                          [stack:12214]
7ff20264a000-7ff20264d000 ---p 00000000 00:00 0 
7ff20264d000-7ff20274b000 rw-p 00000000 00:00 0                          [stack:12211]
7ff20274b000-7ff20274e000 ---p 00000000 00:00 0 
7ff20274e000-7ff20284c000 rw-p 00000000 00:00 0                          [stack:12209]
7ff20284c000-7ff20284f000 ---p 00000000 00:00 0 
7ff20284f000-7ff20294d000 rw-p 00000000 00:00 0                          [stack:12173]
7ff20294d000-7ff202a06000 r-xp 00000000 08:07 132027                     /tmp/sqlite-3.8.11.1-9226c963-68c8-4e67-8b4a-3ddd75eb063f-libsqlitejdbc.so
7ff202a06000-7ff202c06000 ---p 000b9000 08:07 132027                     /tmp/sqlite-3.8.11.1-9226c963-68c8-4e67-8b4a-3ddd75eb063f-libsqlitejdbc.so
7ff202c06000-7ff202c0b000 rw-p 000b9000 08:07 132027                     /tmp/sqlite-3.8.11.1-9226c963-68c8-4e67-8b4a-3ddd75eb063f-libsqlitejdbc.so
7ff202c0b000-7ff202c1b000 r-xp 00000000 08:07 843487                     /usr/lib/jvm/java-7-openjdk-amd64/jre/lib/amd64/libnio.so
7ff202c1b000-7ff202e1b000 ---p 00010000 08:07 843487                     /usr/lib/jvm/java-7-openjdk-amd64/jre/lib/amd64/libnio.so
7ff202e1b000-7ff202e1c000 r--p 00010000 08:07 843487                     /usr/lib/jvm/java-7-openjdk-amd64/jre/lib/amd64/libnio.so
7ff202e1c000-7ff202e1d000 rw-p 00011000 08:07 843487                     /usr/lib/jvm/java-7-openjdk-amd64/jre/lib/amd64/libnio.so
7ff202e1d000-7ff202e20000 ---p 00000000 00:00 0 
7ff202e20000-7ff202f1e000 rw-p 00000000 00:00 0 
7ff202f1e000-7ff202f21000 ---p 00000000 00:00 0 
7ff202f21000-7ff20301f000 rw-p 00000000 00:00 0                          [stack:11957]
7ff20301f000-7ff20305c000 r-xp 00000000 08:07 790888                     /lib/x86_64-linux-gnu/libpcre.so.3.13.1
7ff20305c000-7ff20325b000 ---p 0003d000 08:07 790888                     /lib/x86_64-linux-gnu/libpcre.so.3.13.1
7ff20325b000-7ff20325c000 r--p 0003c000 08:07 790888                     /lib/x86_64-linux-gnu/libpcre.so.3.13.1
7ff20325c000-7ff20325d000 rw-p 0003d000 08:07 790888                     /lib/x86_64-linux-gnu/libpcre.so.3.13.1
7ff20325d000-7ff203264000 r-xp 00000000 08:07 925009                     /usr/lib/x86_64-linux-gnu/libffi.so.6.0.1
7ff203264000-7ff203463000 ---p 00007000 08:07 925009                     /usr/lib/x86_64-linux-gnu/libffi.so.6.0.1
7ff203463000-7ff203464000 r--p 00006000 08:07 925009                     /usr/lib/x86_64-linux-gnu/libffi.so.6.0.1
7ff203464000-7ff203465000 rw-p 00007000 08:07 925009                     /usr/lib/x86_64-linux-gnu/libffi.so.6.0.1
7ff203465000-7ff20347c000 r-xp 00000000 08:07 801319                     /lib/x86_64-linux-gnu/libresolv-2.19.so
7ff20347c000-7ff20367c000 ---p 00017000 08:07 801319                     /lib/x86_64-linux-gnu/libresolv-2.19.so
7ff20367c000-7ff20367d000 r--p 00017000 08:07 801319                     /lib/x86_64-linux-gnu/libresolv-2.19.so
7ff20367d000-7ff20367e000 rw-p 00018000 08:07 801319                     /lib/x86_64-linux-gnu/libresolv-2.19.so
7ff20367e000-7ff203680000 rw-p 00000000 00:00 0 
7ff203680000-7ff2036a0000 r-xp 00000000 08:07 808540                     /lib/x86_64-linux-gnu/libselinux.so.1
7ff2036a0000-7ff20389f000 ---p 00020000 08:07 808540                     /lib/x86_64-linux-gnu/libselinux.so.1
7ff20389f000-7ff2038a0000 r--p 0001f000 08:07 808540                     /lib/x86_64-linux-gnu/libselinux.so.1
7ff2038a0000-7ff2038a1000 rw-p 00020000 08:07 808540                     /lib/x86_64-linux-gnu/libselinux.so.1
7ff2038a1000-7ff2038a3000 rw-p 00000000 00:00 0 
7ff2038a3000-7ff2038a6000 r-xp 00000000 08:07 1018887                    /usr/lib/x86_64-linux-gnu/libgmodule-2.0.so.0.4002.0
7ff2038a6000-7ff203aa5000 ---p 00003000 08:07 1018887                    /usr/lib/x86_64-linux-gnu/libgmodule-2.0.so.0.4002.0
7ff203aa5000-7ff203aa6000 r--p 00002000 08:07 1018887                    /usr/lib/x86_64-linux-gnu/libgmodule-2.0.so.0.4002.0
7ff203aa6000-7ff203aa7000 rw-p 00003000 08:07 1018887                    /usr/lib/x86_64-linux-gnu/libgmodule-2.0.so.0.4002.0
7ff203aa7000-7ff203bad000 r-xp 00000000 08:07 849352                     /lib/x86_64-linux-gnu/libglib-2.0.so.0.4002.0
7ff203bad000-7ff203dac000 ---p 00106000 08:07 849352                     /lib/x86_64-linux-gnu/libglib-2.0.so.0.4002.0
7ff203dac000-7ff203dad000 r--p 00105000 08:07 849352                     /lib/x86_64-linux-gnu/libglib-2.0.so.0.4002.0
7ff203dad000-7ff203dae000 rw-p 00106000 08:07 849352                     /lib/x86_64-linux-gnu/libglib-2.0.so.0.4002.0
7ff203dae000-7ff203daf000 rw-p 00000000 00:00 0 
7ff203daf000-7ff203dfe000 r-xp 00000000 08:07 1018907                    /usr/lib/x86_64-linux-gnu/libgobject-2.0.so.0.4002.0
7ff203dfe000-7ff203ffe000 ---p 0004f000 08:07 1018907                    /usr/lib/x86_64-linux-gnu/libgobject-2.0.so.0.4002.0
7ff203ffe000-7ff203fff000 r--p 0004f000 08:07 1018907                    /usr/lib/x86_64-linux-gnu/libgobject-2.0.so.0.4002.0
7ff203fff000-7ff204000000 rw-p 00050000 08:07 1018907                    /usr/lib/x86_64-linux-gnu/libgobject-2.0.so.0.4002.0
7ff204000000-7ff204021000 rw-p 00000000 00:00 0 
7ff204021000-7ff208000000 ---p 00000000 00:00 0 
7ff208000000-7ff208021000 rw-p 00000000 00:00 0 
7ff208021000-7ff20c000000 ---p 00000000 00:00 0 
7ff20c000000-7ff20c229000 rw-p 00000000 00:00 0 
7ff20c229000-7ff210000000 ---p 00000000 00:00 0 
7ff210000000-7ff21022b000 rw-p 00000000 00:00 0 
7ff21022b000-7ff214000000 ---p 00000000 00:00 0 
7ff214000000-7ff214021000 rw-p 00000000 00:00 0 
7ff214021000-7ff218000000 ---p 00000000 00:00 0 
7ff218000000-7ff218021000 rw-p 00000000 00:00 0 
7ff218021000-7ff21c000000 ---p 00000000 00:00 0 
7ff21c000000-7ff21c021000 rw-p 00000000 00:00 0 
7ff21c021000-7ff220000000 ---p 00000000 00:00 0 
7ff220000000-7ff220021000 rw-p 00000000 00:00 0 
7ff220021000-7ff224000000 ---p 00000000 00:00 0 
7ff224000000-7ff224021000 rw-p 00000000 00:00 0 
7ff224021000-7ff228000000 ---p 00000000 00:00 0 
7ff228000000-7ff228021000 rw-p 00000000 00:00 0 
7ff228021000-7ff22c000000 ---p 00000000 00:00 0 
7ff22c000000-7ff22c021000 rw-p 00000000 00:00 0 
7ff22c021000-7ff230000000 ---p 00000000 00:00 0 
7ff230000000-7ff230021000 rw-p 00000000 00:00 0 
7ff230021000-7ff234000000 ---p 00000000 00:00 0 
7ff234000000-7ff234021000 rw-p 00000000 00:00 0 
7ff234021000-7ff238000000 ---p 00000000 00:00 0 
7ff238000000-7ff238021000 rw-p 00000000 00:00 0 
7ff238021000-7ff23c000000 ---p 00000000 00:00 0 
7ff23c000000-7ff23c021000 rw-p 00000000 00:00 0 
7ff23c021000-7ff240000000 ---p 00000000 00:00 0 
7ff240088000-7ff2400b9000 rw-p 00000000 00:00 0 
7ff2400b9000-7ff240225000 r-xp 00000000 08:07 1018913                    /usr/lib/x86_64-linux-gnu/libgio-2.0.so.0.4002.0
7ff240225000-7ff240424000 ---p 0016c000 08:07 1018913                    /usr/lib/x86_64-linux-gnu/libgio-2.0.so.0.4002.0
7ff240424000-7ff240428000 r--p 0016b000 08:07 1018913                    /usr/lib/x86_64-linux-gnu/libgio-2.0.so.0.4002.0
7ff240428000-7ff24042a000 rw-p 0016f000 08:07 1018913                    /usr/lib/x86_64-linux-gnu/libgio-2.0.so.0.4002.0
7ff24042a000-7ff24042c000 rw-p 00000000 00:00 0 
7ff240446000-7ff240448000 rw-p 00000000 00:00 0 
7ff240448000-7ff24044d000 r--s 0004d000 08:07 802016                     /usr/lib/jvm/java-7-openjdk-amd64/jre/lib/jsse.jar
7ff24044d000-7ff240464000 r-xp 00000000 08:07 843369                     /usr/lib/jvm/java-7-openjdk-amd64/jre/lib/amd64/libnet.so
7ff240464000-7ff240663000 ---p 00017000 08:07 843369                     /usr/lib/jvm/java-7-openjdk-amd64/jre/lib/amd64/libnet.so
7ff240663000-7ff240664000 r--p 00016000 08:07 843369                     /usr/lib/jvm/java-7-openjdk-amd64/jre/lib/amd64/libnet.so
7ff240664000-7ff240665000 rw-p 00017000 08:07 843369                     /usr/lib/jvm/java-7-openjdk-amd64/jre/lib/amd64/libnet.so
7ff240665000-7ff240666000 r--s 0000f000 08:07 1163219                    /home/ranjeet/.m2/repository/com/squareup/okio/okio/1.4.0/okio-1.4.0.jar
7ff240666000-7ff24066b000 r--s 00049000 08:07 1163218                    /home/ranjeet/.m2/repository/com/squareup/okhttp/okhttp/2.4.0/okhttp-2.4.0.jar
7ff24066b000-7ff24066e000 r--s 00016000 08:07 1163216                    /home/ranjeet/.m2/repository/io/socket/engine.io-client/0.6.1/engine.io-client-0.6.1.jar
7ff24066e000-7ff240687000 r--s 0012c000 08:07 1162748                    /home/ranjeet/.m2/repository/io/netty/netty/3.10.4.Final/netty-3.10.4.Final.jar
7ff240687000-7ff240695000 r--s 000a7000 08:07 1162747                    /home/ranjeet/.m2/repository/com/ning/async-http-client/1.9.31/async-http-client-1.9.31.jar
7ff240695000-7ff240696000 ---p 00000000 00:00 0 
7ff240696000-7ff240796000 rw-p 00000000 00:00 0                          [stack:11953]
7ff240796000-7ff240799000 ---p 00000000 00:00 0 
7ff240799000-7ff240897000 rw-p 00000000 00:00 0                          [stack:11952]
7ff240897000-7ff24089a000 ---p 00000000 00:00 0 
7ff24089a000-7ff240998000 rw-p 00000000 00:00 0                          [stack:11951]
7ff240998000-7ff24099b000 ---p 00000000 00:00 0 
7ff24099b000-7ff240a99000 rw-p 00000000 00:00 0                          [stack:11950]
7ff240a99000-7ff240a9c000 ---p 00000000 00:00 0 
7ff240a9c000-7ff240b9a000 rw-p 00000000 00:00 0                          [stack:11943]
7ff240b9a000-7ff240b9d000 ---p 00000000 00:00 0 
7ff240b9d000-7ff240c9b000 rw-p 00000000 00:00 0                          [stack:11942]
7ff240c9b000-7ff240c9e000 ---p 00000000 00:00 0 
7ff240c9e000-7ff240d9c000 rw-p 00000000 00:00 0                          [stack:11940]
7ff240d9c000-7ff240da0000 r-xp 00000000 08:07 843378                     /usr/lib/jvm/java-7-openjdk-amd64/jre/lib/amd64/libdt_socket.so
7ff240da0000-7ff240f9f000 ---p 00004000 08:07 843378                     /usr/lib/jvm/java-7-openjdk-amd64/jre/lib/amd64/libdt_socket.so
7ff240f9f000-7ff240fa0000 r--p 00003000 08:07 843378                     /usr/lib/jvm/java-7-openjdk-amd64/jre/lib/amd64/libdt_socket.so
7ff240fa0000-7ff240fa1000 rw-p 00004000 08:07 843378                     /usr/lib/jvm/java-7-openjdk-amd64/jre/lib/amd64/libdt_socket.so
7ff240fa1000-7ff240fa4000 ---p 00000000 00:00 0 
7ff240fa4000-7ff2410a2000 rw-p 00000000 00:00 0                          [stack:11938]
7ff2410a2000-7ff2410a5000 ---p 00000000 00:00 0 
7ff2410a5000-7ff2411a3000 rw-p 00000000 00:00 0                          [stack:11936]
7ff2411a3000-7ff2411a6000 ---p 00000000 00:00 0 
7ff2411a6000-7ff2412a4000 rw-p 00000000 00:00 0                          [stack:11935]
7ff2412a4000-7ff2412a5000 ---p 00000000 00:00 0 
7ff2412a5000-7ff2423a2000 rw-p 00000000 00:00 0                          [stack:11934]
7ff2423a2000-7ff242553000 r--s 01d29000 08:07 801635                     /usr/lib/jvm/java-7-openjdk-amd64/jre/lib/rt.jar
7ff242553000-7ff244ba9000 rw-p 00000000 00:00 0 
7ff244ba9000-7ff244baa000 ---p 00000000 00:00 0 
7ff244baa000-7ff244caa000 rw-p 00000000 00:00 0                          [stack:11931]
7ff244caa000-7ff244cab000 ---p 00000000 00:00 0 
7ff244cab000-7ff244dab000 rw-p 00000000 00:00 0                          [stack:11930]
7ff244dab000-7ff244dac000 ---p 00000000 00:00 0 
7ff244dac000-7ff244eac000 rw-p 00000000 00:00 0                          [stack:11929]
7ff244eac000-7ff244ead000 ---p 00000000 00:00 0 
7ff244ead000-7ff244fb8000 rw-p 00000000 00:00 0                          [stack:11928]
7ff244fb8000-7ff245000000 rw-p 00000000 00:00 0 
7ff245000000-7ff245270000 rwxp 00000000 00:00 0 
7ff245270000-7ff2481f2000 rw-p 00000000 00:00 0 
7ff2481f2000-7ff24c000000 ---p 00000000 00:00 0 
7ff24c000000-7ff24c001000 r--s 00006000 08:07 1163217                    /home/ranjeet/.m2/repository/com/squareup/okhttp/okhttp-ws/2.4.0/okhttp-ws-2.4.0.jar
7ff24c001000-7ff24c004000 r--s 0000c000 08:07 1163215                    /home/ranjeet/.m2/repository/io/socket/socket.io-client/0.6.1/socket.io-client-0.6.1.jar
7ff24c004000-7ff24c009000 r--s 0002f000 08:07 1149899                    /home/ranjeet/.m2/repository/com/google/code/gson/gson/2.3.1/gson-2.3.1.jar
7ff24c009000-7ff24c00e000 r--s 004ef000 08:07 1162948                    /home/ranjeet/.m2/repository/org/xerial/sqlite-jdbc/3.8.11.1/sqlite-jdbc-3.8.11.1.jar
7ff24c00e000-7ff24c014000 r--s 00034000 08:07 1162746                    /home/ranjeet/.m2/repository/junit/junit/4.8.2/junit-4.8.2.jar
7ff24c014000-7ff24c050000 rw-p 00000000 00:00 0 
7ff24c050000-7ff24c17e000 rw-p 00000000 00:00 0 
7ff24c17e000-7ff24c189000 rw-p 00000000 00:00 0 
7ff24c189000-7ff24c1d1000 rw-p 00000000 00:00 0 
7ff24c1d1000-7ff24c1e5000 rw-p 00000000 00:00 0 
7ff24c1e5000-7ff24c312000 rw-p 00000000 00:00 0 
7ff24c312000-7ff24c31d000 rw-p 00000000 00:00 0 
7ff24c31d000-7ff24c3b3000 rw-p 00000000 00:00 0 
7ff24c3b3000-7ff24c3b4000 rw-p 00000000 00:00 0 
7ff24c3b4000-7ff24c3bc000 r-xp 00000000 08:07 803502                     /usr/lib/jvm/java-7-openjdk-amd64/jre/lib/amd64/libzip.so
7ff24c3bc000-7ff24c5bb000 ---p 00008000 08:07 803502                     /usr/lib/jvm/java-7-openjdk-amd64/jre/lib/amd64/libzip.so
7ff24c5bb000-7ff24c5bc000 r--p 00007000 08:07 803502                     /usr/lib/jvm/java-7-openjdk-amd64/jre/lib/amd64/libzip.so
7ff24c5bc000-7ff24c5bd000 rw-p 00008000 08:07 803502                     /usr/lib/jvm/java-7-openjdk-amd64/jre/lib/amd64/libzip.so
7ff24c5bd000-7ff24c5c8000 r-xp 00000000 08:07 823802                     /lib/x86_64-linux-gnu/libnss_files-2.19.so
7ff24c5c8000-7ff24c7c7000 ---p 0000b000 08:07 823802                     /lib/x86_64-linux-gnu/libnss_files-2.19.so
7ff24c7c7000-7ff24c7c8000 r--p 0000a000 08:07 823802                     /lib/x86_64-linux-gnu/libnss_files-2.19.so
7ff24c7c8000-7ff24c7c9000 rw-p 0000b000 08:07 823802                     /lib/x86_64-linux-gnu/libnss_files-2.19.so
7ff24c7c9000-7ff24c7d4000 r-xp 00000000 08:07 849360                     /lib/x86_64-linux-gnu/libnss_nis-2.19.so
7ff24c7d4000-7ff24c9d3000 ---p 0000b000 08:07 849360                     /lib/x86_64-linux-gnu/libnss_nis-2.19.so
7ff24c9d3000-7ff24c9d4000 r--p 0000a000 08:07 849360                     /lib/x86_64-linux-gnu/libnss_nis-2.19.so
7ff24c9d4000-7ff24c9d5000 rw-p 0000b000 08:07 849360                     /lib/x86_64-linux-gnu/libnss_nis-2.19.so
7ff24c9d5000-7ff24c9ec000 r-xp 00000000 08:07 839260                     /lib/x86_64-linux-gnu/libnsl-2.19.so
7ff24c9ec000-7ff24cbeb000 ---p 00017000 08:07 839260                     /lib/x86_64-linux-gnu/libnsl-2.19.so
7ff24cbeb000-7ff24cbec000 r--p 00016000 08:07 839260                     /lib/x86_64-linux-gnu/libnsl-2.19.so
7ff24cbec000-7ff24cbed000 rw-p 00017000 08:07 839260                     /lib/x86_64-linux-gnu/libnsl-2.19.so
7ff24cbed000-7ff24cbef000 rw-p 00000000 00:00 0 
7ff24cbef000-7ff24cbf8000 r-xp 00000000 08:07 839243                     /lib/x86_64-linux-gnu/libnss_compat-2.19.so
7ff24cbf8000-7ff24cdf7000 ---p 00009000 08:07 839243                     /lib/x86_64-linux-gnu/libnss_compat-2.19.so
7ff24cdf7000-7ff24cdf8000 r--p 00008000 08:07 839243                     /lib/x86_64-linux-gnu/libnss_compat-2.19.so
7ff24cdf8000-7ff24cdf9000 rw-p 00009000 08:07 839243                     /lib/x86_64-linux-gnu/libnss_compat-2.19.so
7ff24cdf9000-7ff24d4db000 r--p 00000000 08:07 922429                     /usr/lib/locale/locale-archive
7ff24d4db000-7ff24d4de000 r-xp 00000000 08:07 821410                     /usr/lib/jvm/java-7-openjdk-amd64/jre/lib/amd64/libnpt.so
7ff24d4de000-7ff24d6dd000 ---p 00003000 08:07 821410                     /usr/lib/jvm/java-7-openjdk-amd64/jre/lib/amd64/libnpt.so
7ff24d6dd000-7ff24d6de000 r--p 00002000 08:07 821410                     /usr/lib/jvm/java-7-openjdk-amd64/jre/lib/amd64/libnpt.so
7ff24d6de000-7ff24d6df000 rw-p 00003000 08:07 821410                     /usr/lib/jvm/java-7-openjdk-amd64/jre/lib/amd64/libnpt.so
7ff24d6df000-7ff24d719000 r-xp 00000000 08:07 806923                     /usr/lib/jvm/java-7-openjdk-amd64/jre/lib/amd64/libjdwp.so
7ff24d719000-7ff24d918000 ---p 0003a000 08:07 806923                     /usr/lib/jvm/java-7-openjdk-amd64/jre/lib/amd64/libjdwp.so
7ff24d918000-7ff24d919000 r--p 00039000 08:07 806923                     /usr/lib/jvm/java-7-openjdk-amd64/jre/lib/amd64/libjdwp.so
7ff24d919000-7ff24d91a000 rw-p 0003a000 08:07 806923                     /usr/lib/jvm/java-7-openjdk-amd64/jre/lib/amd64/libjdwp.so
7ff24d91a000-7ff24d945000 r-xp 00000000 08:07 843581                     /usr/lib/jvm/java-7-openjdk-amd64/jre/lib/amd64/libjava.so
7ff24d945000-7ff24db44000 ---p 0002b000 08:07 843581                     /usr/lib/jvm/java-7-openjdk-amd64/jre/lib/amd64/libjava.so
7ff24db44000-7ff24db45000 r--p 0002a000 08:07 843581                     /usr/lib/jvm/java-7-openjdk-amd64/jre/lib/amd64/libjava.so
7ff24db45000-7ff24db47000 rw-p 0002b000 08:07 843581                     /usr/lib/jvm/java-7-openjdk-amd64/jre/lib/amd64/libjava.so
7ff24db47000-7ff24db57000 r-xp 00000000 08:07 806928                     /usr/lib/jvm/java-7-openjdk-amd64/jre/lib/amd64/libverify.so
7ff24db57000-7ff24dd56000 ---p 00010000 08:07 806928                     /usr/lib/jvm/java-7-openjdk-amd64/jre/lib/amd64/libverify.so
7ff24dd56000-7ff24dd58000 r--p 0000f000 08:07 806928                     /usr/lib/jvm/java-7-openjdk-amd64/jre/lib/amd64/libverify.so
7ff24dd58000-7ff24dd59000 rw-p 00011000 08:07 806928                     /usr/lib/jvm/java-7-openjdk-amd64/jre/lib/amd64/libverify.so
7ff24dd59000-7ff24dd60000 r-xp 00000000 08:07 848817                     /lib/x86_64-linux-gnu/librt-2.19.so
7ff24dd60000-7ff24df5f000 ---p 00007000 08:07 848817                     /lib/x86_64-linux-gnu/librt-2.19.so
7ff24df5f000-7ff24df60000 r--p 00006000 08:07 848817                     /lib/x86_64-linux-gnu/librt-2.19.so
7ff24df60000-7ff24df61000 rw-p 00007000 08:07 848817                     /lib/x86_64-linux-gnu/librt-2.19.so
7ff24df61000-7ff24df77000 r-xp 00000000 08:07 798058                     /lib/x86_64-linux-gnu/libgcc_s.so.1
7ff24df77000-7ff24e176000 ---p 00016000 08:07 798058                     /lib/x86_64-linux-gnu/libgcc_s.so.1
7ff24e176000-7ff24e177000 rw-p 00015000 08:07 798058                     /lib/x86_64-linux-gnu/libgcc_s.so.1
7ff24e177000-7ff24e27c000 r-xp 00000000 08:07 821923                     /lib/x86_64-linux-gnu/libm-2.19.so
7ff24e27c000-7ff24e47b000 ---p 00105000 08:07 821923                     /lib/x86_64-linux-gnu/libm-2.19.so
7ff24e47b000-7ff24e47c000 r--p 00104000 08:07 821923                     /lib/x86_64-linux-gnu/libm-2.19.so
7ff24e47c000-7ff24e47d000 rw-p 00105000 08:07 821923                     /lib/x86_64-linux-gnu/libm-2.19.so
7ff24e47d000-7ff24e563000 r-xp 00000000 08:07 919521                     /usr/lib/x86_64-linux-gnu/libstdc++.so.6.0.19
7ff24e563000-7ff24e762000 ---p 000e6000 08:07 919521                     /usr/lib/x86_64-linux-gnu/libstdc++.so.6.0.19
7ff24e762000-7ff24e76a000 r--p 000e5000 08:07 919521                     /usr/lib/x86_64-linux-gnu/libstdc++.so.6.0.19
7ff24e76a000-7ff24e76c000 rw-p 000ed000 08:07 919521                     /usr/lib/x86_64-linux-gnu/libstdc++.so.6.0.19
7ff24e76c000-7ff24e781000 rw-p 00000000 00:00 0 
7ff24e781000-7ff24f29a000 r-xp 00000000 08:07 803513                     /usr/lib/jvm/java-7-openjdk-amd64/jre/lib/amd64/server/libjvm.so
7ff24f29a000-7ff24f49a000 ---p 00b19000 08:07 803513                     /usr/lib/jvm/java-7-openjdk-amd64/jre/lib/amd64/server/libjvm.so
7ff24f49a000-7ff24f534000 r--p 00b19000 08:07 803513                     /usr/lib/jvm/java-7-openjdk-amd64/jre/lib/amd64/server/libjvm.so
7ff24f534000-7ff24f557000 rw-p 00bb3000 08:07 803513                     /usr/lib/jvm/java-7-openjdk-amd64/jre/lib/amd64/server/libjvm.so
7ff24f557000-7ff24f585000 rw-p 00000000 00:00 0 
7ff24f585000-7ff24f59d000 r-xp 00000000 08:07 791086                     /lib/x86_64-linux-gnu/libz.so.1.2.8
7ff24f59d000-7ff24f79c000 ---p 00018000 08:07 791086                     /lib/x86_64-linux-gnu/libz.so.1.2.8
7ff24f79c000-7ff24f79d000 r--p 00017000 08:07 791086                     /lib/x86_64-linux-gnu/libz.so.1.2.8
7ff24f79d000-7ff24f79e000 rw-p 00018000 08:07 791086                     /lib/x86_64-linux-gnu/libz.so.1.2.8
7ff24f79e000-7ff24f7b7000 r-xp 00000000 08:07 843681                     /lib/x86_64-linux-gnu/libpthread-2.19.so
7ff24f7b7000-7ff24f9b6000 ---p 00019000 08:07 843681                     /lib/x86_64-linux-gnu/libpthread-2.19.so
7ff24f9b6000-7ff24f9b7000 r--p 00018000 08:07 843681                     /lib/x86_64-linux-gnu/libpthread-2.19.so
7ff24f9b7000-7ff24f9b8000 rw-p 00019000 08:07 843681                     /lib/x86_64-linux-gnu/libpthread-2.19.so
7ff24f9b8000-7ff24f9bc000 rw-p 00000000 00:00 0 
7ff24f9bc000-7ff24f9bf000 r-xp 00000000 08:07 836209                     /lib/x86_64-linux-gnu/libdl-2.19.so
7ff24f9bf000-7ff24fbbe000 ---p 00003000 08:07 836209                     /lib/x86_64-linux-gnu/libdl-2.19.so
7ff24fbbe000-7ff24fbbf000 r--p 00002000 08:07 836209                     /lib/x86_64-linux-gnu/libdl-2.19.so
7ff24fbbf000-7ff24fbc0000 rw-p 00003000 08:07 836209                     /lib/x86_64-linux-gnu/libdl-2.19.so
7ff24fbc0000-7ff24fd7b000 r-xp 00000000 08:07 839404                     /lib/x86_64-linux-gnu/libc-2.19.so
7ff24fd7b000-7ff24ff7a000 ---p 001bb000 08:07 839404                     /lib/x86_64-linux-gnu/libc-2.19.so
7ff24ff7a000-7ff24ff7e000 r--p 001ba000 08:07 839404                     /lib/x86_64-linux-gnu/libc-2.19.so
7ff24ff7e000-7ff24ff80000 rw-p 001be000 08:07 839404                     /lib/x86_64-linux-gnu/libc-2.19.so
7ff24ff80000-7ff24ff85000 rw-p 00000000 00:00 0 
7ff24ff85000-7ff24ff92000 r-xp 00000000 08:07 803511                     /usr/lib/jvm/java-7-openjdk-amd64/jre/lib/amd64/jli/libjli.so
7ff24ff92000-7ff250191000 ---p 0000d000 08:07 803511                     /usr/lib/jvm/java-7-openjdk-amd64/jre/lib/amd64/jli/libjli.so
7ff250191000-7ff250192000 r--p 0000c000 08:07 803511                     /usr/lib/jvm/java-7-openjdk-amd64/jre/lib/amd64/jli/libjli.so
7ff250192000-7ff250193000 rw-p 0000d000 08:07 803511                     /usr/lib/jvm/java-7-openjdk-amd64/jre/lib/amd64/jli/libjli.so
7ff250193000-7ff2501b6000 r-xp 00000000 08:07 839293                     /lib/x86_64-linux-gnu/ld-2.19.so
7ff2501b6000-7ff2501b7000 r--s 0000f000 08:07 1162793                    /home/ranjeet/.m2/repository/org/json/json/20140107/json-20140107.jar
7ff2501b7000-7ff2501b8000 r--s 00007000 08:07 1162749                    /home/ranjeet/.m2/repository/org/slf4j/slf4j-api/1.7.12/slf4j-api-1.7.12.jar
7ff2501b8000-7ff2501bc000 r--s 00034000 08:07 803451                     /usr/lib/jvm/java-7-openjdk-amd64/jre/lib/ext/sunjce_provider.jar
7ff2501bc000-7ff2501bd000 r--s 00002000 08:07 803257                     /usr/lib/jvm/java-7-openjdk-amd64/jre/lib/ext/dnsns.jar
7ff2501bd000-7ff2501c1000 r--s 00085000 08:07 803232                     /usr/lib/jvm/java-7-openjdk-amd64/jre/lib/ext/localedata.jar
7ff2501c1000-7ff2501c3000 r--s 00006000 08:07 153606                     /usr/share/java/java-atk-wrapper.jar
7ff2501c3000-7ff2501c7000 r--s 0003c000 08:07 803452                     /usr/lib/jvm/java-7-openjdk-amd64/jre/lib/ext/sunpkcs11.jar
7ff2501c7000-7ff2501c9000 r--s 00012000 08:07 803467                     /usr/lib/jvm/java-7-openjdk-amd64/jre/lib/ext/zipfs.jar
7ff2501c9000-7ff2501cc000 r--s 0000f000 08:07 803459                     /usr/lib/jvm/java-7-openjdk-amd64/jre/lib/ext/icedtea-sound.jar
7ff2501cc000-7ff2501d6000 rw-p 00000000 00:00 0 
7ff2501d6000-7ff25028c000 rw-p 00000000 00:00 0 
7ff25028c000-7ff25028f000 ---p 00000000 00:00 0 
7ff25028f000-7ff2503a9000 rw-p 00000000 00:00 0                          [stack:11921]
7ff2503a9000-7ff2503b1000 rw-s 00000000 08:07 1081582                    /tmp/hsperfdata_ranjeet/11919
7ff2503b1000-7ff2503b2000 rw-p 00000000 00:00 0 
7ff2503b2000-7ff2503b3000 r--p 00000000 00:00 0 
7ff2503b3000-7ff2503b5000 rw-p 00000000 00:00 0 
7ff2503b5000-7ff2503b6000 r--p 00022000 08:07 839293                     /lib/x86_64-linux-gnu/ld-2.19.so
7ff2503b6000-7ff2503b7000 rw-p 00023000 08:07 839293                     /lib/x86_64-linux-gnu/ld-2.19.so
7ff2503b7000-7ff2503b8000 rw-p 00000000 00:00 0 
7ffef78e5000-7ffef7906000 rw-p 00000000 00:00 0                          [stack]
7ffef7975000-7ffef7977000 r-xp 00000000 00:00 0                          [vdso]
ffffffffff600000-ffffffffff601000 r-xp 00000000 00:00 0                  [vsyscall]

VM Arguments:
jvm_args: -agentlib:jdwp=transport=dt_socket,suspend=y,address=localhost:49282 -Dfile.encoding=UTF-8 
java_command: org.eclipse.jdt.internal.junit.runner.RemoteTestRunner -version 3 -port 60192 -testLoaderClass org.eclipse.jdt.internal.junit4.runner.JUnit4TestLoader -loaderpluginname org.eclipse.jdt.junit4.runtime -classNames io.cloudboost.CloudObjectTest
Launcher Type: SUN_STANDARD

Environment Variables:
PATH=/usr/local/sbin:/usr/local/bin:/usr/sbin:/usr/bin:/sbin:/bin:/usr/games:/usr/local/games
SHELL=/bin/bash
DISPLAY=:0

Signal Handlers:
SIGSEGV: [libjvm.so+0x94bab0], sa_mask[0]=0x7ffbfeff, sa_flags=0x10000004
SIGBUS: [libjvm.so+0x94bab0], sa_mask[0]=0x7ffbfeff, sa_flags=0x10000004
SIGFPE: [libjvm.so+0x7c38b0], sa_mask[0]=0x7ffbfeff, sa_flags=0x10000004
SIGPIPE: [libjvm.so+0x7c38b0], sa_mask[0]=0x7ffbfeff, sa_flags=0x10000004
SIGXFSZ: [libjvm.so+0x7c38b0], sa_mask[0]=0x7ffbfeff, sa_flags=0x10000004
SIGILL: [libjvm.so+0x7c38b0], sa_mask[0]=0x7ffbfeff, sa_flags=0x10000004
SIGUSR1: SIG_DFL, sa_mask[0]=0x00000000, sa_flags=0x00000000
SIGUSR2: [libjvm.so+0x7c3750], sa_mask[0]=0x00000004, sa_flags=0x10000004
SIGHUP: [libjvm.so+0x7c3930], sa_mask[0]=0x7ffbfeff, sa_flags=0x10000004
SIGINT: [libjvm.so+0x7c3930], sa_mask[0]=0x7ffbfeff, sa_flags=0x10000004
SIGTERM: [libjvm.so+0x7c3930], sa_mask[0]=0x7ffbfeff, sa_flags=0x10000004
SIGQUIT: [libjvm.so+0x7c3930], sa_mask[0]=0x7ffbfeff, sa_flags=0x10000004
SIGTRAP: SIG_DFL, sa_mask[0]=0x00000000, sa_flags=0x00000000


---------------  S Y S T E M  ---------------

OS:Ubuntu 14.04 (trusty)
uname:Linux 3.13.0-53-generic #89-Ubuntu SMP Wed May 20 10:34:39 UTC 2015 x86_64
libc:glibc 2.19 NPTL 2.19 
rlimit: STACK 8192k, CORE 0k, NPROC 30655, NOFILE 4096, AS infinity
load average:3.77 2.66 1.22

/proc/meminfo:
MemTotal:        3945468 kB
MemFree:          507292 kB
Buffers:          597236 kB
Cached:          1543308 kB
SwapCached:            0 kB
Active:          1332600 kB
Inactive:        1924940 kB
Active(anon):    1118800 kB
Inactive(anon):   145260 kB
Active(file):     213800 kB
Inactive(file):  1779680 kB
Unevictable:         116 kB
Mlocked:             116 kB
SwapTotal:       2035708 kB
SwapFree:        2035708 kB
Dirty:              5156 kB
Writeback:             0 kB
AnonPages:       1117624 kB
Mapped:           186252 kB
Shmem:            146840 kB
Slab:              88188 kB
SReclaimable:      55544 kB
SUnreclaim:        32644 kB
KernelStack:        4472 kB
PageTables:        30912 kB
NFS_Unstable:          0 kB
Bounce:                0 kB
WritebackTmp:          0 kB
CommitLimit:     4008440 kB
Committed_AS:    4090072 kB
VmallocTotal:   34359738367 kB
VmallocUsed:      545284 kB
VmallocChunk:   34359182300 kB
HardwareCorrupted:     0 kB
AnonHugePages:    391168 kB
HugePages_Total:       0
HugePages_Free:        0
HugePages_Rsvd:        0
HugePages_Surp:        0
Hugepagesize:       2048 kB
DirectMap4k:       74496 kB
DirectMap2M:     4018176 kB


CPU:total 4 (2 cores per cpu, 2 threads per core) family 6 model 42 stepping 7, cmov, cx8, fxsr, mmx, sse, sse2, sse3, ssse3, sse4.1, sse4.2, popcnt, avx, ht, tsc, tscinvbit

/proc/cpuinfo:
processor	: 0
vendor_id	: GenuineIntel
cpu family	: 6
model		: 42
model name	: Intel(R) Core(TM) i3-2328M CPU @ 2.20GHz
stepping	: 7
microcode	: 0x25
cpu MHz		: 2200.000
cache size	: 3072 KB
physical id	: 0
siblings	: 4
core id		: 0
cpu cores	: 2
apicid		: 0
initial apicid	: 0
fpu		: yes
fpu_exception	: yes
cpuid level	: 13
wp		: yes
flags		: fpu vme de pse tsc msr pae mce cx8 apic sep mtrr pge mca cmov pat pse36 clflush dts acpi mmx fxsr sse sse2 ss ht tm pbe syscall nx rdtscp lm constant_tsc arch_perfmon pebs bts rep_good nopl xtopology nonstop_tsc aperfmperf eagerfpu pni pclmulqdq dtes64 monitor ds_cpl vmx est tm2 ssse3 cx16 xtpr pdcm pcid sse4_1 sse4_2 x2apic popcnt tsc_deadline_timer xsave avx lahf_lm arat epb xsaveopt pln pts dtherm tpr_shadow vnmi flexpriority ept vpid
bogomips	: 4389.90
clflush size	: 64
cache_alignment	: 64
address sizes	: 36 bits physical, 48 bits virtual
power management:

processor	: 1
vendor_id	: GenuineIntel
cpu family	: 6
model		: 42
model name	: Intel(R) Core(TM) i3-2328M CPU @ 2.20GHz
stepping	: 7
microcode	: 0x25
cpu MHz		: 2200.000
cache size	: 3072 KB
physical id	: 0
siblings	: 4
core id		: 0
cpu cores	: 2
apicid		: 1
initial apicid	: 1
fpu		: yes
fpu_exception	: yes
cpuid level	: 13
wp		: yes
flags		: fpu vme de pse tsc msr pae mce cx8 apic sep mtrr pge mca cmov pat pse36 clflush dts acpi mmx fxsr sse sse2 ss ht tm pbe syscall nx rdtscp lm constant_tsc arch_perfmon pebs bts rep_good nopl xtopology nonstop_tsc aperfmperf eagerfpu pni pclmulqdq dtes64 monitor ds_cpl vmx est tm2 ssse3 cx16 xtpr pdcm pcid sse4_1 sse4_2 x2apic popcnt tsc_deadline_timer xsave avx lahf_lm arat epb xsaveopt pln pts dtherm tpr_shadow vnmi flexpriority ept vpid
bogomips	: 4389.90
clflush size	: 64
cache_alignment	: 64
address sizes	: 36 bits physical, 48 bits virtual
power management:

processor	: 2
vendor_id	: GenuineIntel
cpu family	: 6
model		: 42
model name	: Intel(R) Core(TM) i3-2328M CPU @ 2.20GHz
stepping	: 7
microcode	: 0x25
cpu MHz		: 2200.000
cache size	: 3072 KB
physical id	: 0
siblings	: 4
core id		: 1
cpu cores	: 2
apicid		: 2
initial apicid	: 2
fpu		: yes
fpu_exception	: yes
cpuid level	: 13
wp		: yes
flags		: fpu vme de pse tsc msr pae mce cx8 apic sep mtrr pge mca cmov pat pse36 clflush dts acpi mmx fxsr sse sse2 ss ht tm pbe syscall nx rdtscp lm constant_tsc arch_perfmon pebs bts rep_good nopl xtopology nonstop_tsc aperfmperf eagerfpu pni pclmulqdq dtes64 monitor ds_cpl vmx est tm2 ssse3 cx16 xtpr pdcm pcid sse4_1 sse4_2 x2apic popcnt tsc_deadline_timer xsave avx lahf_lm arat epb xsaveopt pln pts dtherm tpr_shadow vnmi flexpriority ept vpid
bogomips	: 4389.90
clflush size	: 64
cache_alignment	: 64
address sizes	: 36 bits physical, 48 bits virtual
power management:

processor	: 3
vendor_id	: GenuineIntel
cpu family	: 6
model		: 42
model name	: Intel(R) Core(TM) i3-2328M CPU @ 2.20GHz
stepping	: 7
microcode	: 0x25
cpu MHz		: 2100.000
cache size	: 3072 KB
physical id	: 0
siblings	: 4
core id		: 1
cpu cores	: 2
apicid		: 3
initial apicid	: 3
fpu		: yes
fpu_exception	: yes
cpuid level	: 13
wp		: yes
flags		: fpu vme de pse tsc msr pae mce cx8 apic sep mtrr pge mca cmov pat pse36 clflush dts acpi mmx fxsr sse sse2 ss ht tm pbe syscall nx rdtscp lm constant_tsc arch_perfmon pebs bts rep_good nopl xtopology nonstop_tsc aperfmperf eagerfpu pni pclmulqdq dtes64 monitor ds_cpl vmx est tm2 ssse3 cx16 xtpr pdcm pcid sse4_1 sse4_2 x2apic popcnt tsc_deadline_timer xsave avx lahf_lm arat epb xsaveopt pln pts dtherm tpr_shadow vnmi flexpriority ept vpid
bogomips	: 4389.90
clflush size	: 64
cache_alignment	: 64
address sizes	: 36 bits physical, 48 bits virtual
power management:



Memory: 4k page, physical 3945468k(505796k free), swap 2035708k(2035708k free)

vm_info: OpenJDK 64-Bit Server VM (24.79-b02) for linux-amd64 JRE (1.7.0_79-b14), built on Jul 24 2015 08:15:54 by "buildd" with gcc 4.8.2

time: Sat Oct 17 01:53:01 2015
elapsed time: 21 seconds

